[ 2017-05-01T14:39:37+08:00 ] ::1 /TGW/origin/admin.php
INFO: [ app_init ] --START--
INFO: Run Behavior\BuildLiteBehavior [ RunTime:0.000025s ]
INFO: [ app_init ] --END-- [ RunTime:0.000474s ]
INFO: [ app_begin ] --START--
INFO: Run Behavior\ReadHtmlCacheBehavior [ RunTime:0.000865s ]
INFO: [ app_begin ] --END-- [ RunTime:0.001005s ]
NOTIC: [2048] Declaration of Common\Model\NewsModel::find() should be compatible with Think\Model::find($options = Array) C:\wamp64\www\TGW\origin\Application\Common\Model\NewsModel.class.php 第 10 行.
SQL: SHOW COLUMNS FROM `news` [ RunTime:0.0009s ]
SQL: SELECT * FROM `news` WHERE `status` = 1 ORDER BY count desc LIMIT 1   [ RunTime:0.0004s ]
SQL: SELECT COUNT(*) AS tp_count FROM `news` WHERE `status` <> -1 LIMIT 1   [ RunTime:0.0008s ]
NOTIC: [2048] Declaration of Common\Model\PositionModel::find() should be compatible with Think\Model::find($options = Array) C:\wamp64\www\TGW\origin\Application\Common\Model\PositionModel.class.php 第 86 行.
SQL: SHOW COLUMNS FROM `position` [ RunTime:0.0009s ]
SQL: SELECT COUNT(*) AS tp_count FROM `position` WHERE `status` <> -1 LIMIT 1   [ RunTime:0.0004s ]
SQL: SHOW COLUMNS FROM `admin` [ RunTime:0.0009s ]
SQL: SELECT COUNT(*) AS tp_count FROM `admin` WHERE `status` = 1 AND `lastlogintime` > 1493568000 LIMIT 1   [ RunTime:0.0003s ]
NOTIC: [2] Illegal string offset 'tp_count' C:\wamp64\www\TGW\origin\Application\Common\Model\AdminModel.class.php 第 64 行.
INFO: [ view_parse ] --START--
NOTIC: [2] file_get_contents(Index/footer.html): failed to open stream: No such file or directory C:\wamp64\www\TGW\origin\ThinkPHP\Library\Think\Template.class.php 第 696 行.
INFO: [ template_filter ] --START--
INFO: Run Behavior\ContentReplaceBehavior [ RunTime:0.000097s ]
INFO: [ template_filter ] --END-- [ RunTime:0.000215s ]
NOTIC: [2048] Declaration of Common\Model\MenuModel::find() should be compatible with Think\Model::find($options = Array) C:\wamp64\www\TGW\origin\Application\Common\Model\MenuModel.class.php 第 87 行.
SQL: SHOW COLUMNS FROM `menu` [ RunTime:0.0012s ]
SQL: SELECT * FROM `menu` WHERE `status` = 1 AND `type` = 1 ORDER BY listorder desc , menu_id desc  [ RunTime:0.0005s ]
NOTIC: [8] Undefined index: adminUser C:\wamp64\www\TGW\origin\Application\Common\Common\function.php 第 77 行.
NOTIC: [8] Undefined index: adminUser C:\wamp64\www\TGW\origin\Application\Common\Common\function.php 第 77 行.
NOTIC: [8] Undefined index: a C:\wamp64\www\TGW\origin\Application\Common\Common\function.php 第 51 行.
NOTIC: [8] Undefined index: a C:\wamp64\www\TGW\origin\Application\Common\Common\function.php 第 51 行.
NOTIC: [8] Undefined index: a C:\wamp64\www\TGW\origin\Application\Common\Common\function.php 第 51 行.
NOTIC: [8] Undefined index: a C:\wamp64\www\TGW\origin\Application\Common\Common\function.php 第 51 行.
NOTIC: [8] Undefined index: a C:\wamp64\www\TGW\origin\Application\Common\Common\function.php 第 51 行.
INFO: Run Behavior\ParseTemplateBehavior [ RunTime:0.047015s ]
INFO: [ view_parse ] --END-- [ RunTime:0.047143s ]
INFO: [ view_filter ] --START--
INFO: Run Behavior\WriteHtmlCacheBehavior [ RunTime:0.000639s ]
INFO: [ view_filter ] --END-- [ RunTime:0.000757s ]
INFO: [ app_end ] --START--
INFO: Run Behavior\ShowPageTraceBehavior [ RunTime:0.000835s ]
INFO: [ app_end ] --END-- [ RunTime:0.000964s ]

[ 2017-05-01T14:40:13+08:00 ] ::1 /TGW/origin/admin.php?c=menu
INFO: [ app_init ] --START--
INFO: Run Behavior\BuildLiteBehavior [ RunTime:0.000081s ]
INFO: [ app_init ] --END-- [ RunTime:0.000668s ]
INFO: [ app_begin ] --START--
INFO: Run Behavior\ReadHtmlCacheBehavior [ RunTime:0.003754s ]
INFO: [ app_begin ] --END-- [ RunTime:0.003894s ]
NOTIC: [8] Undefined index: p C:\wamp64\www\TGW\origin\Application\Admin\Controller\MenuController.class.php 第 24 行.
NOTIC: [8] Undefined index: pageSize C:\wamp64\www\TGW\origin\Application\Admin\Controller\MenuController.class.php 第 25 行.
NOTIC: [2048] Declaration of Common\Model\MenuModel::find() should be compatible with Think\Model::find($options = Array) C:\wamp64\www\TGW\origin\Application\Common\Model\MenuModel.class.php 第 5 行.
SQL: SHOW COLUMNS FROM `menu` [ RunTime:0.0014s ]
SQL: SELECT * FROM `menu` WHERE `status` <> -1 ORDER BY listorder desc , menu_id desc LIMIT 0,5   [ RunTime:0.0006s ]
SQL: SELECT COUNT(*) AS tp_count FROM `menu` WHERE `status` <> -1 LIMIT 1   [ RunTime:0.0004s ]
INFO: [ view_parse ] --START--
INFO: [ template_filter ] --START--
INFO: Run Behavior\ContentReplaceBehavior [ RunTime:0.000106s ]
INFO: [ template_filter ] --END-- [ RunTime:0.000237s ]
SQL: SELECT * FROM `menu` WHERE `status` = 1 AND `type` = 1 ORDER BY listorder desc , menu_id desc  [ RunTime:0.0004s ]
NOTIC: [8] Undefined index: adminUser C:\wamp64\www\TGW\origin\Application\Common\Common\function.php 第 77 行.
NOTIC: [8] Undefined index: adminUser C:\wamp64\www\TGW\origin\Application\Common\Common\function.php 第 77 行.
NOTIC: [8] Undefined index: a C:\wamp64\www\TGW\origin\Application\Common\Common\function.php 第 51 行.
NOTIC: [8] Undefined index: a C:\wamp64\www\TGW\origin\Application\Common\Common\function.php 第 51 行.
NOTIC: [8] Undefined index: a C:\wamp64\www\TGW\origin\Application\Common\Common\function.php 第 51 行.
NOTIC: [8] Undefined index: a C:\wamp64\www\TGW\origin\Application\Common\Common\function.php 第 51 行.
NOTIC: [8] Undefined index: a C:\wamp64\www\TGW\origin\Application\Common\Common\function.php 第 51 行.
INFO: Run Behavior\ParseTemplateBehavior [ RunTime:0.087503s ]
INFO: [ view_parse ] --END-- [ RunTime:0.087631s ]
INFO: [ view_filter ] --START--
INFO: Run Behavior\WriteHtmlCacheBehavior [ RunTime:0.000609s ]
INFO: [ view_filter ] --END-- [ RunTime:0.000720s ]
INFO: [ app_end ] --START--
INFO: Run Behavior\ShowPageTraceBehavior [ RunTime:0.000790s ]
INFO: [ app_end ] --END-- [ RunTime:0.000915s ]

[ 2017-05-01T14:40:19+08:00 ] ::1 /TGW/origin/admin.php?c=menu
INFO: [ app_init ] --START--
INFO: Run Behavior\BuildLiteBehavior [ RunTime:0.000031s ]
INFO: [ app_init ] --END-- [ RunTime:0.000639s ]
INFO: [ app_begin ] --START--
INFO: Run Behavior\ReadHtmlCacheBehavior [ RunTime:0.000763s ]
INFO: [ app_begin ] --END-- [ RunTime:0.000907s ]
NOTIC: [8] Undefined index: p C:\wamp64\www\TGW\origin\Application\Admin\Controller\MenuController.class.php 第 24 行.
NOTIC: [8] Undefined index: pageSize C:\wamp64\www\TGW\origin\Application\Admin\Controller\MenuController.class.php 第 25 行.
NOTIC: [2048] Declaration of Common\Model\MenuModel::find() should be compatible with Think\Model::find($options = Array) C:\wamp64\www\TGW\origin\Application\Common\Model\MenuModel.class.php 第 5 行.
SQL: SHOW COLUMNS FROM `menu` [ RunTime:0.0012s ]
SQL: SELECT * FROM `menu` WHERE `status` <> -1 ORDER BY listorder desc , menu_id desc LIMIT 0,5   [ RunTime:0.0006s ]
SQL: SELECT COUNT(*) AS tp_count FROM `menu` WHERE `status` <> -1 LIMIT 1   [ RunTime:0.0003s ]
INFO: [ view_parse ] --START--
INFO: [ template_filter ] --START--
INFO: Run Behavior\ContentReplaceBehavior [ RunTime:0.000117s ]
INFO: [ template_filter ] --END-- [ RunTime:0.000245s ]
SQL: SELECT * FROM `menu` WHERE `status` = 1 AND `type` = 1 ORDER BY listorder desc , menu_id desc  [ RunTime:0.0005s ]
NOTIC: [8] Undefined index: adminUser C:\wamp64\www\TGW\origin\Application\Common\Common\function.php 第 77 行.
NOTIC: [8] Undefined index: adminUser C:\wamp64\www\TGW\origin\Application\Common\Common\function.php 第 77 行.
NOTIC: [8] Undefined index: a C:\wamp64\www\TGW\origin\Application\Common\Common\function.php 第 51 行.
NOTIC: [8] Undefined index: a C:\wamp64\www\TGW\origin\Application\Common\Common\function.php 第 51 行.
NOTIC: [8] Undefined index: a C:\wamp64\www\TGW\origin\Application\Common\Common\function.php 第 51 行.
NOTIC: [8] Undefined index: a C:\wamp64\www\TGW\origin\Application\Common\Common\function.php 第 51 行.
NOTIC: [8] Undefined index: a C:\wamp64\www\TGW\origin\Application\Common\Common\function.php 第 51 行.
INFO: Run Behavior\ParseTemplateBehavior [ RunTime:0.043198s ]
INFO: [ view_parse ] --END-- [ RunTime:0.043314s ]
INFO: [ view_filter ] --START--
INFO: Run Behavior\WriteHtmlCacheBehavior [ RunTime:0.000598s ]
INFO: [ view_filter ] --END-- [ RunTime:0.000712s ]
INFO: [ app_end ] --START--
INFO: Run Behavior\ShowPageTraceBehavior [ RunTime:0.000764s ]
INFO: [ app_end ] --END-- [ RunTime:0.000892s ]

[ 2017-05-01T14:40:27+08:00 ] ::1 /TGW/origin/admin.php?m=admin&c=login&a=loginout
INFO: [ app_init ] --START--
INFO: Run Behavior\BuildLiteBehavior [ RunTime:0.000027s ]
INFO: [ app_init ] --END-- [ RunTime:0.000480s ]
INFO: [ app_begin ] --START--
INFO: Run Behavior\ReadHtmlCacheBehavior [ RunTime:0.000632s ]
INFO: [ app_begin ] --END-- [ RunTime:0.000765s ]

[ 2017-05-01T14:40:27+08:00 ] ::1 /TGW/origin/admin.php?m=Admin&c=Login&a=index.php&m=admin&c=login&a=index
INFO: [ app_init ] --START--
INFO: Run Behavior\BuildLiteBehavior [ RunTime:0.000026s ]
INFO: [ app_init ] --END-- [ RunTime:0.000471s ]
INFO: [ app_begin ] --START--
INFO: Run Behavior\ReadHtmlCacheBehavior [ RunTime:0.000632s ]
INFO: [ app_begin ] --END-- [ RunTime:0.000764s ]
INFO: [ view_parse ] --START--
INFO: [ template_filter ] --START--
INFO: Run Behavior\ContentReplaceBehavior [ RunTime:0.000091s ]
INFO: [ template_filter ] --END-- [ RunTime:0.000290s ]
INFO: Run Behavior\ParseTemplateBehavior [ RunTime:0.021928s ]
INFO: [ view_parse ] --END-- [ RunTime:0.022116s ]
INFO: [ view_filter ] --START--
INFO: Run Behavior\WriteHtmlCacheBehavior [ RunTime:0.000640s ]
INFO: [ view_filter ] --END-- [ RunTime:0.000809s ]
INFO: [ app_end ] --START--
INFO: Run Behavior\ShowPageTraceBehavior [ RunTime:0.000811s ]
INFO: [ app_end ] --END-- [ RunTime:0.000964s ]

[ 2017-05-01T14:40:28+08:00 ] ::1 /TGW/origin/admin.php?m=Admin&c=Login&a=index.php&m=admin&c=login&a=index
INFO: [ app_init ] --START--
INFO: Run Behavior\BuildLiteBehavior [ RunTime:0.000027s ]
INFO: [ app_init ] --END-- [ RunTime:0.000514s ]
INFO: [ app_begin ] --START--
INFO: Run Behavior\ReadHtmlCacheBehavior [ RunTime:0.000780s ]
INFO: [ app_begin ] --END-- [ RunTime:0.000920s ]
INFO: [ view_parse ] --START--
INFO: [ template_filter ] --START--
INFO: Run Behavior\ContentReplaceBehavior [ RunTime:0.000098s ]
INFO: [ template_filter ] --END-- [ RunTime:0.000260s ]
INFO: Run Behavior\ParseTemplateBehavior [ RunTime:0.007828s ]
INFO: [ view_parse ] --END-- [ RunTime:0.007986s ]
INFO: [ view_filter ] --START--
INFO: Run Behavior\WriteHtmlCacheBehavior [ RunTime:0.000719s ]
INFO: [ view_filter ] --END-- [ RunTime:0.000881s ]
INFO: [ app_end ] --START--
INFO: Run Behavior\ShowPageTraceBehavior [ RunTime:0.001054s ]
INFO: [ app_end ] --END-- [ RunTime:0.001225s ]

[ 2017-05-01T14:40:30+08:00 ] ::1 /TGW/origin/index.php?m=admin&c=login&a=check
INFO: [ app_init ] --START--
INFO: Run Behavior\BuildLiteBehavior [ RunTime:0.000089s ]
INFO: [ app_init ] --END-- [ RunTime:0.001911s ]
INFO: [ app_begin ] --START--
INFO: Run Behavior\ReadHtmlCacheBehavior [ RunTime:0.001864s ]
INFO: [ app_begin ] --END-- [ RunTime:0.002148s ]
SQL: SHOW COLUMNS FROM `admin` [ RunTime:0.0014s ]
SQL: SELECT * FROM `admin` WHERE ( username="admin" ) LIMIT 1   [ RunTime:0.0008s ]
SQL: UPDATE `admin` SET `lastlogintime`='1493620830' WHERE ( admin_id=2 ) [ RunTime:0.0084s ]

[ 2017-05-01T14:40:32+08:00 ] ::1 /TGW/origin/index.php?m=admin&c=index
INFO: [ app_init ] --START--
INFO: Run Behavior\BuildLiteBehavior [ RunTime:0.000028s ]
INFO: [ app_init ] --END-- [ RunTime:0.000534s ]
INFO: [ app_begin ] --START--
INFO: Run Behavior\ReadHtmlCacheBehavior [ RunTime:0.000750s ]
INFO: [ app_begin ] --END-- [ RunTime:0.000903s ]
NOTIC: [2048] Declaration of Common\Model\NewsModel::find() should be compatible with Think\Model::find($options = Array) C:\wamp64\www\TGW\origin\Application\Common\Model\NewsModel.class.php 第 10 行.
SQL: SHOW COLUMNS FROM `news` [ RunTime:0.0010s ]
SQL: SELECT * FROM `news` WHERE `status` = 1 ORDER BY count desc LIMIT 1   [ RunTime:0.0004s ]
SQL: SELECT COUNT(*) AS tp_count FROM `news` WHERE `status` <> -1 LIMIT 1   [ RunTime:0.0003s ]
NOTIC: [2048] Declaration of Common\Model\PositionModel::find() should be compatible with Think\Model::find($options = Array) C:\wamp64\www\TGW\origin\Application\Common\Model\PositionModel.class.php 第 86 行.
SQL: SHOW COLUMNS FROM `position` [ RunTime:0.0008s ]
SQL: SELECT COUNT(*) AS tp_count FROM `position` WHERE `status` <> -1 LIMIT 1   [ RunTime:0.0003s ]
SQL: SHOW COLUMNS FROM `admin` [ RunTime:0.0066s ]
SQL: SELECT COUNT(*) AS tp_count FROM `admin` WHERE `status` = 1 AND `lastlogintime` > 1493568000 LIMIT 1   [ RunTime:0.0003s ]
NOTIC: [2] Illegal string offset 'tp_count' C:\wamp64\www\TGW\origin\Application\Common\Model\AdminModel.class.php 第 64 行.
INFO: [ view_parse ] --START--
NOTIC: [2] file_get_contents(Index/footer.html): failed to open stream: No such file or directory C:\wamp64\www\TGW\origin\ThinkPHP\Library\Think\Template.class.php 第 696 行.
INFO: [ template_filter ] --START--
INFO: Run Behavior\ContentReplaceBehavior [ RunTime:0.000095s ]
INFO: [ template_filter ] --END-- [ RunTime:0.000213s ]
NOTIC: [2048] Declaration of Common\Model\MenuModel::find() should be compatible with Think\Model::find($options = Array) C:\wamp64\www\TGW\origin\Application\Common\Model\MenuModel.class.php 第 87 行.
SQL: SHOW COLUMNS FROM `menu` [ RunTime:0.0009s ]
SQL: SELECT * FROM `menu` WHERE `status` = 1 AND `type` = 1 ORDER BY listorder desc , menu_id desc  [ RunTime:0.0004s ]
NOTIC: [8] Undefined index: a C:\wamp64\www\TGW\origin\Application\Common\Common\function.php 第 51 行.
NOTIC: [8] Undefined index: a C:\wamp64\www\TGW\origin\Application\Common\Common\function.php 第 51 行.
NOTIC: [8] Undefined index: a C:\wamp64\www\TGW\origin\Application\Common\Common\function.php 第 51 行.
NOTIC: [8] Undefined index: a C:\wamp64\www\TGW\origin\Application\Common\Common\function.php 第 51 行.
NOTIC: [8] Undefined index: a C:\wamp64\www\TGW\origin\Application\Common\Common\function.php 第 51 行.
NOTIC: [8] Undefined index: a C:\wamp64\www\TGW\origin\Application\Common\Common\function.php 第 51 行.
INFO: Run Behavior\ParseTemplateBehavior [ RunTime:0.030965s ]
INFO: [ view_parse ] --END-- [ RunTime:0.031086s ]
INFO: [ view_filter ] --START--
INFO: Run Behavior\WriteHtmlCacheBehavior [ RunTime:0.000520s ]
INFO: [ view_filter ] --END-- [ RunTime:0.000632s ]
INFO: [ app_end ] --START--
INFO: Run Behavior\ShowPageTraceBehavior [ RunTime:0.000783s ]
INFO: [ app_end ] --END-- [ RunTime:0.000919s ]

[ 2017-05-01T14:40:36+08:00 ] ::1 /TGW/origin/admin.php?c=menu
INFO: [ app_init ] --START--
INFO: Run Behavior\BuildLiteBehavior [ RunTime:0.000044s ]
INFO: [ app_init ] --END-- [ RunTime:0.000829s ]
INFO: [ app_begin ] --START--
INFO: Run Behavior\ReadHtmlCacheBehavior [ RunTime:0.000675s ]
INFO: [ app_begin ] --END-- [ RunTime:0.000812s ]
NOTIC: [8] Undefined index: p C:\wamp64\www\TGW\origin\Application\Admin\Controller\MenuController.class.php 第 24 行.
NOTIC: [8] Undefined index: pageSize C:\wamp64\www\TGW\origin\Application\Admin\Controller\MenuController.class.php 第 25 行.
NOTIC: [2048] Declaration of Common\Model\MenuModel::find() should be compatible with Think\Model::find($options = Array) C:\wamp64\www\TGW\origin\Application\Common\Model\MenuModel.class.php 第 5 行.
SQL: SHOW COLUMNS FROM `menu` [ RunTime:0.0008s ]
SQL: SELECT * FROM `menu` WHERE `status` <> -1 ORDER BY listorder desc , menu_id desc LIMIT 0,5   [ RunTime:0.0004s ]
SQL: SELECT COUNT(*) AS tp_count FROM `menu` WHERE `status` <> -1 LIMIT 1   [ RunTime:0.0003s ]
INFO: [ view_parse ] --START--
INFO: [ template_filter ] --START--
INFO: Run Behavior\ContentReplaceBehavior [ RunTime:0.000103s ]
INFO: [ template_filter ] --END-- [ RunTime:0.000222s ]
SQL: SELECT * FROM `menu` WHERE `status` = 1 AND `type` = 1 ORDER BY listorder desc , menu_id desc  [ RunTime:0.0004s ]
NOTIC: [8] Undefined index: a C:\wamp64\www\TGW\origin\Application\Common\Common\function.php 第 51 行.
NOTIC: [8] Undefined index: a C:\wamp64\www\TGW\origin\Application\Common\Common\function.php 第 51 行.
NOTIC: [8] Undefined index: a C:\wamp64\www\TGW\origin\Application\Common\Common\function.php 第 51 行.
NOTIC: [8] Undefined index: a C:\wamp64\www\TGW\origin\Application\Common\Common\function.php 第 51 行.
NOTIC: [8] Undefined index: a C:\wamp64\www\TGW\origin\Application\Common\Common\function.php 第 51 行.
NOTIC: [8] Undefined index: a C:\wamp64\www\TGW\origin\Application\Common\Common\function.php 第 51 行.
INFO: Run Behavior\ParseTemplateBehavior [ RunTime:0.040940s ]
INFO: [ view_parse ] --END-- [ RunTime:0.041055s ]
INFO: [ view_filter ] --START--
INFO: Run Behavior\WriteHtmlCacheBehavior [ RunTime:0.000513s ]
INFO: [ view_filter ] --END-- [ RunTime:0.000622s ]
INFO: [ app_end ] --START--
INFO: Run Behavior\ShowPageTraceBehavior [ RunTime:0.000694s ]
INFO: [ app_end ] --END-- [ RunTime:0.000823s ]

[ 2017-05-01T14:40:38+08:00 ] ::1 /TGW/origin/admin.php?c=menu&a=add
INFO: [ app_init ] --START--
INFO: Run Behavior\BuildLiteBehavior [ RunTime:0.000027s ]
INFO: [ app_init ] --END-- [ RunTime:0.000483s ]
INFO: [ app_begin ] --START--
INFO: Run Behavior\ReadHtmlCacheBehavior [ RunTime:0.000660s ]
INFO: [ app_begin ] --END-- [ RunTime:0.000793s ]
INFO: [ view_parse ] --START--
INFO: [ template_filter ] --START--
INFO: Run Behavior\ContentReplaceBehavior [ RunTime:0.000096s ]
INFO: [ template_filter ] --END-- [ RunTime:0.000220s ]
NOTIC: [2048] Declaration of Common\Model\MenuModel::find() should be compatible with Think\Model::find($options = Array) C:\wamp64\www\TGW\origin\Application\Common\Model\MenuModel.class.php 第 5 行.
SQL: SHOW COLUMNS FROM `menu` [ RunTime:0.0008s ]
SQL: SELECT * FROM `menu` WHERE `status` = 1 AND `type` = 1 ORDER BY listorder desc , menu_id desc  [ RunTime:0.0004s ]
NOTIC: [8] Undefined index: a C:\wamp64\www\TGW\origin\Application\Common\Common\function.php 第 51 行.
NOTIC: [8] Undefined index: a C:\wamp64\www\TGW\origin\Application\Common\Common\function.php 第 51 行.
NOTIC: [8] Undefined index: a C:\wamp64\www\TGW\origin\Application\Common\Common\function.php 第 51 行.
NOTIC: [8] Undefined index: a C:\wamp64\www\TGW\origin\Application\Common\Common\function.php 第 51 行.
NOTIC: [8] Undefined index: a C:\wamp64\www\TGW\origin\Application\Common\Common\function.php 第 51 行.
NOTIC: [8] Undefined index: a C:\wamp64\www\TGW\origin\Application\Common\Common\function.php 第 51 行.
NOTIC: [8] Undefined variable: menus C:\wamp64\www\TGW\origin\Application\Runtime\Cache\Admin\31553d7bb41170a30982ff9dddd5d67e.php 第 201 行.
INFO: Run Behavior\ParseTemplateBehavior [ RunTime:0.067209s ]
INFO: [ view_parse ] --END-- [ RunTime:0.067369s ]
INFO: [ view_filter ] --START--
INFO: Run Behavior\WriteHtmlCacheBehavior [ RunTime:0.000768s ]
INFO: [ view_filter ] --END-- [ RunTime:0.000920s ]
INFO: [ app_end ] --START--
INFO: Run Behavior\ShowPageTraceBehavior [ RunTime:0.001082s ]
INFO: [ app_end ] --END-- [ RunTime:0.001280s ]

[ 2017-05-01T14:41:36+08:00 ] ::1 /TGW/origin/admin.php?c=menu&a=add
INFO: [ app_init ] --START--
INFO: Run Behavior\BuildLiteBehavior [ RunTime:0.000027s ]
INFO: [ app_init ] --END-- [ RunTime:0.000480s ]
INFO: [ app_begin ] --START--
INFO: Run Behavior\ReadHtmlCacheBehavior [ RunTime:0.000655s ]
INFO: [ app_begin ] --END-- [ RunTime:0.000766s ]
NOTIC: [8] Undefined index: menu_id C:\wamp64\www\TGW\origin\Application\Admin\Controller\MenuController.class.php 第 48 行.
NOTIC: [2048] Declaration of Common\Model\MenuModel::find() should be compatible with Think\Model::find($options = Array) C:\wamp64\www\TGW\origin\Application\Common\Model\MenuModel.class.php 第 5 行.
SQL: SHOW COLUMNS FROM `menu` [ RunTime:0.0009s ]
SQL: INSERT INTO `menu` (`name`,`type`,`m`,`c`,`f`,`status`) VALUES ('公事文件下载','1',' admin','Download','index','1') [ RunTime:0.0079s ]

[ 2017-05-01T14:41:38+08:00 ] ::1 /TGW/origin/admin.php?c=menu
INFO: [ app_init ] --START--
INFO: Run Behavior\BuildLiteBehavior [ RunTime:0.000034s ]
INFO: [ app_init ] --END-- [ RunTime:0.000658s ]
INFO: [ app_begin ] --START--
INFO: Run Behavior\ReadHtmlCacheBehavior [ RunTime:0.000770s ]
INFO: [ app_begin ] --END-- [ RunTime:0.000923s ]
NOTIC: [8] Undefined index: p C:\wamp64\www\TGW\origin\Application\Admin\Controller\MenuController.class.php 第 24 行.
NOTIC: [8] Undefined index: pageSize C:\wamp64\www\TGW\origin\Application\Admin\Controller\MenuController.class.php 第 25 行.
NOTIC: [2048] Declaration of Common\Model\MenuModel::find() should be compatible with Think\Model::find($options = Array) C:\wamp64\www\TGW\origin\Application\Common\Model\MenuModel.class.php 第 5 行.
SQL: SHOW COLUMNS FROM `menu` [ RunTime:0.0085s ]
SQL: SELECT * FROM `menu` WHERE `status` <> -1 ORDER BY listorder desc , menu_id desc LIMIT 0,5   [ RunTime:0.0005s ]
SQL: SELECT COUNT(*) AS tp_count FROM `menu` WHERE `status` <> -1 LIMIT 1   [ RunTime:0.0002s ]
INFO: [ view_parse ] --START--
INFO: [ template_filter ] --START--
INFO: Run Behavior\ContentReplaceBehavior [ RunTime:0.000099s ]
INFO: [ template_filter ] --END-- [ RunTime:0.000222s ]
SQL: SELECT * FROM `menu` WHERE `status` = 1 AND `type` = 1 ORDER BY listorder desc , menu_id desc  [ RunTime:0.0005s ]
NOTIC: [8] Undefined index: a C:\wamp64\www\TGW\origin\Application\Common\Common\function.php 第 51 行.
NOTIC: [8] Undefined index: a C:\wamp64\www\TGW\origin\Application\Common\Common\function.php 第 51 行.
NOTIC: [8] Undefined index: a C:\wamp64\www\TGW\origin\Application\Common\Common\function.php 第 51 行.
NOTIC: [8] Undefined index: a C:\wamp64\www\TGW\origin\Application\Common\Common\function.php 第 51 行.
NOTIC: [8] Undefined index: a C:\wamp64\www\TGW\origin\Application\Common\Common\function.php 第 51 行.
NOTIC: [8] Undefined index: a C:\wamp64\www\TGW\origin\Application\Common\Common\function.php 第 51 行.
NOTIC: [8] Undefined index: a C:\wamp64\www\TGW\origin\Application\Common\Common\function.php 第 51 行.
INFO: Run Behavior\ParseTemplateBehavior [ RunTime:0.045228s ]
INFO: [ view_parse ] --END-- [ RunTime:0.045359s ]
INFO: [ view_filter ] --START--
INFO: Run Behavior\WriteHtmlCacheBehavior [ RunTime:0.000518s ]
INFO: [ view_filter ] --END-- [ RunTime:0.000635s ]
INFO: [ app_end ] --START--
INFO: Run Behavior\ShowPageTraceBehavior [ RunTime:0.000732s ]
INFO: [ app_end ] --END-- [ RunTime:0.000865s ]

[ 2017-05-01T14:50:07+08:00 ] ::1 /TGW/origin/admin.php?c=Download
INFO: [ app_init ] --START--
INFO: Run Behavior\BuildLiteBehavior [ RunTime:0.000028s ]
INFO: [ app_init ] --END-- [ RunTime:0.000510s ]
INFO: [ app_begin ] --START--
INFO: Run Behavior\ReadHtmlCacheBehavior [ RunTime:0.000792s ]
INFO: [ app_begin ] --END-- [ RunTime:0.001000s ]
INFO: [ view_parse ] --START--
INFO: [ template_filter ] --START--
INFO: Run Behavior\ContentReplaceBehavior [ RunTime:0.000098s ]
INFO: [ template_filter ] --END-- [ RunTime:0.000226s ]
NOTIC: [2048] Declaration of Common\Model\MenuModel::find() should be compatible with Think\Model::find($options = Array) C:\wamp64\www\TGW\origin\Application\Common\Model\MenuModel.class.php 第 5 行.
SQL: SHOW COLUMNS FROM `menu` [ RunTime:0.0011s ]
SQL: SELECT * FROM `menu` WHERE `status` = 1 AND `type` = 1 ORDER BY listorder desc , menu_id desc  [ RunTime:0.0005s ]
NOTIC: [8] Undefined index: a C:\wamp64\www\TGW\origin\Application\Common\Common\function.php 第 51 行.
NOTIC: [8] Undefined index: a C:\wamp64\www\TGW\origin\Application\Common\Common\function.php 第 51 行.
NOTIC: [8] Undefined index: a C:\wamp64\www\TGW\origin\Application\Common\Common\function.php 第 51 行.
NOTIC: [8] Undefined index: a C:\wamp64\www\TGW\origin\Application\Common\Common\function.php 第 51 行.
NOTIC: [8] Undefined index: a C:\wamp64\www\TGW\origin\Application\Common\Common\function.php 第 51 行.
NOTIC: [8] Undefined index: a C:\wamp64\www\TGW\origin\Application\Common\Common\function.php 第 51 行.
NOTIC: [8] Undefined index: a C:\wamp64\www\TGW\origin\Application\Common\Common\function.php 第 51 行.
NOTIC: [8] Undefined variable: positions C:\wamp64\www\TGW\origin\Application\Runtime\Cache\Admin\cf163a8acf234feaff550cec8cc8877a.php 第 122 行.
NOTIC: [8] Undefined variable: pageRes C:\wamp64\www\TGW\origin\Application\Runtime\Cache\Admin\cf163a8acf234feaff550cec8cc8877a.php 第 138 行.
INFO: Run Behavior\ParseTemplateBehavior [ RunTime:0.057116s ]
INFO: [ view_parse ] --END-- [ RunTime:0.057248s ]
INFO: [ view_filter ] --START--
INFO: Run Behavior\WriteHtmlCacheBehavior [ RunTime:0.000794s ]
INFO: [ view_filter ] --END-- [ RunTime:0.000921s ]
INFO: [ app_end ] --START--
INFO: Run Behavior\ShowPageTraceBehavior [ RunTime:0.000762s ]
INFO: [ app_end ] --END-- [ RunTime:0.000896s ]

[ 2017-05-01T14:51:48+08:00 ] ::1 /TGW/origin/admin.php?c=Download
INFO: [ app_init ] --START--
INFO: Run Behavior\BuildLiteBehavior [ RunTime:0.000029s ]
INFO: [ app_init ] --END-- [ RunTime:0.000584s ]
INFO: [ app_begin ] --START--
INFO: Run Behavior\ReadHtmlCacheBehavior [ RunTime:0.001056s ]
INFO: [ app_begin ] --END-- [ RunTime:0.001228s ]
INFO: [ view_parse ] --START--
INFO: [ template_filter ] --START--
INFO: Run Behavior\ContentReplaceBehavior [ RunTime:0.000097s ]
INFO: [ template_filter ] --END-- [ RunTime:0.000224s ]
NOTIC: [2048] Declaration of Common\Model\MenuModel::find() should be compatible with Think\Model::find($options = Array) C:\wamp64\www\TGW\origin\Application\Common\Model\MenuModel.class.php 第 5 行.
SQL: SHOW COLUMNS FROM `menu` [ RunTime:0.0012s ]
SQL: SELECT * FROM `menu` WHERE `status` = 1 AND `type` = 1 ORDER BY listorder desc , menu_id desc  [ RunTime:0.0004s ]
NOTIC: [8] Undefined index: a C:\wamp64\www\TGW\origin\Application\Common\Common\function.php 第 51 行.
NOTIC: [8] Undefined index: a C:\wamp64\www\TGW\origin\Application\Common\Common\function.php 第 51 行.
NOTIC: [8] Undefined index: a C:\wamp64\www\TGW\origin\Application\Common\Common\function.php 第 51 行.
NOTIC: [8] Undefined index: a C:\wamp64\www\TGW\origin\Application\Common\Common\function.php 第 51 行.
NOTIC: [8] Undefined index: a C:\wamp64\www\TGW\origin\Application\Common\Common\function.php 第 51 行.
NOTIC: [8] Undefined index: a C:\wamp64\www\TGW\origin\Application\Common\Common\function.php 第 51 行.
NOTIC: [8] Undefined index: a C:\wamp64\www\TGW\origin\Application\Common\Common\function.php 第 51 行.
NOTIC: [8] Undefined variable: positions C:\wamp64\www\TGW\origin\Application\Runtime\Cache\Admin\cf163a8acf234feaff550cec8cc8877a.php 第 123 行.
NOTIC: [8] Undefined variable: pageRes C:\wamp64\www\TGW\origin\Application\Runtime\Cache\Admin\cf163a8acf234feaff550cec8cc8877a.php 第 139 行.
INFO: Run Behavior\ParseTemplateBehavior [ RunTime:0.077494s ]
INFO: [ view_parse ] --END-- [ RunTime:0.077626s ]
INFO: [ view_filter ] --START--
INFO: Run Behavior\WriteHtmlCacheBehavior [ RunTime:0.000555s ]
INFO: [ view_filter ] --END-- [ RunTime:0.000675s ]
INFO: [ app_end ] --START--
INFO: Run Behavior\ShowPageTraceBehavior [ RunTime:0.000698s ]
INFO: [ app_end ] --END-- [ RunTime:0.000825s ]

