[ 2017-05-02T21:17:38+08:00 ] ::1 /TGW/origin/admin.php
INFO: [ app_init ] --START--
INFO: Run Behavior\BuildLiteBehavior [ RunTime:0.000028s ]
INFO: [ app_init ] --END-- [ RunTime:0.000474s ]
INFO: [ app_begin ] --START--
INFO: Run Behavior\ReadHtmlCacheBehavior [ RunTime:0.000643s ]
INFO: [ app_begin ] --END-- [ RunTime:0.000778s ]
NOTIC: [2048] Declaration of Common\Model\NewsModel::find() should be compatible with Think\Model::find($options = Array) C:\wamp64\www\TGW\origin\Application\Common\Model\NewsModel.class.php 第 10 行.
SQL: SHOW COLUMNS FROM `news` [ RunTime:0.0132s ]
SQL: SELECT * FROM `news` WHERE `status` = 1 ORDER BY count desc LIMIT 1   [ RunTime:0.0004s ]
SQL: SELECT COUNT(*) AS tp_count FROM `news` WHERE `status` <> -1 LIMIT 1   [ RunTime:0.0024s ]
NOTIC: [2048] Declaration of Common\Model\PositionModel::find() should be compatible with Think\Model::find($options = Array) C:\wamp64\www\TGW\origin\Application\Common\Model\PositionModel.class.php 第 86 行.
SQL: SHOW COLUMNS FROM `position` [ RunTime:0.0131s ]
SQL: SELECT COUNT(*) AS tp_count FROM `position` WHERE `status` <> -1 LIMIT 1   [ RunTime:0.0004s ]
SQL: SHOW COLUMNS FROM `admin` [ RunTime:0.0105s ]
SQL: SELECT COUNT(*) AS tp_count FROM `admin` WHERE `status` = 1 AND `lastlogintime` > 1493654400 LIMIT 1   [ RunTime:0.0004s ]
NOTIC: [2] Illegal string offset 'tp_count' C:\wamp64\www\TGW\origin\Application\Common\Model\AdminModel.class.php 第 64 行.
INFO: [ view_parse ] --START--
NOTIC: [2] file_get_contents(Index/footer.html): failed to open stream: No such file or directory C:\wamp64\www\TGW\origin\ThinkPHP\Library\Think\Template.class.php 第 696 行.
INFO: [ template_filter ] --START--
INFO: Run Behavior\ContentReplaceBehavior [ RunTime:0.000143s ]
INFO: [ template_filter ] --END-- [ RunTime:0.000310s ]
NOTIC: [2048] Declaration of Common\Model\MenuModel::find() should be compatible with Think\Model::find($options = Array) C:\wamp64\www\TGW\origin\Application\Common\Model\MenuModel.class.php 第 87 行.
SQL: SHOW COLUMNS FROM `menu` [ RunTime:0.0009s ]
SQL: SELECT * FROM `menu` WHERE `status` = 1 AND `type` = 1 ORDER BY listorder desc , menu_id desc  [ RunTime:0.0004s ]
NOTIC: [8] Undefined index: adminUser C:\wamp64\www\TGW\origin\Application\Common\Common\function.php 第 77 行.
NOTIC: [8] Undefined index: adminUser C:\wamp64\www\TGW\origin\Application\Common\Common\function.php 第 77 行.
NOTIC: [8] Undefined index: a C:\wamp64\www\TGW\origin\Application\Common\Common\function.php 第 51 行.
NOTIC: [8] Undefined index: a C:\wamp64\www\TGW\origin\Application\Common\Common\function.php 第 51 行.
NOTIC: [8] Undefined index: a C:\wamp64\www\TGW\origin\Application\Common\Common\function.php 第 51 行.
NOTIC: [8] Undefined index: a C:\wamp64\www\TGW\origin\Application\Common\Common\function.php 第 51 行.
NOTIC: [8] Undefined index: a C:\wamp64\www\TGW\origin\Application\Common\Common\function.php 第 51 行.
NOTIC: [8] Undefined index: a C:\wamp64\www\TGW\origin\Application\Common\Common\function.php 第 51 行.
INFO: Run Behavior\ParseTemplateBehavior [ RunTime:0.051578s ]
INFO: [ view_parse ] --END-- [ RunTime:0.051701s ]
INFO: [ view_filter ] --START--
INFO: Run Behavior\WriteHtmlCacheBehavior [ RunTime:0.000525s ]
INFO: [ view_filter ] --END-- [ RunTime:0.000636s ]
INFO: [ app_end ] --START--
INFO: Run Behavior\ShowPageTraceBehavior [ RunTime:0.000683s ]
INFO: [ app_end ] --END-- [ RunTime:0.000816s ]

[ 2017-05-02T21:17:39+08:00 ] ::1 /TGW/origin/admin.php?c=Download
INFO: [ app_init ] --START--
INFO: Run Behavior\BuildLiteBehavior [ RunTime:0.000029s ]
INFO: [ app_init ] --END-- [ RunTime:0.000458s ]
INFO: [ app_begin ] --START--
INFO: Run Behavior\ReadHtmlCacheBehavior [ RunTime:0.000532s ]
INFO: [ app_begin ] --END-- [ RunTime:0.000656s ]
INFO: [ view_parse ] --START--
INFO: [ template_filter ] --START--
INFO: Run Behavior\ContentReplaceBehavior [ RunTime:0.000099s ]
INFO: [ template_filter ] --END-- [ RunTime:0.000221s ]
NOTIC: [2048] Declaration of Common\Model\MenuModel::find() should be compatible with Think\Model::find($options = Array) C:\wamp64\www\TGW\origin\Application\Common\Model\MenuModel.class.php 第 5 行.
SQL: SHOW COLUMNS FROM `menu` [ RunTime:0.0009s ]
SQL: SELECT * FROM `menu` WHERE `status` = 1 AND `type` = 1 ORDER BY listorder desc , menu_id desc  [ RunTime:0.0004s ]
NOTIC: [8] Undefined index: adminUser C:\wamp64\www\TGW\origin\Application\Common\Common\function.php 第 77 行.
NOTIC: [8] Undefined index: adminUser C:\wamp64\www\TGW\origin\Application\Common\Common\function.php 第 77 行.
NOTIC: [8] Undefined index: a C:\wamp64\www\TGW\origin\Application\Common\Common\function.php 第 51 行.
NOTIC: [8] Undefined index: a C:\wamp64\www\TGW\origin\Application\Common\Common\function.php 第 51 行.
NOTIC: [8] Undefined index: a C:\wamp64\www\TGW\origin\Application\Common\Common\function.php 第 51 行.
NOTIC: [8] Undefined index: a C:\wamp64\www\TGW\origin\Application\Common\Common\function.php 第 51 行.
NOTIC: [8] Undefined index: a C:\wamp64\www\TGW\origin\Application\Common\Common\function.php 第 51 行.
NOTIC: [8] Undefined index: a C:\wamp64\www\TGW\origin\Application\Common\Common\function.php 第 51 行.
NOTIC: [8] Undefined variable: positions C:\wamp64\www\TGW\origin\Application\Runtime\Cache\Admin\cf163a8acf234feaff550cec8cc8877a.php 第 123 行.
NOTIC: [8] Undefined variable: pageRes C:\wamp64\www\TGW\origin\Application\Runtime\Cache\Admin\cf163a8acf234feaff550cec8cc8877a.php 第 139 行.
INFO: Run Behavior\ParseTemplateBehavior [ RunTime:0.077280s ]
INFO: [ view_parse ] --END-- [ RunTime:0.077401s ]
INFO: [ view_filter ] --START--
INFO: Run Behavior\WriteHtmlCacheBehavior [ RunTime:0.000512s ]
INFO: [ view_filter ] --END-- [ RunTime:0.000622s ]
INFO: [ app_end ] --START--
INFO: Run Behavior\ShowPageTraceBehavior [ RunTime:0.000684s ]
INFO: [ app_end ] --END-- [ RunTime:0.000813s ]

[ 2017-05-02T22:07:10+08:00 ] ::1 /TGW/origin/admin.php
INFO: [ app_init ] --START--
INFO: Run Behavior\BuildLiteBehavior [ RunTime:0.000027s ]
INFO: [ app_init ] --END-- [ RunTime:0.000424s ]
INFO: [ app_begin ] --START--
INFO: Run Behavior\ReadHtmlCacheBehavior [ RunTime:0.000519s ]
INFO: [ app_begin ] --END-- [ RunTime:0.000713s ]
NOTIC: [2048] Declaration of Common\Model\NewsModel::find() should be compatible with Think\Model::find($options = Array) C:\wamp64\www\TGW\origin\Application\Common\Model\NewsModel.class.php 第 10 行.
SQL: SHOW COLUMNS FROM `news` [ RunTime:0.0071s ]
SQL: SELECT * FROM `news` WHERE `status` = 1 ORDER BY count desc LIMIT 1   [ RunTime:0.0004s ]
SQL: SELECT COUNT(*) AS tp_count FROM `news` WHERE `status` <> -1 LIMIT 1   [ RunTime:0.0003s ]
NOTIC: [2048] Declaration of Common\Model\PositionModel::find() should be compatible with Think\Model::find($options = Array) C:\wamp64\www\TGW\origin\Application\Common\Model\PositionModel.class.php 第 86 行.
SQL: SHOW COLUMNS FROM `position` [ RunTime:0.0043s ]
SQL: SELECT COUNT(*) AS tp_count FROM `position` WHERE `status` <> -1 LIMIT 1   [ RunTime:0.0004s ]
SQL: SHOW COLUMNS FROM `admin` [ RunTime:0.0039s ]
SQL: SELECT COUNT(*) AS tp_count FROM `admin` WHERE `status` = 1 AND `lastlogintime` > 1493654400 LIMIT 1   [ RunTime:0.0003s ]
NOTIC: [2] Illegal string offset 'tp_count' C:\wamp64\www\TGW\origin\Application\Common\Model\AdminModel.class.php 第 64 行.
INFO: [ view_parse ] --START--
NOTIC: [2] file_get_contents(Index/footer.html): failed to open stream: No such file or directory C:\wamp64\www\TGW\origin\ThinkPHP\Library\Think\Template.class.php 第 696 行.
INFO: [ template_filter ] --START--
INFO: Run Behavior\ContentReplaceBehavior [ RunTime:0.000099s ]
INFO: [ template_filter ] --END-- [ RunTime:0.000222s ]
NOTIC: [2048] Declaration of Common\Model\MenuModel::find() should be compatible with Think\Model::find($options = Array) C:\wamp64\www\TGW\origin\Application\Common\Model\MenuModel.class.php 第 87 行.
SQL: SHOW COLUMNS FROM `menu` [ RunTime:0.0006s ]
SQL: SELECT * FROM `menu` WHERE `status` = 1 AND `type` = 1 ORDER BY listorder desc , menu_id desc  [ RunTime:0.0004s ]
NOTIC: [8] Undefined index: adminUser C:\wamp64\www\TGW\origin\Application\Common\Common\function.php 第 77 行.
NOTIC: [8] Undefined index: adminUser C:\wamp64\www\TGW\origin\Application\Common\Common\function.php 第 77 行.
NOTIC: [8] Undefined index: a C:\wamp64\www\TGW\origin\Application\Common\Common\function.php 第 51 行.
NOTIC: [8] Undefined index: a C:\wamp64\www\TGW\origin\Application\Common\Common\function.php 第 51 行.
NOTIC: [8] Undefined index: a C:\wamp64\www\TGW\origin\Application\Common\Common\function.php 第 51 行.
NOTIC: [8] Undefined index: a C:\wamp64\www\TGW\origin\Application\Common\Common\function.php 第 51 行.
NOTIC: [8] Undefined index: a C:\wamp64\www\TGW\origin\Application\Common\Common\function.php 第 51 行.
NOTIC: [8] Undefined index: a C:\wamp64\www\TGW\origin\Application\Common\Common\function.php 第 51 行.
INFO: Run Behavior\ParseTemplateBehavior [ RunTime:0.029422s ]
INFO: [ view_parse ] --END-- [ RunTime:0.029541s ]
INFO: [ view_filter ] --START--
INFO: Run Behavior\WriteHtmlCacheBehavior [ RunTime:0.000502s ]
INFO: [ view_filter ] --END-- [ RunTime:0.000612s ]
INFO: [ app_end ] --START--
INFO: Run Behavior\ShowPageTraceBehavior [ RunTime:0.000672s ]
INFO: [ app_end ] --END-- [ RunTime:0.000798s ]

[ 2017-05-02T22:07:13+08:00 ] ::1 /TGW/origin/admin.php?c=basic
INFO: [ app_init ] --START--
INFO: Run Behavior\BuildLiteBehavior [ RunTime:0.000027s ]
INFO: [ app_init ] --END-- [ RunTime:0.000416s ]
INFO: [ app_begin ] --START--
INFO: Run Behavior\ReadHtmlCacheBehavior [ RunTime:0.000477s ]
INFO: [ app_begin ] --END-- [ RunTime:0.000602s ]
NOTIC: [2048] Declaration of Common\Model\BasicModel::save() should be compatible with Think\Model::save($data = '', $options = Array) C:\wamp64\www\TGW\origin\Application\Common\Model\BasicModel.class.php 第 10 行.
NOTIC: [2048] Declaration of Common\Model\BasicModel::select() should be compatible with Think\Model::select($options = Array) C:\wamp64\www\TGW\origin\Application\Common\Model\BasicModel.class.php 第 10 行.
SQL: SHOW COLUMNS FROM `admin` [ RunTime:0.0009s ]
INFO: [ view_parse ] --START--
INFO: [ template_filter ] --START--
INFO: Run Behavior\ContentReplaceBehavior [ RunTime:0.000085s ]
INFO: [ template_filter ] --END-- [ RunTime:0.000218s ]
NOTIC: [2048] Declaration of Common\Model\MenuModel::find() should be compatible with Think\Model::find($options = Array) C:\wamp64\www\TGW\origin\Application\Common\Model\MenuModel.class.php 第 87 行.
SQL: SHOW COLUMNS FROM `menu` [ RunTime:0.0006s ]
SQL: SELECT * FROM `menu` WHERE `status` = 1 AND `type` = 1 ORDER BY listorder desc , menu_id desc  [ RunTime:0.0004s ]
NOTIC: [8] Undefined index: adminUser C:\wamp64\www\TGW\origin\Application\Common\Common\function.php 第 77 行.
NOTIC: [8] Undefined index: adminUser C:\wamp64\www\TGW\origin\Application\Common\Common\function.php 第 77 行.
NOTIC: [8] Undefined index: a C:\wamp64\www\TGW\origin\Application\Common\Common\function.php 第 51 行.
NOTIC: [8] Undefined index: a C:\wamp64\www\TGW\origin\Application\Common\Common\function.php 第 51 行.
NOTIC: [8] Undefined index: a C:\wamp64\www\TGW\origin\Application\Common\Common\function.php 第 51 行.
NOTIC: [8] Undefined index: a C:\wamp64\www\TGW\origin\Application\Common\Common\function.php 第 51 行.
NOTIC: [8] Undefined index: a C:\wamp64\www\TGW\origin\Application\Common\Common\function.php 第 51 行.
NOTIC: [8] Undefined index: a C:\wamp64\www\TGW\origin\Application\Common\Common\function.php 第 51 行.
INFO: Run Behavior\ParseTemplateBehavior [ RunTime:0.035450s ]
INFO: [ view_parse ] --END-- [ RunTime:0.035569s ]
INFO: [ view_filter ] --START--
INFO: Run Behavior\WriteHtmlCacheBehavior [ RunTime:0.000537s ]
INFO: [ view_filter ] --END-- [ RunTime:0.000649s ]
INFO: [ app_end ] --START--
INFO: Run Behavior\ShowPageTraceBehavior [ RunTime:0.000656s ]
INFO: [ app_end ] --END-- [ RunTime:0.000774s ]

[ 2017-05-02T22:07:14+08:00 ] ::1 /TGW/origin/admin.php?c=menu
INFO: [ app_init ] --START--
INFO: Run Behavior\BuildLiteBehavior [ RunTime:0.000028s ]
INFO: [ app_init ] --END-- [ RunTime:0.000423s ]
INFO: [ app_begin ] --START--
INFO: Run Behavior\ReadHtmlCacheBehavior [ RunTime:0.000484s ]
INFO: [ app_begin ] --END-- [ RunTime:0.000613s ]
NOTIC: [8] Undefined index: p C:\wamp64\www\TGW\origin\Application\Admin\Controller\MenuController.class.php 第 24 行.
NOTIC: [8] Undefined index: pageSize C:\wamp64\www\TGW\origin\Application\Admin\Controller\MenuController.class.php 第 25 行.
NOTIC: [2048] Declaration of Common\Model\MenuModel::find() should be compatible with Think\Model::find($options = Array) C:\wamp64\www\TGW\origin\Application\Common\Model\MenuModel.class.php 第 5 行.
SQL: SHOW COLUMNS FROM `menu` [ RunTime:0.0006s ]
SQL: SELECT * FROM `menu` WHERE `status` <> -1 ORDER BY listorder desc , menu_id desc LIMIT 0,5   [ RunTime:0.0004s ]
SQL: SELECT COUNT(*) AS tp_count FROM `menu` WHERE `status` <> -1 LIMIT 1   [ RunTime:0.0004s ]
INFO: [ view_parse ] --START--
INFO: [ template_filter ] --START--
INFO: Run Behavior\ContentReplaceBehavior [ RunTime:0.000098s ]
INFO: [ template_filter ] --END-- [ RunTime:0.000220s ]
SQL: SELECT * FROM `menu` WHERE `status` = 1 AND `type` = 1 ORDER BY listorder desc , menu_id desc  [ RunTime:0.0004s ]
NOTIC: [8] Undefined index: adminUser C:\wamp64\www\TGW\origin\Application\Common\Common\function.php 第 77 行.
NOTIC: [8] Undefined index: adminUser C:\wamp64\www\TGW\origin\Application\Common\Common\function.php 第 77 行.
NOTIC: [8] Undefined index: a C:\wamp64\www\TGW\origin\Application\Common\Common\function.php 第 51 行.
NOTIC: [8] Undefined index: a C:\wamp64\www\TGW\origin\Application\Common\Common\function.php 第 51 行.
NOTIC: [8] Undefined index: a C:\wamp64\www\TGW\origin\Application\Common\Common\function.php 第 51 行.
NOTIC: [8] Undefined index: a C:\wamp64\www\TGW\origin\Application\Common\Common\function.php 第 51 行.
NOTIC: [8] Undefined index: a C:\wamp64\www\TGW\origin\Application\Common\Common\function.php 第 51 行.
NOTIC: [8] Undefined index: a C:\wamp64\www\TGW\origin\Application\Common\Common\function.php 第 51 行.
INFO: Run Behavior\ParseTemplateBehavior [ RunTime:0.039941s ]
INFO: [ view_parse ] --END-- [ RunTime:0.040082s ]
INFO: [ view_filter ] --START--
INFO: Run Behavior\WriteHtmlCacheBehavior [ RunTime:0.000704s ]
INFO: [ view_filter ] --END-- [ RunTime:0.000891s ]
INFO: [ app_end ] --START--
INFO: Run Behavior\ShowPageTraceBehavior [ RunTime:0.000714s ]
INFO: [ app_end ] --END-- [ RunTime:0.000842s ]

[ 2017-05-02T22:07:16+08:00 ] ::1 /TGW/origin/admin.php?c=content
INFO: [ app_init ] --START--
INFO: Run Behavior\BuildLiteBehavior [ RunTime:0.000028s ]
INFO: [ app_init ] --END-- [ RunTime:0.000412s ]
INFO: [ app_begin ] --START--
INFO: Run Behavior\ReadHtmlCacheBehavior [ RunTime:0.000469s ]
INFO: [ app_begin ] --END-- [ RunTime:0.000590s ]
NOTIC: [8] Undefined index: title C:\wamp64\www\TGW\origin\Application\Admin\Controller\ContentController.class.php 第 13 行.
NOTIC: [8] Undefined index: title C:\wamp64\www\TGW\origin\Application\Admin\Controller\ContentController.class.php 第 18 行.
NOTIC: [8] Undefined index: catid C:\wamp64\www\TGW\origin\Application\Admin\Controller\ContentController.class.php 第 22 行.
NOTIC: [8] Undefined index: p C:\wamp64\www\TGW\origin\Application\Admin\Controller\ContentController.class.php 第 25 行.
NOTIC: [2048] Declaration of Common\Model\NewsModel::find() should be compatible with Think\Model::find($options = Array) C:\wamp64\www\TGW\origin\Application\Common\Model\NewsModel.class.php 第 10 行.
SQL: SHOW COLUMNS FROM `news` [ RunTime:0.0009s ]
SQL: SELECT * FROM `news` WHERE `status` <> -1 ORDER BY listorder desc , news_id desc LIMIT 0,5   [ RunTime:0.0005s ]
SQL: SELECT COUNT(*) AS tp_count FROM `news` WHERE `status` <> -1 LIMIT 1   [ RunTime:0.0003s ]
NOTIC: [8] Undefined index: catid C:\wamp64\www\TGW\origin\Application\Admin\Controller\ContentController.class.php 第 30 行.
NOTIC: [2048] Declaration of Common\Model\PositionModel::find() should be compatible with Think\Model::find($options = Array) C:\wamp64\www\TGW\origin\Application\Common\Model\PositionModel.class.php 第 86 行.
SQL: SHOW COLUMNS FROM `position` [ RunTime:0.0007s ]
SQL: SELECT * FROM `position` WHERE `status` = 1 ORDER BY id  [ RunTime:0.0004s ]
NOTIC: [2048] Declaration of Common\Model\MenuModel::find() should be compatible with Think\Model::find($options = Array) C:\wamp64\www\TGW\origin\Application\Common\Model\MenuModel.class.php 第 87 行.
SQL: SHOW COLUMNS FROM `menu` [ RunTime:0.0006s ]
SQL: SELECT * FROM `menu` WHERE `status` = 1 AND `type` = 0 ORDER BY listorder desc , menu_id desc  [ RunTime:0.0004s ]
INFO: [ view_parse ] --START--
INFO: [ template_filter ] --START--
INFO: Run Behavior\ContentReplaceBehavior [ RunTime:0.000145s ]
INFO: [ template_filter ] --END-- [ RunTime:0.000327s ]
SQL: SELECT * FROM `menu` WHERE `status` = 1 AND `type` = 1 ORDER BY listorder desc , menu_id desc  [ RunTime:0.0005s ]
NOTIC: [8] Undefined index: adminUser C:\wamp64\www\TGW\origin\Application\Common\Common\function.php 第 77 行.
NOTIC: [8] Undefined index: adminUser C:\wamp64\www\TGW\origin\Application\Common\Common\function.php 第 77 行.
NOTIC: [8] Undefined index: a C:\wamp64\www\TGW\origin\Application\Common\Common\function.php 第 51 行.
NOTIC: [8] Undefined index: a C:\wamp64\www\TGW\origin\Application\Common\Common\function.php 第 51 行.
NOTIC: [8] Undefined index: a C:\wamp64\www\TGW\origin\Application\Common\Common\function.php 第 51 行.
NOTIC: [8] Undefined index: a C:\wamp64\www\TGW\origin\Application\Common\Common\function.php 第 51 行.
NOTIC: [8] Undefined index: a C:\wamp64\www\TGW\origin\Application\Common\Common\function.php 第 51 行.
NOTIC: [8] Undefined index: a C:\wamp64\www\TGW\origin\Application\Common\Common\function.php 第 51 行.
NOTIC: [8] Undefined variable: title C:\wamp64\www\TGW\origin\Application\Runtime\Cache\Admin\ccc9ced3ad798311a07cb47b740981c5.php 第 125 行.
INFO: Run Behavior\ParseTemplateBehavior [ RunTime:0.053564s ]
INFO: [ view_parse ] --END-- [ RunTime:0.053683s ]
INFO: [ view_filter ] --START--
INFO: Run Behavior\WriteHtmlCacheBehavior [ RunTime:0.000518s ]
INFO: [ view_filter ] --END-- [ RunTime:0.000629s ]
INFO: [ app_end ] --START--
INFO: Run Behavior\ShowPageTraceBehavior [ RunTime:0.000651s ]
INFO: [ app_end ] --END-- [ RunTime:0.000769s ]

[ 2017-05-02T22:07:17+08:00 ] ::1 /TGW/origin/admin.php?c=position
INFO: [ app_init ] --START--
INFO: Run Behavior\BuildLiteBehavior [ RunTime:0.000031s ]
INFO: [ app_init ] --END-- [ RunTime:0.000452s ]
INFO: [ app_begin ] --START--
INFO: Run Behavior\ReadHtmlCacheBehavior [ RunTime:0.000496s ]
INFO: [ app_begin ] --END-- [ RunTime:0.000627s ]
NOTIC: [8] Undefined index: p C:\wamp64\www\TGW\origin\Application\Admin\Controller\PositionController.class.php 第 26 行.
NOTIC: [8] Undefined index: pageSize C:\wamp64\www\TGW\origin\Application\Admin\Controller\PositionController.class.php 第 27 行.
NOTIC: [2048] Declaration of Common\Model\PositionModel::find() should be compatible with Think\Model::find($options = Array) C:\wamp64\www\TGW\origin\Application\Common\Model\PositionModel.class.php 第 9 行.
SQL: SHOW COLUMNS FROM `position` [ RunTime:0.0008s ]
SQL: SELECT * FROM `position` WHERE `status` <> -1 ORDER BY id desc LIMIT 0,5   [ RunTime:0.0004s ]
SQL: SELECT COUNT(*) AS tp_count FROM `position` WHERE `status` <> -1 LIMIT 1   [ RunTime:0.0004s ]
INFO: [ view_parse ] --START--
INFO: [ template_filter ] --START--
INFO: Run Behavior\ContentReplaceBehavior [ RunTime:0.000095s ]
INFO: [ template_filter ] --END-- [ RunTime:0.000217s ]
NOTIC: [2048] Declaration of Common\Model\MenuModel::find() should be compatible with Think\Model::find($options = Array) C:\wamp64\www\TGW\origin\Application\Common\Model\MenuModel.class.php 第 87 行.
SQL: SHOW COLUMNS FROM `menu` [ RunTime:0.0007s ]
SQL: SELECT * FROM `menu` WHERE `status` = 1 AND `type` = 1 ORDER BY listorder desc , menu_id desc  [ RunTime:0.0005s ]
NOTIC: [8] Undefined index: adminUser C:\wamp64\www\TGW\origin\Application\Common\Common\function.php 第 77 行.
NOTIC: [8] Undefined index: adminUser C:\wamp64\www\TGW\origin\Application\Common\Common\function.php 第 77 行.
NOTIC: [8] Undefined index: a C:\wamp64\www\TGW\origin\Application\Common\Common\function.php 第 51 行.
NOTIC: [8] Undefined index: a C:\wamp64\www\TGW\origin\Application\Common\Common\function.php 第 51 行.
NOTIC: [8] Undefined index: a C:\wamp64\www\TGW\origin\Application\Common\Common\function.php 第 51 行.
NOTIC: [8] Undefined index: a C:\wamp64\www\TGW\origin\Application\Common\Common\function.php 第 51 行.
NOTIC: [8] Undefined index: a C:\wamp64\www\TGW\origin\Application\Common\Common\function.php 第 51 行.
NOTIC: [8] Undefined index: a C:\wamp64\www\TGW\origin\Application\Common\Common\function.php 第 51 行.
INFO: Run Behavior\ParseTemplateBehavior [ RunTime:0.044271s ]
INFO: [ view_parse ] --END-- [ RunTime:0.044394s ]
INFO: [ view_filter ] --START--
INFO: Run Behavior\WriteHtmlCacheBehavior [ RunTime:0.000502s ]
INFO: [ view_filter ] --END-- [ RunTime:0.000611s ]
INFO: [ app_end ] --START--
INFO: Run Behavior\ShowPageTraceBehavior [ RunTime:0.000646s ]
INFO: [ app_end ] --END-- [ RunTime:0.000768s ]

[ 2017-05-02T22:07:19+08:00 ] ::1 /TGW/origin/admin.php?c=PositionContent
INFO: [ app_init ] --START--
INFO: Run Behavior\BuildLiteBehavior [ RunTime:0.000028s ]
INFO: [ app_init ] --END-- [ RunTime:0.000422s ]
INFO: [ app_begin ] --START--
INFO: Run Behavior\ReadHtmlCacheBehavior [ RunTime:0.000477s ]
INFO: [ app_begin ] --END-- [ RunTime:0.000599s ]
NOTIC: [2048] Declaration of Common\Model\PositionModel::find() should be compatible with Think\Model::find($options = Array) C:\wamp64\www\TGW\origin\Application\Common\Model\PositionModel.class.php 第 9 行.
SQL: SHOW COLUMNS FROM `position` [ RunTime:0.0009s ]
SQL: SELECT * FROM `position` WHERE `status` = 1 ORDER BY id  [ RunTime:0.0004s ]
NOTIC: [8] Undefined index: title C:\wamp64\www\TGW\origin\Application\Admin\Controller\PositionContentController.class.php 第 17 行.
NOTIC: [8] Undefined index: position_id C:\wamp64\www\TGW\origin\Application\Admin\Controller\PositionContentController.class.php 第 21 行.
NOTIC: [8] Undefined index: p C:\wamp64\www\TGW\origin\Application\Admin\Controller\PositionContentController.class.php 第 24 行.
NOTIC: [8] Undefined index: pageSize C:\wamp64\www\TGW\origin\Application\Admin\Controller\PositionContentController.class.php 第 25 行.
NOTIC: [2048] Declaration of Common\Model\PositionContentModel::find() should be compatible with Think\Model::find($options = Array) C:\wamp64\www\TGW\origin\Application\Common\Model\PositionContentModel.class.php 第 106 行.
SQL: SHOW COLUMNS FROM `position_content` [ RunTime:0.0006s ]
SQL: SELECT * FROM `position_content` WHERE `status` <> -1 AND `position_id` = 1 ORDER BY id desc LIMIT 0,2   [ RunTime:0.0004s ]
SQL: SELECT COUNT(*) AS tp_count FROM `position_content` WHERE `status` <> -1 AND `position_id` = 1 LIMIT 1   [ RunTime:0.0003s ]
NOTIC: [8] Undefined variable: pageRes C:\wamp64\www\TGW\origin\Application\Admin\Controller\PositionContentController.class.php 第 30 行.
NOTIC: [8] Undefined index: title C:\wamp64\www\TGW\origin\Application\Common\Model\PositionContentModel.class.php 第 29 行.
SQL: SELECT * FROM `position_content` WHERE `status` <> -1 AND `position_id` = 1 ORDER BY listorder desc,id desc  [ RunTime:0.0004s ]
INFO: [ view_parse ] --START--
INFO: [ template_filter ] --START--
INFO: Run Behavior\ContentReplaceBehavior [ RunTime:0.000103s ]
INFO: [ template_filter ] --END-- [ RunTime:0.000225s ]
NOTIC: [2048] Declaration of Common\Model\MenuModel::find() should be compatible with Think\Model::find($options = Array) C:\wamp64\www\TGW\origin\Application\Common\Model\MenuModel.class.php 第 87 行.
SQL: SHOW COLUMNS FROM `menu` [ RunTime:0.0006s ]
SQL: SELECT * FROM `menu` WHERE `status` = 1 AND `type` = 1 ORDER BY listorder desc , menu_id desc  [ RunTime:0.0004s ]
NOTIC: [8] Undefined index: adminUser C:\wamp64\www\TGW\origin\Application\Common\Common\function.php 第 77 行.
NOTIC: [8] Undefined index: adminUser C:\wamp64\www\TGW\origin\Application\Common\Common\function.php 第 77 行.
NOTIC: [8] Undefined index: a C:\wamp64\www\TGW\origin\Application\Common\Common\function.php 第 51 行.
NOTIC: [8] Undefined index: a C:\wamp64\www\TGW\origin\Application\Common\Common\function.php 第 51 行.
NOTIC: [8] Undefined index: a C:\wamp64\www\TGW\origin\Application\Common\Common\function.php 第 51 行.
NOTIC: [8] Undefined index: a C:\wamp64\www\TGW\origin\Application\Common\Common\function.php 第 51 行.
NOTIC: [8] Undefined index: a C:\wamp64\www\TGW\origin\Application\Common\Common\function.php 第 51 行.
NOTIC: [8] Undefined index: a C:\wamp64\www\TGW\origin\Application\Common\Common\function.php 第 51 行.
NOTIC: [8] Undefined variable: title C:\wamp64\www\TGW\origin\Application\Runtime\Cache\Admin\b3c2094605e2b67e8edd0c0d4b77ce4a.php 第 122 行.
INFO: Run Behavior\ParseTemplateBehavior [ RunTime:0.047170s ]
INFO: [ view_parse ] --END-- [ RunTime:0.047291s ]
INFO: [ view_filter ] --START--
INFO: Run Behavior\WriteHtmlCacheBehavior [ RunTime:0.000642s ]
INFO: [ view_filter ] --END-- [ RunTime:0.000787s ]
INFO: [ app_end ] --START--
INFO: Run Behavior\ShowPageTraceBehavior [ RunTime:0.001020s ]
INFO: [ app_end ] --END-- [ RunTime:0.001194s ]

[ 2017-05-02T22:07:21+08:00 ] ::1 /TGW/origin/admin.php?c=Download
INFO: [ app_init ] --START--
INFO: Run Behavior\BuildLiteBehavior [ RunTime:0.000027s ]
INFO: [ app_init ] --END-- [ RunTime:0.000428s ]
INFO: [ app_begin ] --START--
INFO: Run Behavior\ReadHtmlCacheBehavior [ RunTime:0.000501s ]
INFO: [ app_begin ] --END-- [ RunTime:0.000631s ]
INFO: [ view_parse ] --START--
INFO: [ template_filter ] --START--
INFO: Run Behavior\ContentReplaceBehavior [ RunTime:0.000094s ]
INFO: [ template_filter ] --END-- [ RunTime:0.000221s ]
NOTIC: [2048] Declaration of Common\Model\MenuModel::find() should be compatible with Think\Model::find($options = Array) C:\wamp64\www\TGW\origin\Application\Common\Model\MenuModel.class.php 第 5 行.
SQL: SHOW COLUMNS FROM `menu` [ RunTime:0.0006s ]
SQL: SELECT * FROM `menu` WHERE `status` = 1 AND `type` = 1 ORDER BY listorder desc , menu_id desc  [ RunTime:0.0004s ]
NOTIC: [8] Undefined index: adminUser C:\wamp64\www\TGW\origin\Application\Common\Common\function.php 第 77 行.
NOTIC: [8] Undefined index: adminUser C:\wamp64\www\TGW\origin\Application\Common\Common\function.php 第 77 行.
NOTIC: [8] Undefined index: a C:\wamp64\www\TGW\origin\Application\Common\Common\function.php 第 51 行.
NOTIC: [8] Undefined index: a C:\wamp64\www\TGW\origin\Application\Common\Common\function.php 第 51 行.
NOTIC: [8] Undefined index: a C:\wamp64\www\TGW\origin\Application\Common\Common\function.php 第 51 行.
NOTIC: [8] Undefined index: a C:\wamp64\www\TGW\origin\Application\Common\Common\function.php 第 51 行.
NOTIC: [8] Undefined index: a C:\wamp64\www\TGW\origin\Application\Common\Common\function.php 第 51 行.
NOTIC: [8] Undefined index: a C:\wamp64\www\TGW\origin\Application\Common\Common\function.php 第 51 行.
NOTIC: [8] Undefined variable: positions C:\wamp64\www\TGW\origin\Application\Runtime\Cache\Admin\cf163a8acf234feaff550cec8cc8877a.php 第 123 行.
NOTIC: [8] Undefined variable: pageRes C:\wamp64\www\TGW\origin\Application\Runtime\Cache\Admin\cf163a8acf234feaff550cec8cc8877a.php 第 139 行.
INFO: Run Behavior\ParseTemplateBehavior [ RunTime:0.034331s ]
INFO: [ view_parse ] --END-- [ RunTime:0.034450s ]
INFO: [ view_filter ] --START--
INFO: Run Behavior\WriteHtmlCacheBehavior [ RunTime:0.000520s ]
INFO: [ view_filter ] --END-- [ RunTime:0.000629s ]
INFO: [ app_end ] --START--
INFO: Run Behavior\ShowPageTraceBehavior [ RunTime:0.000634s ]
INFO: [ app_end ] --END-- [ RunTime:0.000748s ]

[ 2017-05-02T22:07:23+08:00 ] ::1 /TGW/origin/admin.php?c=content
INFO: [ app_init ] --START--
INFO: Run Behavior\BuildLiteBehavior [ RunTime:0.000028s ]
INFO: [ app_init ] --END-- [ RunTime:0.000421s ]
INFO: [ app_begin ] --START--
INFO: Run Behavior\ReadHtmlCacheBehavior [ RunTime:0.000479s ]
INFO: [ app_begin ] --END-- [ RunTime:0.000604s ]
NOTIC: [8] Undefined index: title C:\wamp64\www\TGW\origin\Application\Admin\Controller\ContentController.class.php 第 13 行.
NOTIC: [8] Undefined index: title C:\wamp64\www\TGW\origin\Application\Admin\Controller\ContentController.class.php 第 18 行.
NOTIC: [8] Undefined index: catid C:\wamp64\www\TGW\origin\Application\Admin\Controller\ContentController.class.php 第 22 行.
NOTIC: [8] Undefined index: p C:\wamp64\www\TGW\origin\Application\Admin\Controller\ContentController.class.php 第 25 行.
NOTIC: [2048] Declaration of Common\Model\NewsModel::find() should be compatible with Think\Model::find($options = Array) C:\wamp64\www\TGW\origin\Application\Common\Model\NewsModel.class.php 第 10 行.
SQL: SHOW COLUMNS FROM `news` [ RunTime:0.0007s ]
SQL: SELECT * FROM `news` WHERE `status` <> -1 ORDER BY listorder desc , news_id desc LIMIT 0,5   [ RunTime:0.0005s ]
SQL: SELECT COUNT(*) AS tp_count FROM `news` WHERE `status` <> -1 LIMIT 1   [ RunTime:0.0004s ]
NOTIC: [8] Undefined index: catid C:\wamp64\www\TGW\origin\Application\Admin\Controller\ContentController.class.php 第 30 行.
NOTIC: [2048] Declaration of Common\Model\PositionModel::find() should be compatible with Think\Model::find($options = Array) C:\wamp64\www\TGW\origin\Application\Common\Model\PositionModel.class.php 第 86 行.
SQL: SHOW COLUMNS FROM `position` [ RunTime:0.0012s ]
SQL: SELECT * FROM `position` WHERE `status` = 1 ORDER BY id  [ RunTime:0.0004s ]
NOTIC: [2048] Declaration of Common\Model\MenuModel::find() should be compatible with Think\Model::find($options = Array) C:\wamp64\www\TGW\origin\Application\Common\Model\MenuModel.class.php 第 87 行.
SQL: SHOW COLUMNS FROM `menu` [ RunTime:0.0006s ]
SQL: SELECT * FROM `menu` WHERE `status` = 1 AND `type` = 0 ORDER BY listorder desc , menu_id desc  [ RunTime:0.0004s ]
INFO: [ view_parse ] --START--
INFO: [ template_filter ] --START--
INFO: Run Behavior\ContentReplaceBehavior [ RunTime:0.000111s ]
INFO: [ template_filter ] --END-- [ RunTime:0.000237s ]
SQL: SELECT * FROM `menu` WHERE `status` = 1 AND `type` = 1 ORDER BY listorder desc , menu_id desc  [ RunTime:0.0005s ]
NOTIC: [8] Undefined index: adminUser C:\wamp64\www\TGW\origin\Application\Common\Common\function.php 第 77 行.
NOTIC: [8] Undefined index: adminUser C:\wamp64\www\TGW\origin\Application\Common\Common\function.php 第 77 行.
NOTIC: [8] Undefined index: a C:\wamp64\www\TGW\origin\Application\Common\Common\function.php 第 51 行.
NOTIC: [8] Undefined index: a C:\wamp64\www\TGW\origin\Application\Common\Common\function.php 第 51 行.
NOTIC: [8] Undefined index: a C:\wamp64\www\TGW\origin\Application\Common\Common\function.php 第 51 行.
NOTIC: [8] Undefined index: a C:\wamp64\www\TGW\origin\Application\Common\Common\function.php 第 51 行.
NOTIC: [8] Undefined index: a C:\wamp64\www\TGW\origin\Application\Common\Common\function.php 第 51 行.
NOTIC: [8] Undefined index: a C:\wamp64\www\TGW\origin\Application\Common\Common\function.php 第 51 行.
NOTIC: [8] Undefined variable: title C:\wamp64\www\TGW\origin\Application\Runtime\Cache\Admin\ccc9ced3ad798311a07cb47b740981c5.php 第 125 行.
INFO: Run Behavior\ParseTemplateBehavior [ RunTime:0.057075s ]
INFO: [ view_parse ] --END-- [ RunTime:0.057230s ]
INFO: [ view_filter ] --START--
INFO: Run Behavior\WriteHtmlCacheBehavior [ RunTime:0.000840s ]
INFO: [ view_filter ] --END-- [ RunTime:0.000997s ]
INFO: [ app_end ] --START--
INFO: Run Behavior\ShowPageTraceBehavior [ RunTime:0.000930s ]
INFO: [ app_end ] --END-- [ RunTime:0.001100s ]

[ 2017-05-02T22:07:38+08:00 ] ::1 /TGW/origin/admin.php?c=content&a=setStatus
INFO: [ app_init ] --START--
INFO: Run Behavior\BuildLiteBehavior [ RunTime:0.000028s ]
INFO: [ app_init ] --END-- [ RunTime:0.000491s ]
INFO: [ app_begin ] --START--
INFO: Run Behavior\ReadHtmlCacheBehavior [ RunTime:0.000601s ]
INFO: [ app_begin ] --END-- [ RunTime:0.000712s ]
NOTIC: [2048] Declaration of Common\Model\NewsModel::find() should be compatible with Think\Model::find($options = Array) C:\wamp64\www\TGW\origin\Application\Common\Model\NewsModel.class.php 第 10 行.
SQL: SHOW COLUMNS FROM `news` [ RunTime:0.0007s ]
SQL: UPDATE `news` SET `status`='0' WHERE ( news_id=7 ) [ RunTime:0.0004s ]

[ 2017-05-02T22:07:40+08:00 ] ::1 /TGW/origin/admin.php?c=content
INFO: [ app_init ] --START--
INFO: Run Behavior\BuildLiteBehavior [ RunTime:0.000035s ]
INFO: [ app_init ] --END-- [ RunTime:0.000540s ]
INFO: [ app_begin ] --START--
INFO: Run Behavior\ReadHtmlCacheBehavior [ RunTime:0.000631s ]
INFO: [ app_begin ] --END-- [ RunTime:0.000791s ]
NOTIC: [8] Undefined index: title C:\wamp64\www\TGW\origin\Application\Admin\Controller\ContentController.class.php 第 13 行.
NOTIC: [8] Undefined index: title C:\wamp64\www\TGW\origin\Application\Admin\Controller\ContentController.class.php 第 18 行.
NOTIC: [8] Undefined index: catid C:\wamp64\www\TGW\origin\Application\Admin\Controller\ContentController.class.php 第 22 行.
NOTIC: [8] Undefined index: p C:\wamp64\www\TGW\origin\Application\Admin\Controller\ContentController.class.php 第 25 行.
NOTIC: [2048] Declaration of Common\Model\NewsModel::find() should be compatible with Think\Model::find($options = Array) C:\wamp64\www\TGW\origin\Application\Common\Model\NewsModel.class.php 第 10 行.
SQL: SHOW COLUMNS FROM `news` [ RunTime:0.0007s ]
SQL: SELECT * FROM `news` WHERE `status` <> -1 ORDER BY listorder desc , news_id desc LIMIT 0,5   [ RunTime:0.0005s ]
SQL: SELECT COUNT(*) AS tp_count FROM `news` WHERE `status` <> -1 LIMIT 1   [ RunTime:0.0003s ]
NOTIC: [8] Undefined index: catid C:\wamp64\www\TGW\origin\Application\Admin\Controller\ContentController.class.php 第 30 行.
NOTIC: [2048] Declaration of Common\Model\PositionModel::find() should be compatible with Think\Model::find($options = Array) C:\wamp64\www\TGW\origin\Application\Common\Model\PositionModel.class.php 第 86 行.
SQL: SHOW COLUMNS FROM `position` [ RunTime:0.0009s ]
SQL: SELECT * FROM `position` WHERE `status` = 1 ORDER BY id  [ RunTime:0.0003s ]
NOTIC: [2048] Declaration of Common\Model\MenuModel::find() should be compatible with Think\Model::find($options = Array) C:\wamp64\www\TGW\origin\Application\Common\Model\MenuModel.class.php 第 87 行.
SQL: SHOW COLUMNS FROM `menu` [ RunTime:0.0006s ]
SQL: SELECT * FROM `menu` WHERE `status` = 1 AND `type` = 0 ORDER BY listorder desc , menu_id desc  [ RunTime:0.0004s ]
INFO: [ view_parse ] --START--
INFO: [ template_filter ] --START--
INFO: Run Behavior\ContentReplaceBehavior [ RunTime:0.000109s ]
INFO: [ template_filter ] --END-- [ RunTime:0.000235s ]
SQL: SELECT * FROM `menu` WHERE `status` = 1 AND `type` = 1 ORDER BY listorder desc , menu_id desc  [ RunTime:0.0005s ]
NOTIC: [8] Undefined index: adminUser C:\wamp64\www\TGW\origin\Application\Common\Common\function.php 第 77 行.
NOTIC: [8] Undefined index: adminUser C:\wamp64\www\TGW\origin\Application\Common\Common\function.php 第 77 行.
NOTIC: [8] Undefined index: a C:\wamp64\www\TGW\origin\Application\Common\Common\function.php 第 51 行.
NOTIC: [8] Undefined index: a C:\wamp64\www\TGW\origin\Application\Common\Common\function.php 第 51 行.
NOTIC: [8] Undefined index: a C:\wamp64\www\TGW\origin\Application\Common\Common\function.php 第 51 行.
NOTIC: [8] Undefined index: a C:\wamp64\www\TGW\origin\Application\Common\Common\function.php 第 51 行.
NOTIC: [8] Undefined index: a C:\wamp64\www\TGW\origin\Application\Common\Common\function.php 第 51 行.
NOTIC: [8] Undefined index: a C:\wamp64\www\TGW\origin\Application\Common\Common\function.php 第 51 行.
NOTIC: [8] Undefined variable: title C:\wamp64\www\TGW\origin\Application\Runtime\Cache\Admin\ccc9ced3ad798311a07cb47b740981c5.php 第 125 行.
INFO: Run Behavior\ParseTemplateBehavior [ RunTime:0.050602s ]
INFO: [ view_parse ] --END-- [ RunTime:0.050719s ]
INFO: [ view_filter ] --START--
INFO: Run Behavior\WriteHtmlCacheBehavior [ RunTime:0.000491s ]
INFO: [ view_filter ] --END-- [ RunTime:0.000601s ]
INFO: [ app_end ] --START--
INFO: Run Behavior\ShowPageTraceBehavior [ RunTime:0.000657s ]
INFO: [ app_end ] --END-- [ RunTime:0.000777s ]

[ 2017-05-02T22:07:54+08:00 ] ::1 /TGW/origin/admin.php?c=content&a=setStatus
INFO: [ app_init ] --START--
INFO: Run Behavior\BuildLiteBehavior [ RunTime:0.000027s ]
INFO: [ app_init ] --END-- [ RunTime:0.000459s ]
INFO: [ app_begin ] --START--
INFO: Run Behavior\ReadHtmlCacheBehavior [ RunTime:0.000613s ]
INFO: [ app_begin ] --END-- [ RunTime:0.000734s ]
NOTIC: [2048] Declaration of Common\Model\NewsModel::find() should be compatible with Think\Model::find($options = Array) C:\wamp64\www\TGW\origin\Application\Common\Model\NewsModel.class.php 第 10 行.
SQL: SHOW COLUMNS FROM `news` [ RunTime:0.0006s ]
SQL: UPDATE `news` SET `status`='1' WHERE ( news_id=7 ) [ RunTime:0.0003s ]

[ 2017-05-02T22:07:57+08:00 ] ::1 /TGW/origin/admin.php?c=content
INFO: [ app_init ] --START--
INFO: Run Behavior\BuildLiteBehavior [ RunTime:0.000029s ]
INFO: [ app_init ] --END-- [ RunTime:0.000436s ]
INFO: [ app_begin ] --START--
INFO: Run Behavior\ReadHtmlCacheBehavior [ RunTime:0.000583s ]
INFO: [ app_begin ] --END-- [ RunTime:0.000730s ]
NOTIC: [8] Undefined index: title C:\wamp64\www\TGW\origin\Application\Admin\Controller\ContentController.class.php 第 13 行.
NOTIC: [8] Undefined index: title C:\wamp64\www\TGW\origin\Application\Admin\Controller\ContentController.class.php 第 18 行.
NOTIC: [8] Undefined index: catid C:\wamp64\www\TGW\origin\Application\Admin\Controller\ContentController.class.php 第 22 行.
NOTIC: [8] Undefined index: p C:\wamp64\www\TGW\origin\Application\Admin\Controller\ContentController.class.php 第 25 行.
NOTIC: [2048] Declaration of Common\Model\NewsModel::find() should be compatible with Think\Model::find($options = Array) C:\wamp64\www\TGW\origin\Application\Common\Model\NewsModel.class.php 第 10 行.
SQL: SHOW COLUMNS FROM `news` [ RunTime:0.0006s ]
SQL: SELECT * FROM `news` WHERE `status` <> -1 ORDER BY listorder desc , news_id desc LIMIT 0,5   [ RunTime:0.0005s ]
SQL: SELECT COUNT(*) AS tp_count FROM `news` WHERE `status` <> -1 LIMIT 1   [ RunTime:0.0003s ]
NOTIC: [8] Undefined index: catid C:\wamp64\www\TGW\origin\Application\Admin\Controller\ContentController.class.php 第 30 行.
NOTIC: [2048] Declaration of Common\Model\PositionModel::find() should be compatible with Think\Model::find($options = Array) C:\wamp64\www\TGW\origin\Application\Common\Model\PositionModel.class.php 第 86 行.
SQL: SHOW COLUMNS FROM `position` [ RunTime:0.0010s ]
SQL: SELECT * FROM `position` WHERE `status` = 1 ORDER BY id  [ RunTime:0.0004s ]
NOTIC: [2048] Declaration of Common\Model\MenuModel::find() should be compatible with Think\Model::find($options = Array) C:\wamp64\www\TGW\origin\Application\Common\Model\MenuModel.class.php 第 87 行.
SQL: SHOW COLUMNS FROM `menu` [ RunTime:0.0006s ]
SQL: SELECT * FROM `menu` WHERE `status` = 1 AND `type` = 0 ORDER BY listorder desc , menu_id desc  [ RunTime:0.0004s ]
INFO: [ view_parse ] --START--
INFO: [ template_filter ] --START--
INFO: Run Behavior\ContentReplaceBehavior [ RunTime:0.000108s ]
INFO: [ template_filter ] --END-- [ RunTime:0.000235s ]
SQL: SELECT * FROM `menu` WHERE `status` = 1 AND `type` = 1 ORDER BY listorder desc , menu_id desc  [ RunTime:0.0005s ]
NOTIC: [8] Undefined index: adminUser C:\wamp64\www\TGW\origin\Application\Common\Common\function.php 第 77 行.
NOTIC: [8] Undefined index: adminUser C:\wamp64\www\TGW\origin\Application\Common\Common\function.php 第 77 行.
NOTIC: [8] Undefined index: a C:\wamp64\www\TGW\origin\Application\Common\Common\function.php 第 51 行.
NOTIC: [8] Undefined index: a C:\wamp64\www\TGW\origin\Application\Common\Common\function.php 第 51 行.
NOTIC: [8] Undefined index: a C:\wamp64\www\TGW\origin\Application\Common\Common\function.php 第 51 行.
NOTIC: [8] Undefined index: a C:\wamp64\www\TGW\origin\Application\Common\Common\function.php 第 51 行.
NOTIC: [8] Undefined index: a C:\wamp64\www\TGW\origin\Application\Common\Common\function.php 第 51 行.
NOTIC: [8] Undefined index: a C:\wamp64\www\TGW\origin\Application\Common\Common\function.php 第 51 行.
NOTIC: [8] Undefined variable: title C:\wamp64\www\TGW\origin\Application\Runtime\Cache\Admin\ccc9ced3ad798311a07cb47b740981c5.php 第 125 行.
INFO: Run Behavior\ParseTemplateBehavior [ RunTime:0.057108s ]
INFO: [ view_parse ] --END-- [ RunTime:0.057228s ]
INFO: [ view_filter ] --START--
INFO: Run Behavior\WriteHtmlCacheBehavior [ RunTime:0.000510s ]
INFO: [ view_filter ] --END-- [ RunTime:0.000622s ]
INFO: [ app_end ] --START--
INFO: Run Behavior\ShowPageTraceBehavior [ RunTime:0.000607s ]
INFO: [ app_end ] --END-- [ RunTime:0.000730s ]

[ 2017-05-02T22:08:05+08:00 ] ::1 /TGW/origin/admin.php?c=admin&a=personal
INFO: [ app_init ] --START--
INFO: Run Behavior\BuildLiteBehavior [ RunTime:0.000027s ]
INFO: [ app_init ] --END-- [ RunTime:0.000428s ]
INFO: [ app_begin ] --START--
INFO: Run Behavior\ReadHtmlCacheBehavior [ RunTime:0.000493s ]
INFO: [ app_begin ] --END-- [ RunTime:0.000617s ]
NOTIC: [2048] Declaration of Admin\Controller\AdminController::setStatus() should be compatible with Admin\Controller\CommonController::setStatus($data, $models) C:\wamp64\www\TGW\origin\Application\Admin\Controller\AdminController.class.php 第 13 行.
NOTIC: [8] Undefined variable: module C:\wamp64\www\TGW\origin\ThinkPHP\Common\functions.php 第 990 行.
NOTIC: [8] Undefined variable: var C:\wamp64\www\TGW\origin\ThinkPHP\Common\functions.php 第 990 行.
NOTIC: [2] array_reverse() expects parameter 1 to be array, null given C:\wamp64\www\TGW\origin\ThinkPHP\Common\functions.php 第 990 行.
NOTIC: [2] http_build_query(): Parameter 1 expected to be Array or Object.  Incorrect value given C:\wamp64\www\TGW\origin\ThinkPHP\Common\functions.php 第 990 行.

[ 2017-05-02T22:08:05+08:00 ] ::1 /TGW/origin/admin.php?m=&&c=login
INFO: [ app_init ] --START--
INFO: Run Behavior\BuildLiteBehavior [ RunTime:0.000025s ]
INFO: [ app_init ] --END-- [ RunTime:0.000417s ]
INFO: [ app_begin ] --START--
INFO: Run Behavior\ReadHtmlCacheBehavior [ RunTime:0.000487s ]
INFO: [ app_begin ] --END-- [ RunTime:0.000611s ]
INFO: [ view_parse ] --START--
INFO: [ template_filter ] --START--
INFO: Run Behavior\ContentReplaceBehavior [ RunTime:0.000069s ]
INFO: [ template_filter ] --END-- [ RunTime:0.000195s ]
INFO: Run Behavior\ParseTemplateBehavior [ RunTime:0.006439s ]
INFO: [ view_parse ] --END-- [ RunTime:0.006570s ]
INFO: [ view_filter ] --START--
INFO: Run Behavior\WriteHtmlCacheBehavior [ RunTime:0.000452s ]
INFO: [ view_filter ] --END-- [ RunTime:0.000567s ]
INFO: [ app_end ] --START--
INFO: Run Behavior\ShowPageTraceBehavior [ RunTime:0.000721s ]
INFO: [ app_end ] --END-- [ RunTime:0.000844s ]

[ 2017-05-02T22:08:06+08:00 ] ::1 /TGW/origin/admin.php?m=&&c=login
INFO: [ app_init ] --START--
INFO: Run Behavior\BuildLiteBehavior [ RunTime:0.000034s ]
INFO: [ app_init ] --END-- [ RunTime:0.000519s ]
INFO: [ app_begin ] --START--
INFO: Run Behavior\ReadHtmlCacheBehavior [ RunTime:0.000517s ]
INFO: [ app_begin ] --END-- [ RunTime:0.000658s ]
INFO: [ view_parse ] --START--
INFO: [ template_filter ] --START--
INFO: Run Behavior\ContentReplaceBehavior [ RunTime:0.000071s ]
INFO: [ template_filter ] --END-- [ RunTime:0.000201s ]
INFO: Run Behavior\ParseTemplateBehavior [ RunTime:0.007247s ]
INFO: [ view_parse ] --END-- [ RunTime:0.007405s ]
INFO: [ view_filter ] --START--
INFO: Run Behavior\WriteHtmlCacheBehavior [ RunTime:0.000644s ]
INFO: [ view_filter ] --END-- [ RunTime:0.000807s ]
INFO: [ app_end ] --START--
INFO: Run Behavior\ShowPageTraceBehavior [ RunTime:0.000909s ]
INFO: [ app_end ] --END-- [ RunTime:0.001085s ]

[ 2017-05-02T22:08:08+08:00 ] ::1 /TGW/origin/index.php?m=admin&c=login&a=check
INFO: [ app_init ] --START--
INFO: Run Behavior\BuildLiteBehavior [ RunTime:0.000025s ]
INFO: [ app_init ] --END-- [ RunTime:0.000408s ]
INFO: [ app_begin ] --START--
INFO: Run Behavior\ReadHtmlCacheBehavior [ RunTime:0.000471s ]
INFO: [ app_begin ] --END-- [ RunTime:0.000583s ]
SQL: SHOW COLUMNS FROM `admin` [ RunTime:0.0009s ]
SQL: SELECT * FROM `admin` WHERE ( username="admin" ) LIMIT 1   [ RunTime:0.0004s ]
SQL: UPDATE `admin` SET `lastlogintime`='1493734088' WHERE ( admin_id=2 ) [ RunTime:0.0004s ]

[ 2017-05-02T22:08:10+08:00 ] ::1 /TGW/origin/index.php?m=admin&c=index
INFO: [ app_init ] --START--
INFO: Run Behavior\BuildLiteBehavior [ RunTime:0.000026s ]
INFO: [ app_init ] --END-- [ RunTime:0.000410s ]
INFO: [ app_begin ] --START--
INFO: Run Behavior\ReadHtmlCacheBehavior [ RunTime:0.000489s ]
INFO: [ app_begin ] --END-- [ RunTime:0.000620s ]
NOTIC: [2048] Declaration of Common\Model\NewsModel::find() should be compatible with Think\Model::find($options = Array) C:\wamp64\www\TGW\origin\Application\Common\Model\NewsModel.class.php 第 10 行.
SQL: SHOW COLUMNS FROM `news` [ RunTime:0.0008s ]
SQL: SELECT * FROM `news` WHERE `status` = 1 ORDER BY count desc LIMIT 1   [ RunTime:0.0004s ]
SQL: SELECT COUNT(*) AS tp_count FROM `news` WHERE `status` <> -1 LIMIT 1   [ RunTime:0.0003s ]
NOTIC: [2048] Declaration of Common\Model\PositionModel::find() should be compatible with Think\Model::find($options = Array) C:\wamp64\www\TGW\origin\Application\Common\Model\PositionModel.class.php 第 86 行.
SQL: SHOW COLUMNS FROM `position` [ RunTime:0.0010s ]
SQL: SELECT COUNT(*) AS tp_count FROM `position` WHERE `status` <> -1 LIMIT 1   [ RunTime:0.0003s ]
SQL: SHOW COLUMNS FROM `admin` [ RunTime:0.0073s ]
SQL: SELECT COUNT(*) AS tp_count FROM `admin` WHERE `status` = 1 AND `lastlogintime` > 1493654400 LIMIT 1   [ RunTime:0.0004s ]
NOTIC: [2] Illegal string offset 'tp_count' C:\wamp64\www\TGW\origin\Application\Common\Model\AdminModel.class.php 第 64 行.
INFO: [ view_parse ] --START--
NOTIC: [2] file_get_contents(Index/footer.html): failed to open stream: No such file or directory C:\wamp64\www\TGW\origin\ThinkPHP\Library\Think\Template.class.php 第 696 行.
INFO: [ template_filter ] --START--
INFO: Run Behavior\ContentReplaceBehavior [ RunTime:0.000100s ]
INFO: [ template_filter ] --END-- [ RunTime:0.000223s ]
NOTIC: [2048] Declaration of Common\Model\MenuModel::find() should be compatible with Think\Model::find($options = Array) C:\wamp64\www\TGW\origin\Application\Common\Model\MenuModel.class.php 第 87 行.
SQL: SHOW COLUMNS FROM `menu` [ RunTime:0.0007s ]
SQL: SELECT * FROM `menu` WHERE `status` = 1 AND `type` = 1 ORDER BY listorder desc , menu_id desc  [ RunTime:0.0005s ]
NOTIC: [8] Undefined index: a C:\wamp64\www\TGW\origin\Application\Common\Common\function.php 第 51 行.
NOTIC: [8] Undefined index: a C:\wamp64\www\TGW\origin\Application\Common\Common\function.php 第 51 行.
NOTIC: [8] Undefined index: a C:\wamp64\www\TGW\origin\Application\Common\Common\function.php 第 51 行.
NOTIC: [8] Undefined index: a C:\wamp64\www\TGW\origin\Application\Common\Common\function.php 第 51 行.
NOTIC: [8] Undefined index: a C:\wamp64\www\TGW\origin\Application\Common\Common\function.php 第 51 行.
NOTIC: [8] Undefined index: a C:\wamp64\www\TGW\origin\Application\Common\Common\function.php 第 51 行.
NOTIC: [8] Undefined index: a C:\wamp64\www\TGW\origin\Application\Common\Common\function.php 第 51 行.
INFO: Run Behavior\ParseTemplateBehavior [ RunTime:0.029923s ]
INFO: [ view_parse ] --END-- [ RunTime:0.030045s ]
INFO: [ view_filter ] --START--
INFO: Run Behavior\WriteHtmlCacheBehavior [ RunTime:0.000538s ]
INFO: [ view_filter ] --END-- [ RunTime:0.000646s ]
INFO: [ app_end ] --START--
INFO: Run Behavior\ShowPageTraceBehavior [ RunTime:0.000674s ]
INFO: [ app_end ] --END-- [ RunTime:0.000793s ]

[ 2017-05-02T22:08:13+08:00 ] ::1 /TGW/origin/admin.php?c=content
INFO: [ app_init ] --START--
INFO: Run Behavior\BuildLiteBehavior [ RunTime:0.000028s ]
INFO: [ app_init ] --END-- [ RunTime:0.000433s ]
INFO: [ app_begin ] --START--
INFO: Run Behavior\ReadHtmlCacheBehavior [ RunTime:0.000487s ]
INFO: [ app_begin ] --END-- [ RunTime:0.000609s ]
NOTIC: [8] Undefined index: title C:\wamp64\www\TGW\origin\Application\Admin\Controller\ContentController.class.php 第 13 行.
NOTIC: [8] Undefined index: title C:\wamp64\www\TGW\origin\Application\Admin\Controller\ContentController.class.php 第 18 行.
NOTIC: [8] Undefined index: catid C:\wamp64\www\TGW\origin\Application\Admin\Controller\ContentController.class.php 第 22 行.
NOTIC: [8] Undefined index: p C:\wamp64\www\TGW\origin\Application\Admin\Controller\ContentController.class.php 第 25 行.
NOTIC: [2048] Declaration of Common\Model\NewsModel::find() should be compatible with Think\Model::find($options = Array) C:\wamp64\www\TGW\origin\Application\Common\Model\NewsModel.class.php 第 10 行.
SQL: SHOW COLUMNS FROM `news` [ RunTime:0.0065s ]
SQL: SELECT * FROM `news` WHERE `status` <> -1 ORDER BY listorder desc , news_id desc LIMIT 0,5   [ RunTime:0.0005s ]
SQL: SELECT COUNT(*) AS tp_count FROM `news` WHERE `status` <> -1 LIMIT 1   [ RunTime:0.0003s ]
NOTIC: [8] Undefined index: catid C:\wamp64\www\TGW\origin\Application\Admin\Controller\ContentController.class.php 第 30 行.
NOTIC: [2048] Declaration of Common\Model\PositionModel::find() should be compatible with Think\Model::find($options = Array) C:\wamp64\www\TGW\origin\Application\Common\Model\PositionModel.class.php 第 86 行.
SQL: SHOW COLUMNS FROM `position` [ RunTime:0.0009s ]
SQL: SELECT * FROM `position` WHERE `status` = 1 ORDER BY id  [ RunTime:0.0004s ]
NOTIC: [2048] Declaration of Common\Model\MenuModel::find() should be compatible with Think\Model::find($options = Array) C:\wamp64\www\TGW\origin\Application\Common\Model\MenuModel.class.php 第 87 行.
SQL: SHOW COLUMNS FROM `menu` [ RunTime:0.0006s ]
SQL: SELECT * FROM `menu` WHERE `status` = 1 AND `type` = 0 ORDER BY listorder desc , menu_id desc  [ RunTime:0.0004s ]
INFO: [ view_parse ] --START--
INFO: [ template_filter ] --START--
INFO: Run Behavior\ContentReplaceBehavior [ RunTime:0.000119s ]
INFO: [ template_filter ] --END-- [ RunTime:0.000245s ]
SQL: SELECT * FROM `menu` WHERE `status` = 1 AND `type` = 1 ORDER BY listorder desc , menu_id desc  [ RunTime:0.0005s ]
NOTIC: [8] Undefined index: a C:\wamp64\www\TGW\origin\Application\Common\Common\function.php 第 51 行.
NOTIC: [8] Undefined index: a C:\wamp64\www\TGW\origin\Application\Common\Common\function.php 第 51 行.
NOTIC: [8] Undefined index: a C:\wamp64\www\TGW\origin\Application\Common\Common\function.php 第 51 行.
NOTIC: [8] Undefined index: a C:\wamp64\www\TGW\origin\Application\Common\Common\function.php 第 51 行.
NOTIC: [8] Undefined index: a C:\wamp64\www\TGW\origin\Application\Common\Common\function.php 第 51 行.
NOTIC: [8] Undefined index: a C:\wamp64\www\TGW\origin\Application\Common\Common\function.php 第 51 行.
NOTIC: [8] Undefined index: a C:\wamp64\www\TGW\origin\Application\Common\Common\function.php 第 51 行.
NOTIC: [8] Undefined variable: title C:\wamp64\www\TGW\origin\Application\Runtime\Cache\Admin\ccc9ced3ad798311a07cb47b740981c5.php 第 125 行.
INFO: Run Behavior\ParseTemplateBehavior [ RunTime:0.056902s ]
INFO: [ view_parse ] --END-- [ RunTime:0.057039s ]
INFO: [ view_filter ] --START--
INFO: Run Behavior\WriteHtmlCacheBehavior [ RunTime:0.000709s ]
INFO: [ view_filter ] --END-- [ RunTime:0.000853s ]
INFO: [ app_end ] --START--
INFO: Run Behavior\ShowPageTraceBehavior [ RunTime:0.000949s ]
INFO: [ app_end ] --END-- [ RunTime:0.001128s ]

[ 2017-05-02T22:08:27+08:00 ] ::1 /TGW/origin/admin.php?c=content&a=edit&id=6
INFO: [ app_init ] --START--
INFO: Run Behavior\BuildLiteBehavior [ RunTime:0.000027s ]
INFO: [ app_init ] --END-- [ RunTime:0.000459s ]
INFO: [ app_begin ] --START--
INFO: Run Behavior\ReadHtmlCacheBehavior [ RunTime:0.000652s ]
INFO: [ app_begin ] --END-- [ RunTime:0.000778s ]
NOTIC: [2048] Declaration of Common\Model\NewsModel::find() should be compatible with Think\Model::find($options = Array) C:\wamp64\www\TGW\origin\Application\Common\Model\NewsModel.class.php 第 10 行.
SQL: SHOW COLUMNS FROM `news` [ RunTime:0.0007s ]
SQL: SELECT * FROM `news` WHERE ( news_id=6 ) LIMIT 1   [ RunTime:0.0004s ]
NOTIC: [2048] Declaration of Common\Model\NewsContentModel::find() should be compatible with Think\Model::find($options = Array) C:\wamp64\www\TGW\origin\Application\Common\Model\NewsContentModel.class.php 第 58 行.
SQL: SHOW COLUMNS FROM `news_content` [ RunTime:0.0012s ]
SQL: SELECT * FROM `news_content` WHERE ( news_id=6 ) LIMIT 1   [ RunTime:0.0004s ]
NOTIC: [2048] Declaration of Common\Model\MenuModel::find() should be compatible with Think\Model::find($options = Array) C:\wamp64\www\TGW\origin\Application\Common\Model\MenuModel.class.php 第 87 行.
SQL: SHOW COLUMNS FROM `menu` [ RunTime:0.0006s ]
SQL: SELECT * FROM `menu` WHERE `status` = 1 AND `type` = 0 ORDER BY listorder desc , menu_id desc  [ RunTime:0.0004s ]
INFO: [ view_parse ] --START--
INFO: [ template_filter ] --START--
INFO: Run Behavior\ContentReplaceBehavior [ RunTime:0.000158s ]
INFO: [ template_filter ] --END-- [ RunTime:0.000328s ]
SQL: SELECT * FROM `menu` WHERE `status` = 1 AND `type` = 1 ORDER BY listorder desc , menu_id desc  [ RunTime:0.0005s ]
NOTIC: [8] Undefined index: a C:\wamp64\www\TGW\origin\Application\Common\Common\function.php 第 51 行.
NOTIC: [8] Undefined index: a C:\wamp64\www\TGW\origin\Application\Common\Common\function.php 第 51 行.
NOTIC: [8] Undefined index: a C:\wamp64\www\TGW\origin\Application\Common\Common\function.php 第 51 行.
NOTIC: [8] Undefined index: a C:\wamp64\www\TGW\origin\Application\Common\Common\function.php 第 51 行.
NOTIC: [8] Undefined index: a C:\wamp64\www\TGW\origin\Application\Common\Common\function.php 第 51 行.
NOTIC: [8] Undefined index: a C:\wamp64\www\TGW\origin\Application\Common\Common\function.php 第 51 行.
NOTIC: [8] Undefined index: a C:\wamp64\www\TGW\origin\Application\Common\Common\function.php 第 51 行.
NOTIC: [8] Undefined index: title_font_color C:\wamp64\www\TGW\origin\Application\Runtime\Cache\Admin\c9346596b4ea11ecbab575e85e082471.php 第 137 行.
NOTIC: [8] Undefined index: title_font_color C:\wamp64\www\TGW\origin\Application\Runtime\Cache\Admin\c9346596b4ea11ecbab575e85e082471.php 第 137 行.
INFO: Run Behavior\ParseTemplateBehavior [ RunTime:0.054832s ]
INFO: [ view_parse ] --END-- [ RunTime:0.054971s ]
INFO: [ view_filter ] --START--
INFO: Run Behavior\WriteHtmlCacheBehavior [ RunTime:0.000730s ]
INFO: [ view_filter ] --END-- [ RunTime:0.000865s ]
INFO: [ app_end ] --START--
INFO: Run Behavior\ShowPageTraceBehavior [ RunTime:0.000714s ]
INFO: [ app_end ] --END-- [ RunTime:0.000839s ]

[ 2017-05-02T22:08:54+08:00 ] ::1 /TGW/origin/admin.php?c=image&a=kindupload&dir=image
INFO: [ app_init ] --START--
INFO: Run Behavior\BuildLiteBehavior [ RunTime:0.000028s ]
INFO: [ app_init ] --END-- [ RunTime:0.000467s ]
INFO: [ app_begin ] --START--
INFO: Run Behavior\ReadHtmlCacheBehavior [ RunTime:0.000674s ]
INFO: [ app_begin ] --END-- [ RunTime:0.000811s ]
NOTIC: [8] Use of undefined constant Y - assumed 'Y' C:\wamp64\www\TGW\origin\Application\Common\Model\UploadImageModel.class.php 第 19 行.
NOTIC: [8] Use of undefined constant m - assumed 'm' C:\wamp64\www\TGW\origin\Application\Common\Model\UploadImageModel.class.php 第 19 行.
NOTIC: [8] Use of undefined constant d - assumed 'd' C:\wamp64\www\TGW\origin\Application\Common\Model\UploadImageModel.class.php 第 19 行.
NOTIC: [2] call_user_func() expects parameter 1 to be a valid callback, no array or string given C:\wamp64\www\TGW\origin\ThinkPHP\Library\Think\Upload.class.php 第 170 行.

[ 2017-05-02T22:09:17+08:00 ] ::1 /TGW/origin/admin.php?c=content&a=add
INFO: [ app_init ] --START--
INFO: Run Behavior\BuildLiteBehavior [ RunTime:0.000091s ]
INFO: [ app_init ] --END-- [ RunTime:0.000666s ]
INFO: [ app_begin ] --START--
INFO: Run Behavior\ReadHtmlCacheBehavior [ RunTime:0.000615s ]
INFO: [ app_begin ] --END-- [ RunTime:0.000719s ]
NOTIC: [2048] Declaration of Common\Model\NewsModel::find() should be compatible with Think\Model::find($options = Array) C:\wamp64\www\TGW\origin\Application\Common\Model\NewsModel.class.php 第 10 行.
SQL: SHOW COLUMNS FROM `news` [ RunTime:0.0089s ]
SQL: UPDATE `news` SET `title`='测试5',`small_title`='测试5',`thumb`='upload/2017/04/30/59054da96bdd8.jpg',`catid`='13',`copyfrom`='0',`description`='测试5测试5',`keywords`='测试5测试5' WHERE ( news_id=6 ) [ RunTime:0.0004s ]
NOTIC: [2048] Declaration of Common\Model\NewsContentModel::find() should be compatible with Think\Model::find($options = Array) C:\wamp64\www\TGW\origin\Application\Common\Model\NewsContentModel.class.php 第 58 行.
SQL: SHOW COLUMNS FROM `news_content` [ RunTime:0.0011s ]
SQL: UPDATE `news_content` SET `content`='测试5测试5测试5测试5测试5测试5测试5测试5测试5测试5测试5测试5测试5测试5测试5测试5测试5测试5测试5测试5测试5测试5测试5测试5测试5测试5测试5测试5测试5测试5测试5测试5测试5测试5测试5测试5测试5测试5测试5测试5测试5测试5测试5测试5测试5测试5测试5测试5测试5&lt;img src=&quot;/TGW/origin/upload/2017/05/02/590892f608674.jpg&quot; alt=&quot;&quot; width=&quot;500&quot; height=&quot;314&quot; title=&quot;&quot; align=&quot;&quot; /&gt;' WHERE ( news_id=6 ) [ RunTime:0.0006s ]

[ 2017-05-02T22:09:17+08:00 ] ::1 /TGW/origin/admin.php?c=content&a=add
INFO: [ app_init ] --START--
INFO: Run Behavior\BuildLiteBehavior [ RunTime:0.000032s ]
INFO: [ app_init ] --END-- [ RunTime:0.000898s ]
INFO: [ app_begin ] --START--
INFO: Run Behavior\ReadHtmlCacheBehavior [ RunTime:0.001155s ]
INFO: [ app_begin ] --END-- [ RunTime:0.001305s ]
NOTIC: [2048] Declaration of Common\Model\NewsModel::find() should be compatible with Think\Model::find($options = Array) C:\wamp64\www\TGW\origin\Application\Common\Model\NewsModel.class.php 第 10 行.
SQL: SHOW COLUMNS FROM `news` [ RunTime:0.0007s ]
SQL: UPDATE `news` SET `title`='测试5',`small_title`='测试5',`thumb`='upload/2017/04/30/59054da96bdd8.jpg',`catid`='13',`copyfrom`='0',`description`='测试5测试5',`keywords`='测试5测试5' WHERE ( news_id=6 ) [ RunTime:0.0004s ]
NOTIC: [2048] Declaration of Common\Model\NewsContentModel::find() should be compatible with Think\Model::find($options = Array) C:\wamp64\www\TGW\origin\Application\Common\Model\NewsContentModel.class.php 第 58 行.
SQL: SHOW COLUMNS FROM `news_content` [ RunTime:0.0094s ]
SQL: UPDATE `news_content` SET `content`='测试5测试5测试5测试5测试5测试5测试5测试5测试5测试5测试5测试5测试5测试5测试5测试5测试5测试5测试5测试5测试5测试5测试5测试5测试5测试5测试5测试5测试5测试5测试5测试5测试5测试5测试5测试5测试5测试5测试5测试5测试5测试5测试5测试5测试5测试5测试5测试5测试5&lt;img src=&quot;/TGW/origin/upload/2017/05/02/590892f608674.jpg&quot; alt=&quot;&quot; width=&quot;500&quot; height=&quot;314&quot; title=&quot;&quot; align=&quot;&quot; /&gt;' WHERE ( news_id=6 ) [ RunTime:0.0005s ]

[ 2017-05-02T22:09:19+08:00 ] ::1 /TGW/origin/admin.php?c=content
INFO: [ app_init ] --START--
INFO: Run Behavior\BuildLiteBehavior [ RunTime:0.000027s ]
INFO: [ app_init ] --END-- [ RunTime:0.000544s ]
INFO: [ app_begin ] --START--
INFO: Run Behavior\ReadHtmlCacheBehavior [ RunTime:0.000911s ]
INFO: [ app_begin ] --END-- [ RunTime:0.001054s ]
NOTIC: [8] Undefined index: title C:\wamp64\www\TGW\origin\Application\Admin\Controller\ContentController.class.php 第 13 行.
NOTIC: [8] Undefined index: title C:\wamp64\www\TGW\origin\Application\Admin\Controller\ContentController.class.php 第 18 行.
NOTIC: [8] Undefined index: catid C:\wamp64\www\TGW\origin\Application\Admin\Controller\ContentController.class.php 第 22 行.
NOTIC: [8] Undefined index: p C:\wamp64\www\TGW\origin\Application\Admin\Controller\ContentController.class.php 第 25 行.
NOTIC: [2048] Declaration of Common\Model\NewsModel::find() should be compatible with Think\Model::find($options = Array) C:\wamp64\www\TGW\origin\Application\Common\Model\NewsModel.class.php 第 10 行.
SQL: SHOW COLUMNS FROM `news` [ RunTime:0.0010s ]
SQL: SELECT * FROM `news` WHERE `status` <> -1 ORDER BY listorder desc , news_id desc LIMIT 0,5   [ RunTime:0.0007s ]
SQL: SELECT COUNT(*) AS tp_count FROM `news` WHERE `status` <> -1 LIMIT 1   [ RunTime:0.0004s ]
NOTIC: [8] Undefined index: catid C:\wamp64\www\TGW\origin\Application\Admin\Controller\ContentController.class.php 第 30 行.
NOTIC: [2048] Declaration of Common\Model\PositionModel::find() should be compatible with Think\Model::find($options = Array) C:\wamp64\www\TGW\origin\Application\Common\Model\PositionModel.class.php 第 86 行.
SQL: SHOW COLUMNS FROM `position` [ RunTime:0.0006s ]
SQL: SELECT * FROM `position` WHERE `status` = 1 ORDER BY id  [ RunTime:0.0004s ]
NOTIC: [2048] Declaration of Common\Model\MenuModel::find() should be compatible with Think\Model::find($options = Array) C:\wamp64\www\TGW\origin\Application\Common\Model\MenuModel.class.php 第 87 行.
SQL: SHOW COLUMNS FROM `menu` [ RunTime:0.0006s ]
SQL: SELECT * FROM `menu` WHERE `status` = 1 AND `type` = 0 ORDER BY listorder desc , menu_id desc  [ RunTime:0.0004s ]
INFO: [ view_parse ] --START--
INFO: [ template_filter ] --START--
INFO: Run Behavior\ContentReplaceBehavior [ RunTime:0.000106s ]
INFO: [ template_filter ] --END-- [ RunTime:0.000233s ]
SQL: SELECT * FROM `menu` WHERE `status` = 1 AND `type` = 1 ORDER BY listorder desc , menu_id desc  [ RunTime:0.0005s ]
NOTIC: [8] Undefined index: a C:\wamp64\www\TGW\origin\Application\Common\Common\function.php 第 51 行.
NOTIC: [8] Undefined index: a C:\wamp64\www\TGW\origin\Application\Common\Common\function.php 第 51 行.
NOTIC: [8] Undefined index: a C:\wamp64\www\TGW\origin\Application\Common\Common\function.php 第 51 行.
NOTIC: [8] Undefined index: a C:\wamp64\www\TGW\origin\Application\Common\Common\function.php 第 51 行.
NOTIC: [8] Undefined index: a C:\wamp64\www\TGW\origin\Application\Common\Common\function.php 第 51 行.
NOTIC: [8] Undefined index: a C:\wamp64\www\TGW\origin\Application\Common\Common\function.php 第 51 行.
NOTIC: [8] Undefined index: a C:\wamp64\www\TGW\origin\Application\Common\Common\function.php 第 51 行.
NOTIC: [8] Undefined variable: title C:\wamp64\www\TGW\origin\Application\Runtime\Cache\Admin\ccc9ced3ad798311a07cb47b740981c5.php 第 125 行.
INFO: Run Behavior\ParseTemplateBehavior [ RunTime:0.055352s ]
INFO: [ view_parse ] --END-- [ RunTime:0.055469s ]
INFO: [ view_filter ] --START--
INFO: Run Behavior\WriteHtmlCacheBehavior [ RunTime:0.000643s ]
INFO: [ view_filter ] --END-- [ RunTime:0.000753s ]
INFO: [ app_end ] --START--
INFO: Run Behavior\ShowPageTraceBehavior [ RunTime:0.000942s ]
INFO: [ app_end ] --END-- [ RunTime:0.001082s ]

