[ 2017-04-30T00:04:11+08:00 ] ::1 /TGW/origin/admin.php
INFO: [ app_init ] --START--
INFO: Run Behavior\BuildLiteBehavior [ RunTime:0.000029s ]
INFO: [ app_init ] --END-- [ RunTime:0.000595s ]
INFO: [ app_begin ] --START--
INFO: Run Behavior\ReadHtmlCacheBehavior [ RunTime:0.000505s ]
INFO: [ app_begin ] --END-- [ RunTime:0.000653s ]
NOTIC: [2048] Declaration of Common\Model\NewsModel::find() should be compatible with Think\Model::find($options = Array) C:\wamp64\www\TGW\origin\Application\Common\Model\NewsModel.class.php 第 10 行.
SQL: SHOW COLUMNS FROM `news` [ RunTime:0.0012s ]
SQL: SELECT * FROM `news` WHERE `status` = 1 ORDER BY count desc LIMIT 1   [ RunTime:0.0004s ]
SQL: SELECT COUNT(*) AS tp_count FROM `news` WHERE `status` <> -1 LIMIT 1   [ RunTime:0.0086s ]
NOTIC: [2048] Declaration of Common\Model\PositionModel::find() should be compatible with Think\Model::find($options = Array) C:\wamp64\www\TGW\origin\Application\Common\Model\PositionModel.class.php 第 86 行.
SQL: SHOW COLUMNS FROM `position` [ RunTime:0.0008s ]
SQL: SELECT COUNT(*) AS tp_count FROM `position` WHERE `status` <> -1 LIMIT 1   [ RunTime:0.0002s ]
SQL: SHOW COLUMNS FROM `admin` [ RunTime:0.0008s ]
SQL: SELECT COUNT(*) AS tp_count FROM `admin` WHERE `status` = 1 AND `lastlogintime` > 1493481600 LIMIT 1   [ RunTime:0.0003s ]
NOTIC: [2] Illegal string offset 'tp_count' C:\wamp64\www\TGW\origin\Application\Common\Model\AdminModel.class.php 第 64 行.
INFO: [ view_parse ] --START--
NOTIC: [2] file_get_contents(Index/footer.html): failed to open stream: No such file or directory C:\wamp64\www\TGW\origin\ThinkPHP\Library\Think\Template.class.php 第 696 行.
INFO: [ template_filter ] --START--
INFO: Run Behavior\ContentReplaceBehavior [ RunTime:0.000127s ]
INFO: [ template_filter ] --END-- [ RunTime:0.000231s ]
NOTIC: [2048] Declaration of Common\Model\MenuModel::find() should be compatible with Think\Model::find($options = Array) C:\wamp64\www\TGW\origin\Application\Common\Model\MenuModel.class.php 第 87 行.
SQL: SHOW COLUMNS FROM `menu` [ RunTime:0.0006s ]
SQL: SELECT * FROM `menu` WHERE `status` = 1 AND `type` = 1 ORDER BY listorder desc , menu_id desc  [ RunTime:0.0003s ]
NOTIC: [8] Undefined index: adminUser C:\wamp64\www\TGW\origin\Application\Common\Common\function.php 第 66 行.
NOTIC: [8] Undefined index: adminUser C:\wamp64\www\TGW\origin\Application\Common\Common\function.php 第 66 行.
NOTIC: [8] Undefined index: a C:\wamp64\www\TGW\origin\Application\Common\Common\function.php 第 40 行.
NOTIC: [8] Undefined index: a C:\wamp64\www\TGW\origin\Application\Common\Common\function.php 第 40 行.
NOTIC: [8] Undefined index: a C:\wamp64\www\TGW\origin\Application\Common\Common\function.php 第 40 行.
NOTIC: [8] Undefined index: a C:\wamp64\www\TGW\origin\Application\Common\Common\function.php 第 40 行.
NOTIC: [8] Undefined index: a C:\wamp64\www\TGW\origin\Application\Common\Common\function.php 第 40 行.
INFO: Run Behavior\ParseTemplateBehavior [ RunTime:0.041691s ]
INFO: [ view_parse ] --END-- [ RunTime:0.041813s ]
INFO: [ view_filter ] --START--
INFO: Run Behavior\WriteHtmlCacheBehavior [ RunTime:0.000437s ]
INFO: [ view_filter ] --END-- [ RunTime:0.000526s ]
INFO: [ app_end ] --START--
INFO: Run Behavior\ShowPageTraceBehavior [ RunTime:0.000611s ]
INFO: [ app_end ] --END-- [ RunTime:0.000758s ]

[ 2017-04-30T00:04:14+08:00 ] ::1 /TGW/origin/admin.php?c=position
INFO: [ app_init ] --START--
INFO: Run Behavior\BuildLiteBehavior [ RunTime:0.000023s ]
INFO: [ app_init ] --END-- [ RunTime:0.000406s ]
INFO: [ app_begin ] --START--
INFO: Run Behavior\ReadHtmlCacheBehavior [ RunTime:0.000534s ]
INFO: [ app_begin ] --END-- [ RunTime:0.000639s ]
NOTIC: [8] Undefined index: p C:\wamp64\www\TGW\origin\Application\Admin\Controller\PositionController.class.php 第 26 行.
NOTIC: [8] Undefined index: pageSize C:\wamp64\www\TGW\origin\Application\Admin\Controller\PositionController.class.php 第 27 行.
NOTIC: [2048] Declaration of Common\Model\PositionModel::find() should be compatible with Think\Model::find($options = Array) C:\wamp64\www\TGW\origin\Application\Common\Model\PositionModel.class.php 第 9 行.
SQL: SHOW COLUMNS FROM `position` [ RunTime:0.0011s ]
SQL: SELECT * FROM `position` WHERE `status` <> -1 ORDER BY id desc LIMIT 0,5   [ RunTime:0.0076s ]
SQL: SELECT COUNT(*) AS tp_count FROM `position` WHERE `status` <> -1 LIMIT 1   [ RunTime:0.0003s ]
INFO: [ view_parse ] --START--
INFO: [ template_filter ] --START--
INFO: Run Behavior\ContentReplaceBehavior [ RunTime:0.000121s ]
INFO: [ template_filter ] --END-- [ RunTime:0.000332s ]
NOTIC: [2048] Declaration of Common\Model\MenuModel::find() should be compatible with Think\Model::find($options = Array) C:\wamp64\www\TGW\origin\Application\Common\Model\MenuModel.class.php 第 87 行.
SQL: SHOW COLUMNS FROM `menu` [ RunTime:0.0005s ]
SQL: SELECT * FROM `menu` WHERE `status` = 1 AND `type` = 1 ORDER BY listorder desc , menu_id desc  [ RunTime:0.0003s ]
NOTIC: [8] Undefined index: adminUser C:\wamp64\www\TGW\origin\Application\Common\Common\function.php 第 66 行.
NOTIC: [8] Undefined index: adminUser C:\wamp64\www\TGW\origin\Application\Common\Common\function.php 第 66 行.
NOTIC: [8] Undefined index: a C:\wamp64\www\TGW\origin\Application\Common\Common\function.php 第 40 行.
NOTIC: [8] Undefined index: a C:\wamp64\www\TGW\origin\Application\Common\Common\function.php 第 40 行.
NOTIC: [8] Undefined index: a C:\wamp64\www\TGW\origin\Application\Common\Common\function.php 第 40 行.
NOTIC: [8] Undefined index: a C:\wamp64\www\TGW\origin\Application\Common\Common\function.php 第 40 行.
NOTIC: [8] Undefined index: a C:\wamp64\www\TGW\origin\Application\Common\Common\function.php 第 40 行.
INFO: Run Behavior\ParseTemplateBehavior [ RunTime:0.058531s ]
INFO: [ view_parse ] --END-- [ RunTime:0.058634s ]
INFO: [ view_filter ] --START--
INFO: Run Behavior\WriteHtmlCacheBehavior [ RunTime:0.000428s ]
INFO: [ view_filter ] --END-- [ RunTime:0.000525s ]
INFO: [ app_end ] --START--
INFO: Run Behavior\ShowPageTraceBehavior [ RunTime:0.000584s ]
INFO: [ app_end ] --END-- [ RunTime:0.000707s ]

[ 2017-04-30T00:04:20+08:00 ] ::1 /TGW/origin/admin.php?m=Admin&c=Position&a=index&p=2
INFO: [ app_init ] --START--
INFO: Run Behavior\BuildLiteBehavior [ RunTime:0.000023s ]
INFO: [ app_init ] --END-- [ RunTime:0.000362s ]
INFO: [ app_begin ] --START--
INFO: Run Behavior\ReadHtmlCacheBehavior [ RunTime:0.000497s ]
INFO: [ app_begin ] --END-- [ RunTime:0.000602s ]
NOTIC: [8] Undefined index: pageSize C:\wamp64\www\TGW\origin\Application\Admin\Controller\PositionController.class.php 第 27 行.
NOTIC: [2048] Declaration of Common\Model\PositionModel::find() should be compatible with Think\Model::find($options = Array) C:\wamp64\www\TGW\origin\Application\Common\Model\PositionModel.class.php 第 9 行.
SQL: SHOW COLUMNS FROM `position` [ RunTime:0.0009s ]
SQL: SELECT * FROM `position` WHERE `status` <> -1 ORDER BY id desc LIMIT 5,5   [ RunTime:0.0005s ]
SQL: SELECT COUNT(*) AS tp_count FROM `position` WHERE `status` <> -1 LIMIT 1   [ RunTime:0.0002s ]
INFO: [ view_parse ] --START--
INFO: [ template_filter ] --START--
INFO: Run Behavior\ContentReplaceBehavior [ RunTime:0.000097s ]
INFO: [ template_filter ] --END-- [ RunTime:0.000328s ]
NOTIC: [2048] Declaration of Common\Model\MenuModel::find() should be compatible with Think\Model::find($options = Array) C:\wamp64\www\TGW\origin\Application\Common\Model\MenuModel.class.php 第 87 行.
SQL: SHOW COLUMNS FROM `menu` [ RunTime:0.0006s ]
SQL: SELECT * FROM `menu` WHERE `status` = 1 AND `type` = 1 ORDER BY listorder desc , menu_id desc  [ RunTime:0.0003s ]
NOTIC: [8] Undefined index: adminUser C:\wamp64\www\TGW\origin\Application\Common\Common\function.php 第 66 行.
NOTIC: [8] Undefined index: adminUser C:\wamp64\www\TGW\origin\Application\Common\Common\function.php 第 66 行.
NOTIC: [8] Undefined index: a C:\wamp64\www\TGW\origin\Application\Common\Common\function.php 第 40 行.
NOTIC: [8] Undefined index: a C:\wamp64\www\TGW\origin\Application\Common\Common\function.php 第 40 行.
NOTIC: [8] Undefined index: a C:\wamp64\www\TGW\origin\Application\Common\Common\function.php 第 40 行.
NOTIC: [8] Undefined index: a C:\wamp64\www\TGW\origin\Application\Common\Common\function.php 第 40 行.
NOTIC: [8] Undefined index: a C:\wamp64\www\TGW\origin\Application\Common\Common\function.php 第 40 行.
INFO: Run Behavior\ParseTemplateBehavior [ RunTime:0.015351s ]
INFO: [ view_parse ] --END-- [ RunTime:0.015473s ]
INFO: [ view_filter ] --START--
INFO: Run Behavior\WriteHtmlCacheBehavior [ RunTime:0.000479s ]
INFO: [ view_filter ] --END-- [ RunTime:0.000583s ]
INFO: [ app_end ] --START--
INFO: Run Behavior\ShowPageTraceBehavior [ RunTime:0.000604s ]
INFO: [ app_end ] --END-- [ RunTime:0.000722s ]

[ 2017-04-30T00:04:21+08:00 ] ::1 /TGW/origin/admin.php?c=PositionContent
INFO: [ app_init ] --START--
INFO: Run Behavior\BuildLiteBehavior [ RunTime:0.000022s ]
INFO: [ app_init ] --END-- [ RunTime:0.000361s ]
INFO: [ app_begin ] --START--
INFO: Run Behavior\ReadHtmlCacheBehavior [ RunTime:0.000500s ]
INFO: [ app_begin ] --END-- [ RunTime:0.000604s ]
NOTIC: [2048] Declaration of Common\Model\PositionModel::find() should be compatible with Think\Model::find($options = Array) C:\wamp64\www\TGW\origin\Application\Common\Model\PositionModel.class.php 第 9 行.
SQL: SHOW COLUMNS FROM `position` [ RunTime:0.0007s ]
SQL: SELECT * FROM `position` WHERE `status` = 1 ORDER BY id  [ RunTime:0.0003s ]
NOTIC: [8] Undefined index: title C:\wamp64\www\TGW\origin\Application\Admin\Controller\PositionContentController.class.php 第 17 行.
NOTIC: [8] Undefined index: position_id C:\wamp64\www\TGW\origin\Application\Admin\Controller\PositionContentController.class.php 第 21 行.
NOTIC: [8] Undefined index: p C:\wamp64\www\TGW\origin\Application\Admin\Controller\PositionContentController.class.php 第 24 行.
NOTIC: [8] Undefined index: pageSize C:\wamp64\www\TGW\origin\Application\Admin\Controller\PositionContentController.class.php 第 25 行.
NOTIC: [2048] Declaration of Common\Model\PositionContentModel::find() should be compatible with Think\Model::find($options = Array) C:\wamp64\www\TGW\origin\Application\Common\Model\PositionContentModel.class.php 第 104 行.
SQL: SHOW COLUMNS FROM `position_content` [ RunTime:0.0004s ]
SQL: SELECT * FROM `position_content` WHERE `status` <> -1 AND `position_id` = 1 ORDER BY id desc LIMIT 0,2   [ RunTime:0.0024s ]
SQL: SELECT COUNT(*) AS tp_count FROM `position_content` WHERE `status` <> -1 AND `position_id` = 1 LIMIT 1   [ RunTime:0.0005s ]
NOTIC: [8] Undefined variable: pageRes C:\wamp64\www\TGW\origin\Application\Admin\Controller\PositionContentController.class.php 第 30 行.
NOTIC: [8] Undefined index: title C:\wamp64\www\TGW\origin\Application\Common\Model\PositionContentModel.class.php 第 29 行.
SQL: SELECT * FROM `position_content` WHERE `status` <> -1 AND `position_id` = 1 ORDER BY listorder desc,id desc  [ RunTime:0.0004s ]
INFO: [ view_parse ] --START--
INFO: [ template_filter ] --START--
INFO: Run Behavior\ContentReplaceBehavior [ RunTime:0.000111s ]
INFO: [ template_filter ] --END-- [ RunTime:0.000220s ]
NOTIC: [2048] Declaration of Common\Model\MenuModel::find() should be compatible with Think\Model::find($options = Array) C:\wamp64\www\TGW\origin\Application\Common\Model\MenuModel.class.php 第 87 行.
SQL: SHOW COLUMNS FROM `menu` [ RunTime:0.0005s ]
SQL: SELECT * FROM `menu` WHERE `status` = 1 AND `type` = 1 ORDER BY listorder desc , menu_id desc  [ RunTime:0.0003s ]
NOTIC: [8] Undefined index: adminUser C:\wamp64\www\TGW\origin\Application\Common\Common\function.php 第 66 行.
NOTIC: [8] Undefined index: adminUser C:\wamp64\www\TGW\origin\Application\Common\Common\function.php 第 66 行.
NOTIC: [8] Undefined index: a C:\wamp64\www\TGW\origin\Application\Common\Common\function.php 第 40 行.
NOTIC: [8] Undefined index: a C:\wamp64\www\TGW\origin\Application\Common\Common\function.php 第 40 行.
NOTIC: [8] Undefined index: a C:\wamp64\www\TGW\origin\Application\Common\Common\function.php 第 40 行.
NOTIC: [8] Undefined index: a C:\wamp64\www\TGW\origin\Application\Common\Common\function.php 第 40 行.
NOTIC: [8] Undefined index: a C:\wamp64\www\TGW\origin\Application\Common\Common\function.php 第 40 行.
NOTIC: [8] Undefined variable: title C:\wamp64\www\TGW\origin\Application\Runtime\Cache\Admin\b3c2094605e2b67e8edd0c0d4b77ce4a.php 第 123 行.
INFO: Run Behavior\ParseTemplateBehavior [ RunTime:0.067996s ]
INFO: [ view_parse ] --END-- [ RunTime:0.068093s ]
INFO: [ view_filter ] --START--
INFO: Run Behavior\WriteHtmlCacheBehavior [ RunTime:0.000468s ]
INFO: [ view_filter ] --END-- [ RunTime:0.000582s ]
INFO: [ app_end ] --START--
INFO: Run Behavior\ShowPageTraceBehavior [ RunTime:0.000648s ]
INFO: [ app_end ] --END-- [ RunTime:0.000802s ]

[ 2017-04-30T00:04:23+08:00 ] ::1 /TGW/origin/admin.php?c=position
INFO: [ app_init ] --START--
INFO: Run Behavior\BuildLiteBehavior [ RunTime:0.000023s ]
INFO: [ app_init ] --END-- [ RunTime:0.000356s ]
INFO: [ app_begin ] --START--
INFO: Run Behavior\ReadHtmlCacheBehavior [ RunTime:0.000629s ]
INFO: [ app_begin ] --END-- [ RunTime:0.000737s ]
NOTIC: [8] Undefined index: p C:\wamp64\www\TGW\origin\Application\Admin\Controller\PositionController.class.php 第 26 行.
NOTIC: [8] Undefined index: pageSize C:\wamp64\www\TGW\origin\Application\Admin\Controller\PositionController.class.php 第 27 行.
NOTIC: [2048] Declaration of Common\Model\PositionModel::find() should be compatible with Think\Model::find($options = Array) C:\wamp64\www\TGW\origin\Application\Common\Model\PositionModel.class.php 第 9 行.
SQL: SHOW COLUMNS FROM `position` [ RunTime:0.0010s ]
SQL: SELECT * FROM `position` WHERE `status` <> -1 ORDER BY id desc LIMIT 0,5   [ RunTime:0.0003s ]
SQL: SELECT COUNT(*) AS tp_count FROM `position` WHERE `status` <> -1 LIMIT 1   [ RunTime:0.0002s ]
INFO: [ view_parse ] --START--
INFO: [ template_filter ] --START--
INFO: Run Behavior\ContentReplaceBehavior [ RunTime:0.000123s ]
INFO: [ template_filter ] --END-- [ RunTime:0.000242s ]
NOTIC: [2048] Declaration of Common\Model\MenuModel::find() should be compatible with Think\Model::find($options = Array) C:\wamp64\www\TGW\origin\Application\Common\Model\MenuModel.class.php 第 87 行.
SQL: SHOW COLUMNS FROM `menu` [ RunTime:0.0008s ]
SQL: SELECT * FROM `menu` WHERE `status` = 1 AND `type` = 1 ORDER BY listorder desc , menu_id desc  [ RunTime:0.0003s ]
NOTIC: [8] Undefined index: adminUser C:\wamp64\www\TGW\origin\Application\Common\Common\function.php 第 66 行.
NOTIC: [8] Undefined index: adminUser C:\wamp64\www\TGW\origin\Application\Common\Common\function.php 第 66 行.
NOTIC: [8] Undefined index: a C:\wamp64\www\TGW\origin\Application\Common\Common\function.php 第 40 行.
NOTIC: [8] Undefined index: a C:\wamp64\www\TGW\origin\Application\Common\Common\function.php 第 40 行.
NOTIC: [8] Undefined index: a C:\wamp64\www\TGW\origin\Application\Common\Common\function.php 第 40 行.
NOTIC: [8] Undefined index: a C:\wamp64\www\TGW\origin\Application\Common\Common\function.php 第 40 行.
NOTIC: [8] Undefined index: a C:\wamp64\www\TGW\origin\Application\Common\Common\function.php 第 40 行.
INFO: Run Behavior\ParseTemplateBehavior [ RunTime:0.014129s ]
INFO: [ view_parse ] --END-- [ RunTime:0.014223s ]
INFO: [ view_filter ] --START--
INFO: Run Behavior\WriteHtmlCacheBehavior [ RunTime:0.000425s ]
INFO: [ view_filter ] --END-- [ RunTime:0.000514s ]
INFO: [ app_end ] --START--
INFO: Run Behavior\ShowPageTraceBehavior [ RunTime:0.000707s ]
INFO: [ app_end ] --END-- [ RunTime:0.000821s ]

[ 2017-04-30T00:04:24+08:00 ] ::1 /TGW/origin/admin.php?m=Admin&c=Position&a=index&p=2
INFO: [ app_init ] --START--
INFO: Run Behavior\BuildLiteBehavior [ RunTime:0.000022s ]
INFO: [ app_init ] --END-- [ RunTime:0.000359s ]
INFO: [ app_begin ] --START--
INFO: Run Behavior\ReadHtmlCacheBehavior [ RunTime:0.000495s ]
INFO: [ app_begin ] --END-- [ RunTime:0.000599s ]
NOTIC: [8] Undefined index: pageSize C:\wamp64\www\TGW\origin\Application\Admin\Controller\PositionController.class.php 第 27 行.
NOTIC: [2048] Declaration of Common\Model\PositionModel::find() should be compatible with Think\Model::find($options = Array) C:\wamp64\www\TGW\origin\Application\Common\Model\PositionModel.class.php 第 9 行.
SQL: SHOW COLUMNS FROM `position` [ RunTime:0.0015s ]
SQL: SELECT * FROM `position` WHERE `status` <> -1 ORDER BY id desc LIMIT 5,5   [ RunTime:0.0003s ]
SQL: SELECT COUNT(*) AS tp_count FROM `position` WHERE `status` <> -1 LIMIT 1   [ RunTime:0.0002s ]
INFO: [ view_parse ] --START--
INFO: [ template_filter ] --START--
INFO: Run Behavior\ContentReplaceBehavior [ RunTime:0.000072s ]
INFO: [ template_filter ] --END-- [ RunTime:0.000203s ]
NOTIC: [2048] Declaration of Common\Model\MenuModel::find() should be compatible with Think\Model::find($options = Array) C:\wamp64\www\TGW\origin\Application\Common\Model\MenuModel.class.php 第 87 行.
SQL: SHOW COLUMNS FROM `menu` [ RunTime:0.0008s ]
SQL: SELECT * FROM `menu` WHERE `status` = 1 AND `type` = 1 ORDER BY listorder desc , menu_id desc  [ RunTime:0.0003s ]
NOTIC: [8] Undefined index: adminUser C:\wamp64\www\TGW\origin\Application\Common\Common\function.php 第 66 行.
NOTIC: [8] Undefined index: adminUser C:\wamp64\www\TGW\origin\Application\Common\Common\function.php 第 66 行.
NOTIC: [8] Undefined index: a C:\wamp64\www\TGW\origin\Application\Common\Common\function.php 第 40 行.
NOTIC: [8] Undefined index: a C:\wamp64\www\TGW\origin\Application\Common\Common\function.php 第 40 行.
NOTIC: [8] Undefined index: a C:\wamp64\www\TGW\origin\Application\Common\Common\function.php 第 40 行.
NOTIC: [8] Undefined index: a C:\wamp64\www\TGW\origin\Application\Common\Common\function.php 第 40 行.
NOTIC: [8] Undefined index: a C:\wamp64\www\TGW\origin\Application\Common\Common\function.php 第 40 行.
INFO: Run Behavior\ParseTemplateBehavior [ RunTime:0.014139s ]
INFO: [ view_parse ] --END-- [ RunTime:0.014230s ]
INFO: [ view_filter ] --START--
INFO: Run Behavior\WriteHtmlCacheBehavior [ RunTime:0.000398s ]
INFO: [ view_filter ] --END-- [ RunTime:0.000487s ]
INFO: [ app_end ] --START--
INFO: Run Behavior\ShowPageTraceBehavior [ RunTime:0.000596s ]
INFO: [ app_end ] --END-- [ RunTime:0.000696s ]

[ 2017-04-30T00:04:25+08:00 ] ::1 /TGW/origin/admin.php?m=Admin&c=Position&a=index&p=1
INFO: [ app_init ] --START--
INFO: Run Behavior\BuildLiteBehavior [ RunTime:0.000023s ]
INFO: [ app_init ] --END-- [ RunTime:0.000403s ]
INFO: [ app_begin ] --START--
INFO: Run Behavior\ReadHtmlCacheBehavior [ RunTime:0.000539s ]
INFO: [ app_begin ] --END-- [ RunTime:0.000644s ]
NOTIC: [8] Undefined index: pageSize C:\wamp64\www\TGW\origin\Application\Admin\Controller\PositionController.class.php 第 27 行.
NOTIC: [2048] Declaration of Common\Model\PositionModel::find() should be compatible with Think\Model::find($options = Array) C:\wamp64\www\TGW\origin\Application\Common\Model\PositionModel.class.php 第 9 行.
SQL: SHOW COLUMNS FROM `position` [ RunTime:0.0010s ]
SQL: SELECT * FROM `position` WHERE `status` <> -1 ORDER BY id desc LIMIT 0,5   [ RunTime:0.0004s ]
SQL: SELECT COUNT(*) AS tp_count FROM `position` WHERE `status` <> -1 LIMIT 1   [ RunTime:0.0003s ]
INFO: [ view_parse ] --START--
INFO: [ template_filter ] --START--
INFO: Run Behavior\ContentReplaceBehavior [ RunTime:0.000108s ]
INFO: [ template_filter ] --END-- [ RunTime:0.000205s ]
NOTIC: [2048] Declaration of Common\Model\MenuModel::find() should be compatible with Think\Model::find($options = Array) C:\wamp64\www\TGW\origin\Application\Common\Model\MenuModel.class.php 第 87 行.
SQL: SHOW COLUMNS FROM `menu` [ RunTime:0.0007s ]
SQL: SELECT * FROM `menu` WHERE `status` = 1 AND `type` = 1 ORDER BY listorder desc , menu_id desc  [ RunTime:0.0004s ]
NOTIC: [8] Undefined index: adminUser C:\wamp64\www\TGW\origin\Application\Common\Common\function.php 第 66 行.
NOTIC: [8] Undefined index: adminUser C:\wamp64\www\TGW\origin\Application\Common\Common\function.php 第 66 行.
NOTIC: [8] Undefined index: a C:\wamp64\www\TGW\origin\Application\Common\Common\function.php 第 40 行.
NOTIC: [8] Undefined index: a C:\wamp64\www\TGW\origin\Application\Common\Common\function.php 第 40 行.
NOTIC: [8] Undefined index: a C:\wamp64\www\TGW\origin\Application\Common\Common\function.php 第 40 行.
NOTIC: [8] Undefined index: a C:\wamp64\www\TGW\origin\Application\Common\Common\function.php 第 40 行.
NOTIC: [8] Undefined index: a C:\wamp64\www\TGW\origin\Application\Common\Common\function.php 第 40 行.
INFO: Run Behavior\ParseTemplateBehavior [ RunTime:0.013844s ]
INFO: [ view_parse ] --END-- [ RunTime:0.013939s ]
INFO: [ view_filter ] --START--
INFO: Run Behavior\WriteHtmlCacheBehavior [ RunTime:0.000431s ]
INFO: [ view_filter ] --END-- [ RunTime:0.000516s ]
INFO: [ app_end ] --START--
INFO: Run Behavior\ShowPageTraceBehavior [ RunTime:0.000888s ]
INFO: [ app_end ] --END-- [ RunTime:0.001047s ]

[ 2017-04-30T00:04:27+08:00 ] ::1 /TGW/origin/admin.php?c=Position&a=edit&id=8
INFO: [ app_init ] --START--
INFO: Run Behavior\BuildLiteBehavior [ RunTime:0.000020s ]
INFO: [ app_init ] --END-- [ RunTime:0.000346s ]
INFO: [ app_begin ] --START--
INFO: Run Behavior\ReadHtmlCacheBehavior [ RunTime:0.000552s ]
INFO: [ app_begin ] --END-- [ RunTime:0.000653s ]
NOTIC: [2048] Declaration of Common\Model\PositionModel::find() should be compatible with Think\Model::find($options = Array) C:\wamp64\www\TGW\origin\Application\Common\Model\PositionModel.class.php 第 9 行.
SQL: SHOW COLUMNS FROM `position` [ RunTime:0.0008s ]
SQL: SELECT * FROM `position` WHERE ( id=8 ) LIMIT 1   [ RunTime:0.0002s ]
INFO: [ view_parse ] --START--
INFO: [ template_filter ] --START--
INFO: Run Behavior\ContentReplaceBehavior [ RunTime:0.000098s ]
INFO: [ template_filter ] --END-- [ RunTime:0.000210s ]
NOTIC: [2048] Declaration of Common\Model\MenuModel::find() should be compatible with Think\Model::find($options = Array) C:\wamp64\www\TGW\origin\Application\Common\Model\MenuModel.class.php 第 87 行.
SQL: SHOW COLUMNS FROM `menu` [ RunTime:0.0007s ]
SQL: SELECT * FROM `menu` WHERE `status` = 1 AND `type` = 1 ORDER BY listorder desc , menu_id desc  [ RunTime:0.0003s ]
NOTIC: [8] Undefined index: adminUser C:\wamp64\www\TGW\origin\Application\Common\Common\function.php 第 66 行.
NOTIC: [8] Undefined index: adminUser C:\wamp64\www\TGW\origin\Application\Common\Common\function.php 第 66 行.
NOTIC: [8] Undefined index: a C:\wamp64\www\TGW\origin\Application\Common\Common\function.php 第 40 行.
NOTIC: [8] Undefined index: a C:\wamp64\www\TGW\origin\Application\Common\Common\function.php 第 40 行.
NOTIC: [8] Undefined index: a C:\wamp64\www\TGW\origin\Application\Common\Common\function.php 第 40 行.
NOTIC: [8] Undefined index: a C:\wamp64\www\TGW\origin\Application\Common\Common\function.php 第 40 行.
NOTIC: [8] Undefined index: a C:\wamp64\www\TGW\origin\Application\Common\Common\function.php 第 40 行.
INFO: Run Behavior\ParseTemplateBehavior [ RunTime:0.042595s ]
INFO: [ view_parse ] --END-- [ RunTime:0.042686s ]
INFO: [ view_filter ] --START--
INFO: Run Behavior\WriteHtmlCacheBehavior [ RunTime:0.000454s ]
INFO: [ view_filter ] --END-- [ RunTime:0.000538s ]
INFO: [ app_end ] --START--
INFO: Run Behavior\ShowPageTraceBehavior [ RunTime:0.000543s ]
INFO: [ app_end ] --END-- [ RunTime:0.000640s ]

[ 2017-04-30T00:04:34+08:00 ] ::1 /TGW/origin/admin.php?c=Position&a=add
INFO: [ app_init ] --START--
INFO: Run Behavior\BuildLiteBehavior [ RunTime:0.000024s ]
INFO: [ app_init ] --END-- [ RunTime:0.000409s ]
INFO: [ app_begin ] --START--
INFO: Run Behavior\ReadHtmlCacheBehavior [ RunTime:0.000502s ]
INFO: [ app_begin ] --END-- [ RunTime:0.000632s ]
NOTIC: [2048] Declaration of Common\Model\PositionModel::find() should be compatible with Think\Model::find($options = Array) C:\wamp64\www\TGW\origin\Application\Common\Model\PositionModel.class.php 第 9 行.
SQL: SHOW COLUMNS FROM `position` [ RunTime:0.0008s ]
SQL: UPDATE `position` SET `name`='图片轮播',`status`='1' WHERE ( id=8 ) [ RunTime:0.0079s ]

[ 2017-04-30T00:04:34+08:00 ] ::1 /TGW/origin/admin.php?c=Position&a=index
INFO: [ app_init ] --START--
INFO: Run Behavior\BuildLiteBehavior [ RunTime:0.000023s ]
INFO: [ app_init ] --END-- [ RunTime:0.000379s ]
INFO: [ app_begin ] --START--
INFO: Run Behavior\ReadHtmlCacheBehavior [ RunTime:0.000626s ]
INFO: [ app_begin ] --END-- [ RunTime:0.000735s ]
NOTIC: [8] Undefined index: p C:\wamp64\www\TGW\origin\Application\Admin\Controller\PositionController.class.php 第 26 行.
NOTIC: [8] Undefined index: pageSize C:\wamp64\www\TGW\origin\Application\Admin\Controller\PositionController.class.php 第 27 行.
NOTIC: [2048] Declaration of Common\Model\PositionModel::find() should be compatible with Think\Model::find($options = Array) C:\wamp64\www\TGW\origin\Application\Common\Model\PositionModel.class.php 第 9 行.
SQL: SHOW COLUMNS FROM `position` [ RunTime:0.0060s ]
SQL: SELECT * FROM `position` WHERE `status` <> -1 ORDER BY id desc LIMIT 0,5   [ RunTime:0.0004s ]
SQL: SELECT COUNT(*) AS tp_count FROM `position` WHERE `status` <> -1 LIMIT 1   [ RunTime:0.0002s ]
INFO: [ view_parse ] --START--
INFO: [ template_filter ] --START--
INFO: Run Behavior\ContentReplaceBehavior [ RunTime:0.000073s ]
INFO: [ template_filter ] --END-- [ RunTime:0.000172s ]
NOTIC: [2048] Declaration of Common\Model\MenuModel::find() should be compatible with Think\Model::find($options = Array) C:\wamp64\www\TGW\origin\Application\Common\Model\MenuModel.class.php 第 87 行.
SQL: SHOW COLUMNS FROM `menu` [ RunTime:0.0007s ]
SQL: SELECT * FROM `menu` WHERE `status` = 1 AND `type` = 1 ORDER BY listorder desc , menu_id desc  [ RunTime:0.0003s ]
NOTIC: [8] Undefined index: adminUser C:\wamp64\www\TGW\origin\Application\Common\Common\function.php 第 66 行.
NOTIC: [8] Undefined index: adminUser C:\wamp64\www\TGW\origin\Application\Common\Common\function.php 第 66 行.
NOTIC: [8] Undefined index: a C:\wamp64\www\TGW\origin\Application\Common\Common\function.php 第 40 行.
NOTIC: [8] Undefined index: a C:\wamp64\www\TGW\origin\Application\Common\Common\function.php 第 40 行.
NOTIC: [8] Undefined index: a C:\wamp64\www\TGW\origin\Application\Common\Common\function.php 第 40 行.
NOTIC: [8] Undefined index: a C:\wamp64\www\TGW\origin\Application\Common\Common\function.php 第 40 行.
NOTIC: [8] Undefined index: a C:\wamp64\www\TGW\origin\Application\Common\Common\function.php 第 40 行.
INFO: Run Behavior\ParseTemplateBehavior [ RunTime:0.013628s ]
INFO: [ view_parse ] --END-- [ RunTime:0.013722s ]
INFO: [ view_filter ] --START--
INFO: Run Behavior\WriteHtmlCacheBehavior [ RunTime:0.000425s ]
INFO: [ view_filter ] --END-- [ RunTime:0.000512s ]
INFO: [ app_end ] --START--
INFO: Run Behavior\ShowPageTraceBehavior [ RunTime:0.000840s ]
INFO: [ app_end ] --END-- [ RunTime:0.000991s ]

[ 2017-04-30T00:04:36+08:00 ] ::1 /TGW/origin/admin.php?c=content
INFO: [ app_init ] --START--
INFO: Run Behavior\BuildLiteBehavior [ RunTime:0.000022s ]
INFO: [ app_init ] --END-- [ RunTime:0.000358s ]
INFO: [ app_begin ] --START--
INFO: Run Behavior\ReadHtmlCacheBehavior [ RunTime:0.000492s ]
INFO: [ app_begin ] --END-- [ RunTime:0.000596s ]
NOTIC: [8] Undefined index: title C:\wamp64\www\TGW\origin\Application\Admin\Controller\ContentController.class.php 第 13 行.
NOTIC: [8] Undefined index: title C:\wamp64\www\TGW\origin\Application\Admin\Controller\ContentController.class.php 第 18 行.
NOTIC: [8] Undefined index: catid C:\wamp64\www\TGW\origin\Application\Admin\Controller\ContentController.class.php 第 22 行.
NOTIC: [8] Undefined index: p C:\wamp64\www\TGW\origin\Application\Admin\Controller\ContentController.class.php 第 25 行.
NOTIC: [2048] Declaration of Common\Model\NewsModel::find() should be compatible with Think\Model::find($options = Array) C:\wamp64\www\TGW\origin\Application\Common\Model\NewsModel.class.php 第 10 行.
SQL: SHOW COLUMNS FROM `news` [ RunTime:0.0010s ]
SQL: SELECT * FROM `news` WHERE `status` <> -1 ORDER BY listorder desc , news_id desc LIMIT 0,5   [ RunTime:0.0004s ]
SQL: SELECT COUNT(*) AS tp_count FROM `news` WHERE `status` <> -1 LIMIT 1   [ RunTime:0.0002s ]
NOTIC: [8] Undefined index: catid C:\wamp64\www\TGW\origin\Application\Admin\Controller\ContentController.class.php 第 30 行.
NOTIC: [2048] Declaration of Common\Model\PositionModel::find() should be compatible with Think\Model::find($options = Array) C:\wamp64\www\TGW\origin\Application\Common\Model\PositionModel.class.php 第 86 行.
SQL: SHOW COLUMNS FROM `position` [ RunTime:0.0006s ]
SQL: SELECT * FROM `position` WHERE `status` = 1 ORDER BY id  [ RunTime:0.0002s ]
NOTIC: [2048] Declaration of Common\Model\MenuModel::find() should be compatible with Think\Model::find($options = Array) C:\wamp64\www\TGW\origin\Application\Common\Model\MenuModel.class.php 第 87 行.
SQL: SHOW COLUMNS FROM `menu` [ RunTime:0.0004s ]
SQL: SELECT * FROM `menu` WHERE `status` = 1 AND `type` = 0 ORDER BY listorder desc , menu_id desc  [ RunTime:0.0003s ]
INFO: [ view_parse ] --START--
INFO: [ template_filter ] --START--
INFO: Run Behavior\ContentReplaceBehavior [ RunTime:0.000084s ]
INFO: [ template_filter ] --END-- [ RunTime:0.000194s ]
SQL: SELECT * FROM `menu` WHERE `status` = 1 AND `type` = 1 ORDER BY listorder desc , menu_id desc  [ RunTime:0.0004s ]
NOTIC: [8] Undefined index: adminUser C:\wamp64\www\TGW\origin\Application\Common\Common\function.php 第 66 行.
NOTIC: [8] Undefined index: adminUser C:\wamp64\www\TGW\origin\Application\Common\Common\function.php 第 66 行.
NOTIC: [8] Undefined index: a C:\wamp64\www\TGW\origin\Application\Common\Common\function.php 第 40 行.
NOTIC: [8] Undefined index: a C:\wamp64\www\TGW\origin\Application\Common\Common\function.php 第 40 行.
NOTIC: [8] Undefined index: a C:\wamp64\www\TGW\origin\Application\Common\Common\function.php 第 40 行.
NOTIC: [8] Undefined index: a C:\wamp64\www\TGW\origin\Application\Common\Common\function.php 第 40 行.
NOTIC: [8] Undefined index: a C:\wamp64\www\TGW\origin\Application\Common\Common\function.php 第 40 行.
NOTIC: [8] Undefined variable: title C:\wamp64\www\TGW\origin\Application\Runtime\Cache\Admin\ccc9ced3ad798311a07cb47b740981c5.php 第 125 行.
INFO: Run Behavior\ParseTemplateBehavior [ RunTime:0.073505s ]
INFO: [ view_parse ] --END-- [ RunTime:0.073612s ]
INFO: [ view_filter ] --START--
INFO: Run Behavior\WriteHtmlCacheBehavior [ RunTime:0.000431s ]
INFO: [ view_filter ] --END-- [ RunTime:0.000536s ]
INFO: [ app_end ] --START--
INFO: Run Behavior\ShowPageTraceBehavior [ RunTime:0.000800s ]
INFO: [ app_end ] --END-- [ RunTime:0.000957s ]

[ 2017-04-30T00:04:39+08:00 ] ::1 /TGW/origin/admin.php?m=Admin&c=Content&a=index&p=2
INFO: [ app_init ] --START--
INFO: Run Behavior\BuildLiteBehavior [ RunTime:0.000023s ]
INFO: [ app_init ] --END-- [ RunTime:0.000360s ]
INFO: [ app_begin ] --START--
INFO: Run Behavior\ReadHtmlCacheBehavior [ RunTime:0.000493s ]
INFO: [ app_begin ] --END-- [ RunTime:0.000597s ]
NOTIC: [8] Undefined index: title C:\wamp64\www\TGW\origin\Application\Admin\Controller\ContentController.class.php 第 13 行.
NOTIC: [8] Undefined index: title C:\wamp64\www\TGW\origin\Application\Admin\Controller\ContentController.class.php 第 18 行.
NOTIC: [8] Undefined index: catid C:\wamp64\www\TGW\origin\Application\Admin\Controller\ContentController.class.php 第 22 行.
NOTIC: [2048] Declaration of Common\Model\NewsModel::find() should be compatible with Think\Model::find($options = Array) C:\wamp64\www\TGW\origin\Application\Common\Model\NewsModel.class.php 第 10 行.
SQL: SHOW COLUMNS FROM `news` [ RunTime:0.0009s ]
SQL: SELECT * FROM `news` WHERE `status` <> -1 ORDER BY listorder desc , news_id desc LIMIT 5,5   [ RunTime:0.0003s ]
SQL: SELECT COUNT(*) AS tp_count FROM `news` WHERE `status` <> -1 LIMIT 1   [ RunTime:0.0002s ]
NOTIC: [8] Undefined index: catid C:\wamp64\www\TGW\origin\Application\Admin\Controller\ContentController.class.php 第 30 行.
NOTIC: [2048] Declaration of Common\Model\PositionModel::find() should be compatible with Think\Model::find($options = Array) C:\wamp64\www\TGW\origin\Application\Common\Model\PositionModel.class.php 第 86 行.
SQL: SHOW COLUMNS FROM `position` [ RunTime:0.0006s ]
SQL: SELECT * FROM `position` WHERE `status` = 1 ORDER BY id  [ RunTime:0.0003s ]
NOTIC: [2048] Declaration of Common\Model\MenuModel::find() should be compatible with Think\Model::find($options = Array) C:\wamp64\www\TGW\origin\Application\Common\Model\MenuModel.class.php 第 87 行.
SQL: SHOW COLUMNS FROM `menu` [ RunTime:0.0006s ]
SQL: SELECT * FROM `menu` WHERE `status` = 1 AND `type` = 0 ORDER BY listorder desc , menu_id desc  [ RunTime:0.0003s ]
INFO: [ view_parse ] --START--
INFO: [ template_filter ] --START--
INFO: Run Behavior\ContentReplaceBehavior [ RunTime:0.000087s ]
INFO: [ template_filter ] --END-- [ RunTime:0.000205s ]
SQL: SELECT * FROM `menu` WHERE `status` = 1 AND `type` = 1 ORDER BY listorder desc , menu_id desc  [ RunTime:0.0005s ]
NOTIC: [8] Undefined index: adminUser C:\wamp64\www\TGW\origin\Application\Common\Common\function.php 第 66 行.
NOTIC: [8] Undefined index: adminUser C:\wamp64\www\TGW\origin\Application\Common\Common\function.php 第 66 行.
NOTIC: [8] Undefined index: a C:\wamp64\www\TGW\origin\Application\Common\Common\function.php 第 40 行.
NOTIC: [8] Undefined index: a C:\wamp64\www\TGW\origin\Application\Common\Common\function.php 第 40 行.
NOTIC: [8] Undefined index: a C:\wamp64\www\TGW\origin\Application\Common\Common\function.php 第 40 行.
NOTIC: [8] Undefined index: a C:\wamp64\www\TGW\origin\Application\Common\Common\function.php 第 40 行.
NOTIC: [8] Undefined index: a C:\wamp64\www\TGW\origin\Application\Common\Common\function.php 第 40 行.
NOTIC: [8] Undefined variable: title C:\wamp64\www\TGW\origin\Application\Runtime\Cache\Admin\ccc9ced3ad798311a07cb47b740981c5.php 第 125 行.
INFO: Run Behavior\ParseTemplateBehavior [ RunTime:0.077812s ]
INFO: [ view_parse ] --END-- [ RunTime:0.077957s ]
INFO: [ view_filter ] --START--
INFO: Run Behavior\WriteHtmlCacheBehavior [ RunTime:0.000718s ]
INFO: [ view_filter ] --END-- [ RunTime:0.000890s ]
INFO: [ app_end ] --START--
INFO: Run Behavior\ShowPageTraceBehavior [ RunTime:0.000705s ]
INFO: [ app_end ] --END-- [ RunTime:0.000847s ]

[ 2017-04-30T00:04:42+08:00 ] ::1 /TGW/origin/admin.php?m=Admin&c=Content&a=index&p=1
INFO: [ app_init ] --START--
INFO: Run Behavior\BuildLiteBehavior [ RunTime:0.000021s ]
INFO: [ app_init ] --END-- [ RunTime:0.000345s ]
INFO: [ app_begin ] --START--
INFO: Run Behavior\ReadHtmlCacheBehavior [ RunTime:0.000476s ]
INFO: [ app_begin ] --END-- [ RunTime:0.000578s ]
NOTIC: [8] Undefined index: title C:\wamp64\www\TGW\origin\Application\Admin\Controller\ContentController.class.php 第 13 行.
NOTIC: [8] Undefined index: title C:\wamp64\www\TGW\origin\Application\Admin\Controller\ContentController.class.php 第 18 行.
NOTIC: [8] Undefined index: catid C:\wamp64\www\TGW\origin\Application\Admin\Controller\ContentController.class.php 第 22 行.
NOTIC: [2048] Declaration of Common\Model\NewsModel::find() should be compatible with Think\Model::find($options = Array) C:\wamp64\www\TGW\origin\Application\Common\Model\NewsModel.class.php 第 10 行.
SQL: SHOW COLUMNS FROM `news` [ RunTime:0.0008s ]
SQL: SELECT * FROM `news` WHERE `status` <> -1 ORDER BY listorder desc , news_id desc LIMIT 0,5   [ RunTime:0.0005s ]
SQL: SELECT COUNT(*) AS tp_count FROM `news` WHERE `status` <> -1 LIMIT 1   [ RunTime:0.0003s ]
NOTIC: [8] Undefined index: catid C:\wamp64\www\TGW\origin\Application\Admin\Controller\ContentController.class.php 第 30 行.
NOTIC: [2048] Declaration of Common\Model\PositionModel::find() should be compatible with Think\Model::find($options = Array) C:\wamp64\www\TGW\origin\Application\Common\Model\PositionModel.class.php 第 86 行.
SQL: SHOW COLUMNS FROM `position` [ RunTime:0.0008s ]
SQL: SELECT * FROM `position` WHERE `status` = 1 ORDER BY id  [ RunTime:0.0003s ]
NOTIC: [2048] Declaration of Common\Model\MenuModel::find() should be compatible with Think\Model::find($options = Array) C:\wamp64\www\TGW\origin\Application\Common\Model\MenuModel.class.php 第 87 行.
SQL: SHOW COLUMNS FROM `menu` [ RunTime:0.0005s ]
SQL: SELECT * FROM `menu` WHERE `status` = 1 AND `type` = 0 ORDER BY listorder desc , menu_id desc  [ RunTime:0.0003s ]
INFO: [ view_parse ] --START--
INFO: [ template_filter ] --START--
INFO: Run Behavior\ContentReplaceBehavior [ RunTime:0.000092s ]
INFO: [ template_filter ] --END-- [ RunTime:0.000210s ]
SQL: SELECT * FROM `menu` WHERE `status` = 1 AND `type` = 1 ORDER BY listorder desc , menu_id desc  [ RunTime:0.0004s ]
NOTIC: [8] Undefined index: adminUser C:\wamp64\www\TGW\origin\Application\Common\Common\function.php 第 66 行.
NOTIC: [8] Undefined index: adminUser C:\wamp64\www\TGW\origin\Application\Common\Common\function.php 第 66 行.
NOTIC: [8] Undefined index: a C:\wamp64\www\TGW\origin\Application\Common\Common\function.php 第 40 行.
NOTIC: [8] Undefined index: a C:\wamp64\www\TGW\origin\Application\Common\Common\function.php 第 40 行.
NOTIC: [8] Undefined index: a C:\wamp64\www\TGW\origin\Application\Common\Common\function.php 第 40 行.
NOTIC: [8] Undefined index: a C:\wamp64\www\TGW\origin\Application\Common\Common\function.php 第 40 行.
NOTIC: [8] Undefined index: a C:\wamp64\www\TGW\origin\Application\Common\Common\function.php 第 40 行.
NOTIC: [8] Undefined variable: title C:\wamp64\www\TGW\origin\Application\Runtime\Cache\Admin\ccc9ced3ad798311a07cb47b740981c5.php 第 125 行.
INFO: Run Behavior\ParseTemplateBehavior [ RunTime:0.080633s ]
INFO: [ view_parse ] --END-- [ RunTime:0.080746s ]
INFO: [ view_filter ] --START--
INFO: Run Behavior\WriteHtmlCacheBehavior [ RunTime:0.000424s ]
INFO: [ view_filter ] --END-- [ RunTime:0.000536s ]
INFO: [ app_end ] --START--
INFO: Run Behavior\ShowPageTraceBehavior [ RunTime:0.000794s ]
INFO: [ app_end ] --END-- [ RunTime:0.001037s ]

[ 2017-04-30T00:05:00+08:00 ] ::1 /TGW/origin/admin.php?c=content&a=listorder
INFO: [ app_init ] --START--
INFO: Run Behavior\BuildLiteBehavior [ RunTime:0.000023s ]
INFO: [ app_init ] --END-- [ RunTime:0.000373s ]
INFO: [ app_begin ] --START--
INFO: Run Behavior\ReadHtmlCacheBehavior [ RunTime:0.000559s ]
INFO: [ app_begin ] --END-- [ RunTime:0.000647s ]
NOTIC: [2048] Declaration of Common\Model\NewsModel::find() should be compatible with Think\Model::find($options = Array) C:\wamp64\www\TGW\origin\Application\Common\Model\NewsModel.class.php 第 10 行.
SQL: SHOW COLUMNS FROM `news` [ RunTime:0.0008s ]
SQL: UPDATE `news` SET `listorder`='0' WHERE ( news_id=7 ) [ RunTime:0.0003s ]
SQL: UPDATE `news` SET `listorder`='0' WHERE ( news_id=6 ) [ RunTime:0.0002s ]
SQL: UPDATE `news` SET `listorder`='0' WHERE ( news_id=5 ) [ RunTime:0.0002s ]
SQL: UPDATE `news` SET `listorder`='0' WHERE ( news_id=4 ) [ RunTime:0.0002s ]
SQL: UPDATE `news` SET `listorder`='0' WHERE ( news_id=3 ) [ RunTime:0.0002s ]

[ 2017-04-30T00:05:02+08:00 ] ::1 /TGW/origin/admin.php?m=Admin&c=Content&a=index&p=1
INFO: [ app_init ] --START--
INFO: Run Behavior\BuildLiteBehavior [ RunTime:0.000025s ]
INFO: [ app_init ] --END-- [ RunTime:0.000400s ]
INFO: [ app_begin ] --START--
INFO: Run Behavior\ReadHtmlCacheBehavior [ RunTime:0.000526s ]
INFO: [ app_begin ] --END-- [ RunTime:0.000634s ]
NOTIC: [8] Undefined index: title C:\wamp64\www\TGW\origin\Application\Admin\Controller\ContentController.class.php 第 13 行.
NOTIC: [8] Undefined index: title C:\wamp64\www\TGW\origin\Application\Admin\Controller\ContentController.class.php 第 18 行.
NOTIC: [8] Undefined index: catid C:\wamp64\www\TGW\origin\Application\Admin\Controller\ContentController.class.php 第 22 行.
NOTIC: [2048] Declaration of Common\Model\NewsModel::find() should be compatible with Think\Model::find($options = Array) C:\wamp64\www\TGW\origin\Application\Common\Model\NewsModel.class.php 第 10 行.
SQL: SHOW COLUMNS FROM `news` [ RunTime:0.0009s ]
SQL: SELECT * FROM `news` WHERE `status` <> -1 ORDER BY listorder desc , news_id desc LIMIT 0,5   [ RunTime:0.0003s ]
SQL: SELECT COUNT(*) AS tp_count FROM `news` WHERE `status` <> -1 LIMIT 1   [ RunTime:0.0003s ]
NOTIC: [8] Undefined index: catid C:\wamp64\www\TGW\origin\Application\Admin\Controller\ContentController.class.php 第 30 行.
NOTIC: [2048] Declaration of Common\Model\PositionModel::find() should be compatible with Think\Model::find($options = Array) C:\wamp64\www\TGW\origin\Application\Common\Model\PositionModel.class.php 第 86 行.
SQL: SHOW COLUMNS FROM `position` [ RunTime:0.0006s ]
SQL: SELECT * FROM `position` WHERE `status` = 1 ORDER BY id  [ RunTime:0.0003s ]
NOTIC: [2048] Declaration of Common\Model\MenuModel::find() should be compatible with Think\Model::find($options = Array) C:\wamp64\www\TGW\origin\Application\Common\Model\MenuModel.class.php 第 87 行.
SQL: SHOW COLUMNS FROM `menu` [ RunTime:0.0005s ]
SQL: SELECT * FROM `menu` WHERE `status` = 1 AND `type` = 0 ORDER BY listorder desc , menu_id desc  [ RunTime:0.0004s ]
INFO: [ view_parse ] --START--
INFO: [ template_filter ] --START--
INFO: Run Behavior\ContentReplaceBehavior [ RunTime:0.000089s ]
INFO: [ template_filter ] --END-- [ RunTime:0.000209s ]
SQL: SELECT * FROM `menu` WHERE `status` = 1 AND `type` = 1 ORDER BY listorder desc , menu_id desc  [ RunTime:0.0004s ]
NOTIC: [8] Undefined index: adminUser C:\wamp64\www\TGW\origin\Application\Common\Common\function.php 第 66 行.
NOTIC: [8] Undefined index: adminUser C:\wamp64\www\TGW\origin\Application\Common\Common\function.php 第 66 行.
NOTIC: [8] Undefined index: a C:\wamp64\www\TGW\origin\Application\Common\Common\function.php 第 40 行.
NOTIC: [8] Undefined index: a C:\wamp64\www\TGW\origin\Application\Common\Common\function.php 第 40 行.
NOTIC: [8] Undefined index: a C:\wamp64\www\TGW\origin\Application\Common\Common\function.php 第 40 行.
NOTIC: [8] Undefined index: a C:\wamp64\www\TGW\origin\Application\Common\Common\function.php 第 40 行.
NOTIC: [8] Undefined index: a C:\wamp64\www\TGW\origin\Application\Common\Common\function.php 第 40 行.
NOTIC: [8] Undefined variable: title C:\wamp64\www\TGW\origin\Application\Runtime\Cache\Admin\ccc9ced3ad798311a07cb47b740981c5.php 第 125 行.
INFO: Run Behavior\ParseTemplateBehavior [ RunTime:0.074626s ]
INFO: [ view_parse ] --END-- [ RunTime:0.074733s ]
INFO: [ view_filter ] --START--
INFO: Run Behavior\WriteHtmlCacheBehavior [ RunTime:0.000440s ]
INFO: [ view_filter ] --END-- [ RunTime:0.000537s ]
INFO: [ app_end ] --START--
INFO: Run Behavior\ShowPageTraceBehavior [ RunTime:0.000619s ]
INFO: [ app_end ] --END-- [ RunTime:0.000749s ]

[ 2017-04-30T00:05:04+08:00 ] ::1 /TGW/origin/admin.php?m=Admin&c=Content&a=index&p=2
INFO: [ app_init ] --START--
INFO: Run Behavior\BuildLiteBehavior [ RunTime:0.000026s ]
INFO: [ app_init ] --END-- [ RunTime:0.000456s ]
INFO: [ app_begin ] --START--
INFO: Run Behavior\ReadHtmlCacheBehavior [ RunTime:0.000626s ]
INFO: [ app_begin ] --END-- [ RunTime:0.000799s ]
NOTIC: [8] Undefined index: title C:\wamp64\www\TGW\origin\Application\Admin\Controller\ContentController.class.php 第 13 行.
NOTIC: [8] Undefined index: title C:\wamp64\www\TGW\origin\Application\Admin\Controller\ContentController.class.php 第 18 行.
NOTIC: [8] Undefined index: catid C:\wamp64\www\TGW\origin\Application\Admin\Controller\ContentController.class.php 第 22 行.
NOTIC: [2048] Declaration of Common\Model\NewsModel::find() should be compatible with Think\Model::find($options = Array) C:\wamp64\www\TGW\origin\Application\Common\Model\NewsModel.class.php 第 10 行.
SQL: SHOW COLUMNS FROM `news` [ RunTime:0.0008s ]
SQL: SELECT * FROM `news` WHERE `status` <> -1 ORDER BY listorder desc , news_id desc LIMIT 5,5   [ RunTime:0.0003s ]
SQL: SELECT COUNT(*) AS tp_count FROM `news` WHERE `status` <> -1 LIMIT 1   [ RunTime:0.0002s ]
NOTIC: [8] Undefined index: catid C:\wamp64\www\TGW\origin\Application\Admin\Controller\ContentController.class.php 第 30 行.
NOTIC: [2048] Declaration of Common\Model\PositionModel::find() should be compatible with Think\Model::find($options = Array) C:\wamp64\www\TGW\origin\Application\Common\Model\PositionModel.class.php 第 86 行.
SQL: SHOW COLUMNS FROM `position` [ RunTime:0.0010s ]
SQL: SELECT * FROM `position` WHERE `status` = 1 ORDER BY id  [ RunTime:0.0004s ]
NOTIC: [2048] Declaration of Common\Model\MenuModel::find() should be compatible with Think\Model::find($options = Array) C:\wamp64\www\TGW\origin\Application\Common\Model\MenuModel.class.php 第 87 行.
SQL: SHOW COLUMNS FROM `menu` [ RunTime:0.0006s ]
SQL: SELECT * FROM `menu` WHERE `status` = 1 AND `type` = 0 ORDER BY listorder desc , menu_id desc  [ RunTime:0.0004s ]
INFO: [ view_parse ] --START--
INFO: [ template_filter ] --START--
INFO: Run Behavior\ContentReplaceBehavior [ RunTime:0.000089s ]
INFO: [ template_filter ] --END-- [ RunTime:0.000211s ]
SQL: SELECT * FROM `menu` WHERE `status` = 1 AND `type` = 1 ORDER BY listorder desc , menu_id desc  [ RunTime:0.0004s ]
NOTIC: [8] Undefined index: adminUser C:\wamp64\www\TGW\origin\Application\Common\Common\function.php 第 66 行.
NOTIC: [8] Undefined index: adminUser C:\wamp64\www\TGW\origin\Application\Common\Common\function.php 第 66 行.
NOTIC: [8] Undefined index: a C:\wamp64\www\TGW\origin\Application\Common\Common\function.php 第 40 行.
NOTIC: [8] Undefined index: a C:\wamp64\www\TGW\origin\Application\Common\Common\function.php 第 40 行.
NOTIC: [8] Undefined index: a C:\wamp64\www\TGW\origin\Application\Common\Common\function.php 第 40 行.
NOTIC: [8] Undefined index: a C:\wamp64\www\TGW\origin\Application\Common\Common\function.php 第 40 行.
NOTIC: [8] Undefined index: a C:\wamp64\www\TGW\origin\Application\Common\Common\function.php 第 40 行.
NOTIC: [8] Undefined variable: title C:\wamp64\www\TGW\origin\Application\Runtime\Cache\Admin\ccc9ced3ad798311a07cb47b740981c5.php 第 125 行.
INFO: Run Behavior\ParseTemplateBehavior [ RunTime:0.089952s ]
INFO: [ view_parse ] --END-- [ RunTime:0.090098s ]
INFO: [ view_filter ] --START--
INFO: Run Behavior\WriteHtmlCacheBehavior [ RunTime:0.000521s ]
INFO: [ view_filter ] --END-- [ RunTime:0.000668s ]
INFO: [ app_end ] --START--
INFO: Run Behavior\ShowPageTraceBehavior [ RunTime:0.000716s ]
INFO: [ app_end ] --END-- [ RunTime:0.000885s ]

[ 2017-04-30T00:05:10+08:00 ] ::1 /TGW/origin/admin.php?c=content&a=push
INFO: [ app_init ] --START--
INFO: Run Behavior\BuildLiteBehavior [ RunTime:0.000022s ]
INFO: [ app_init ] --END-- [ RunTime:0.000427s ]
INFO: [ app_begin ] --START--
INFO: Run Behavior\ReadHtmlCacheBehavior [ RunTime:0.000498s ]
INFO: [ app_begin ] --END-- [ RunTime:0.000615s ]
NOTIC: [2048] Declaration of Common\Model\NewsModel::find() should be compatible with Think\Model::find($options = Array) C:\wamp64\www\TGW\origin\Application\Common\Model\NewsModel.class.php 第 10 行.
SQL: SHOW COLUMNS FROM `news` [ RunTime:0.0006s ]
SQL: SELECT * FROM `news` WHERE `news_id` IN ('2','1')  [ RunTime:0.0007s ]
NOTIC: [2048] Declaration of Common\Model\PositionContentModel::find() should be compatible with Think\Model::find($options = Array) C:\wamp64\www\TGW\origin\Application\Common\Model\PositionContentModel.class.php 第 104 行.
SQL: SHOW COLUMNS FROM `position_content` [ RunTime:0.0007s ]
SQL: INSERT INTO `position_content` (`position_id`,`title`,`thumb`,`news_id`,`status`,`create_time`) VALUES ('8','测试0','upload/2017/04/28/59021d402f9da.jpg','1','1','1493481910') [ RunTime:0.0003s ]
SQL: INSERT INTO `position_content` (`position_id`,`title`,`thumb`,`news_id`,`status`,`create_time`) VALUES ('8','测试1','upload/2017/04/28/59021d292c587.jpg','2','1','1493481910') [ RunTime:0.0002s ]

[ 2017-04-30T00:05:11+08:00 ] ::1 /TGW/origin/admin.php?c=content&a=index
INFO: [ app_init ] --START--
INFO: Run Behavior\BuildLiteBehavior [ RunTime:0.000023s ]
INFO: [ app_init ] --END-- [ RunTime:0.000350s ]
INFO: [ app_begin ] --START--
INFO: Run Behavior\ReadHtmlCacheBehavior [ RunTime:0.000548s ]
INFO: [ app_begin ] --END-- [ RunTime:0.000661s ]
NOTIC: [8] Undefined index: title C:\wamp64\www\TGW\origin\Application\Admin\Controller\ContentController.class.php 第 13 行.
NOTIC: [8] Undefined index: title C:\wamp64\www\TGW\origin\Application\Admin\Controller\ContentController.class.php 第 18 行.
NOTIC: [8] Undefined index: catid C:\wamp64\www\TGW\origin\Application\Admin\Controller\ContentController.class.php 第 22 行.
NOTIC: [8] Undefined index: p C:\wamp64\www\TGW\origin\Application\Admin\Controller\ContentController.class.php 第 25 行.
NOTIC: [2048] Declaration of Common\Model\NewsModel::find() should be compatible with Think\Model::find($options = Array) C:\wamp64\www\TGW\origin\Application\Common\Model\NewsModel.class.php 第 10 行.
SQL: SHOW COLUMNS FROM `news` [ RunTime:0.0010s ]
SQL: SELECT * FROM `news` WHERE `status` <> -1 ORDER BY listorder desc , news_id desc LIMIT 0,5   [ RunTime:0.0004s ]
SQL: SELECT COUNT(*) AS tp_count FROM `news` WHERE `status` <> -1 LIMIT 1   [ RunTime:0.0003s ]
NOTIC: [8] Undefined index: catid C:\wamp64\www\TGW\origin\Application\Admin\Controller\ContentController.class.php 第 30 行.
NOTIC: [2048] Declaration of Common\Model\PositionModel::find() should be compatible with Think\Model::find($options = Array) C:\wamp64\www\TGW\origin\Application\Common\Model\PositionModel.class.php 第 86 行.
SQL: SHOW COLUMNS FROM `position` [ RunTime:0.0005s ]
SQL: SELECT * FROM `position` WHERE `status` = 1 ORDER BY id  [ RunTime:0.0003s ]
NOTIC: [2048] Declaration of Common\Model\MenuModel::find() should be compatible with Think\Model::find($options = Array) C:\wamp64\www\TGW\origin\Application\Common\Model\MenuModel.class.php 第 87 行.
SQL: SHOW COLUMNS FROM `menu` [ RunTime:0.0005s ]
SQL: SELECT * FROM `menu` WHERE `status` = 1 AND `type` = 0 ORDER BY listorder desc , menu_id desc  [ RunTime:0.0003s ]
INFO: [ view_parse ] --START--
INFO: [ template_filter ] --START--
INFO: Run Behavior\ContentReplaceBehavior [ RunTime:0.000137s ]
INFO: [ template_filter ] --END-- [ RunTime:0.000243s ]
SQL: SELECT * FROM `menu` WHERE `status` = 1 AND `type` = 1 ORDER BY listorder desc , menu_id desc  [ RunTime:0.0005s ]
NOTIC: [8] Undefined index: adminUser C:\wamp64\www\TGW\origin\Application\Common\Common\function.php 第 66 行.
NOTIC: [8] Undefined index: adminUser C:\wamp64\www\TGW\origin\Application\Common\Common\function.php 第 66 行.
NOTIC: [8] Undefined index: a C:\wamp64\www\TGW\origin\Application\Common\Common\function.php 第 40 行.
NOTIC: [8] Undefined index: a C:\wamp64\www\TGW\origin\Application\Common\Common\function.php 第 40 行.
NOTIC: [8] Undefined index: a C:\wamp64\www\TGW\origin\Application\Common\Common\function.php 第 40 行.
NOTIC: [8] Undefined index: a C:\wamp64\www\TGW\origin\Application\Common\Common\function.php 第 40 行.
NOTIC: [8] Undefined index: a C:\wamp64\www\TGW\origin\Application\Common\Common\function.php 第 40 行.
NOTIC: [8] Undefined variable: title C:\wamp64\www\TGW\origin\Application\Runtime\Cache\Admin\ccc9ced3ad798311a07cb47b740981c5.php 第 125 行.
INFO: Run Behavior\ParseTemplateBehavior [ RunTime:0.073168s ]
INFO: [ view_parse ] --END-- [ RunTime:0.073275s ]
INFO: [ view_filter ] --START--
INFO: Run Behavior\WriteHtmlCacheBehavior [ RunTime:0.000505s ]
INFO: [ view_filter ] --END-- [ RunTime:0.000638s ]
INFO: [ app_end ] --START--
INFO: Run Behavior\ShowPageTraceBehavior [ RunTime:0.000575s ]
INFO: [ app_end ] --END-- [ RunTime:0.000704s ]

[ 2017-04-30T00:05:13+08:00 ] ::1 /TGW/origin/admin.php?c=position
INFO: [ app_init ] --START--
INFO: Run Behavior\BuildLiteBehavior [ RunTime:0.000022s ]
INFO: [ app_init ] --END-- [ RunTime:0.000407s ]
INFO: [ app_begin ] --START--
INFO: Run Behavior\ReadHtmlCacheBehavior [ RunTime:0.000569s ]
INFO: [ app_begin ] --END-- [ RunTime:0.000699s ]
NOTIC: [8] Undefined index: p C:\wamp64\www\TGW\origin\Application\Admin\Controller\PositionController.class.php 第 26 行.
NOTIC: [8] Undefined index: pageSize C:\wamp64\www\TGW\origin\Application\Admin\Controller\PositionController.class.php 第 27 行.
NOTIC: [2048] Declaration of Common\Model\PositionModel::find() should be compatible with Think\Model::find($options = Array) C:\wamp64\www\TGW\origin\Application\Common\Model\PositionModel.class.php 第 9 行.
SQL: SHOW COLUMNS FROM `position` [ RunTime:0.0005s ]
SQL: SELECT * FROM `position` WHERE `status` <> -1 ORDER BY id desc LIMIT 0,5   [ RunTime:0.0003s ]
SQL: SELECT COUNT(*) AS tp_count FROM `position` WHERE `status` <> -1 LIMIT 1   [ RunTime:0.0002s ]
INFO: [ view_parse ] --START--
INFO: [ template_filter ] --START--
INFO: Run Behavior\ContentReplaceBehavior [ RunTime:0.000078s ]
INFO: [ template_filter ] --END-- [ RunTime:0.000221s ]
NOTIC: [2048] Declaration of Common\Model\MenuModel::find() should be compatible with Think\Model::find($options = Array) C:\wamp64\www\TGW\origin\Application\Common\Model\MenuModel.class.php 第 87 行.
SQL: SHOW COLUMNS FROM `menu` [ RunTime:0.0006s ]
SQL: SELECT * FROM `menu` WHERE `status` = 1 AND `type` = 1 ORDER BY listorder desc , menu_id desc  [ RunTime:0.0003s ]
NOTIC: [8] Undefined index: adminUser C:\wamp64\www\TGW\origin\Application\Common\Common\function.php 第 66 行.
NOTIC: [8] Undefined index: adminUser C:\wamp64\www\TGW\origin\Application\Common\Common\function.php 第 66 行.
NOTIC: [8] Undefined index: a C:\wamp64\www\TGW\origin\Application\Common\Common\function.php 第 40 行.
NOTIC: [8] Undefined index: a C:\wamp64\www\TGW\origin\Application\Common\Common\function.php 第 40 行.
NOTIC: [8] Undefined index: a C:\wamp64\www\TGW\origin\Application\Common\Common\function.php 第 40 行.
NOTIC: [8] Undefined index: a C:\wamp64\www\TGW\origin\Application\Common\Common\function.php 第 40 行.
NOTIC: [8] Undefined index: a C:\wamp64\www\TGW\origin\Application\Common\Common\function.php 第 40 行.
INFO: Run Behavior\ParseTemplateBehavior [ RunTime:0.014713s ]
INFO: [ view_parse ] --END-- [ RunTime:0.014817s ]
INFO: [ view_filter ] --START--
INFO: Run Behavior\WriteHtmlCacheBehavior [ RunTime:0.000498s ]
INFO: [ view_filter ] --END-- [ RunTime:0.000619s ]
INFO: [ app_end ] --START--
INFO: Run Behavior\ShowPageTraceBehavior [ RunTime:0.000657s ]
INFO: [ app_end ] --END-- [ RunTime:0.000770s ]

[ 2017-04-30T00:07:26+08:00 ] ::1 /TGW/origin/admin.php?c=PositionContent
INFO: [ app_init ] --START--
INFO: Run Behavior\BuildLiteBehavior [ RunTime:0.000022s ]
INFO: [ app_init ] --END-- [ RunTime:0.000373s ]
INFO: [ app_begin ] --START--
INFO: Run Behavior\ReadHtmlCacheBehavior [ RunTime:0.000518s ]
INFO: [ app_begin ] --END-- [ RunTime:0.000627s ]
NOTIC: [2048] Declaration of Common\Model\PositionModel::find() should be compatible with Think\Model::find($options = Array) C:\wamp64\www\TGW\origin\Application\Common\Model\PositionModel.class.php 第 9 行.
SQL: SHOW COLUMNS FROM `position` [ RunTime:0.0006s ]
SQL: SELECT * FROM `position` WHERE `status` = 1 ORDER BY id  [ RunTime:0.0003s ]
NOTIC: [8] Undefined index: title C:\wamp64\www\TGW\origin\Application\Admin\Controller\PositionContentController.class.php 第 17 行.
NOTIC: [8] Undefined index: position_id C:\wamp64\www\TGW\origin\Application\Admin\Controller\PositionContentController.class.php 第 21 行.
NOTIC: [8] Undefined index: p C:\wamp64\www\TGW\origin\Application\Admin\Controller\PositionContentController.class.php 第 24 行.
NOTIC: [8] Undefined index: pageSize C:\wamp64\www\TGW\origin\Application\Admin\Controller\PositionContentController.class.php 第 25 行.
NOTIC: [2048] Declaration of Common\Model\PositionContentModel::find() should be compatible with Think\Model::find($options = Array) C:\wamp64\www\TGW\origin\Application\Common\Model\PositionContentModel.class.php 第 104 行.
SQL: SHOW COLUMNS FROM `position_content` [ RunTime:0.0008s ]
SQL: SELECT * FROM `position_content` WHERE `status` <> -1 AND `position_id` = 1 ORDER BY id desc LIMIT 0,2   [ RunTime:0.0004s ]
SQL: SELECT COUNT(*) AS tp_count FROM `position_content` WHERE `status` <> -1 AND `position_id` = 1 LIMIT 1   [ RunTime:0.0002s ]
NOTIC: [8] Undefined variable: pageRes C:\wamp64\www\TGW\origin\Application\Admin\Controller\PositionContentController.class.php 第 30 行.
NOTIC: [8] Undefined index: title C:\wamp64\www\TGW\origin\Application\Common\Model\PositionContentModel.class.php 第 29 行.
SQL: SELECT * FROM `position_content` WHERE `status` <> -1 AND `position_id` = 1 ORDER BY listorder desc,id desc  [ RunTime:0.0003s ]
INFO: [ view_parse ] --START--
INFO: [ template_filter ] --START--
INFO: Run Behavior\ContentReplaceBehavior [ RunTime:0.000078s ]
INFO: [ template_filter ] --END-- [ RunTime:0.000177s ]
NOTIC: [2048] Declaration of Common\Model\MenuModel::find() should be compatible with Think\Model::find($options = Array) C:\wamp64\www\TGW\origin\Application\Common\Model\MenuModel.class.php 第 87 行.
SQL: SHOW COLUMNS FROM `menu` [ RunTime:0.0008s ]
SQL: SELECT * FROM `menu` WHERE `status` = 1 AND `type` = 1 ORDER BY listorder desc , menu_id desc  [ RunTime:0.0004s ]
NOTIC: [8] Undefined index: adminUser C:\wamp64\www\TGW\origin\Application\Common\Common\function.php 第 66 行.
NOTIC: [8] Undefined index: adminUser C:\wamp64\www\TGW\origin\Application\Common\Common\function.php 第 66 行.
NOTIC: [8] Undefined index: a C:\wamp64\www\TGW\origin\Application\Common\Common\function.php 第 40 行.
NOTIC: [8] Undefined index: a C:\wamp64\www\TGW\origin\Application\Common\Common\function.php 第 40 行.
NOTIC: [8] Undefined index: a C:\wamp64\www\TGW\origin\Application\Common\Common\function.php 第 40 行.
NOTIC: [8] Undefined index: a C:\wamp64\www\TGW\origin\Application\Common\Common\function.php 第 40 行.
NOTIC: [8] Undefined index: a C:\wamp64\www\TGW\origin\Application\Common\Common\function.php 第 40 行.
NOTIC: [8] Undefined variable: title C:\wamp64\www\TGW\origin\Application\Runtime\Cache\Admin\b3c2094605e2b67e8edd0c0d4b77ce4a.php 第 123 行.
INFO: Run Behavior\ParseTemplateBehavior [ RunTime:0.068735s ]
INFO: [ view_parse ] --END-- [ RunTime:0.068833s ]
INFO: [ view_filter ] --START--
INFO: Run Behavior\WriteHtmlCacheBehavior [ RunTime:0.000482s ]
INFO: [ view_filter ] --END-- [ RunTime:0.000574s ]
INFO: [ app_end ] --START--
INFO: Run Behavior\ShowPageTraceBehavior [ RunTime:0.000728s ]
INFO: [ app_end ] --END-- [ RunTime:0.000844s ]

[ 2017-04-30T00:07:29+08:00 ] ::1 /TGW/origin/admin.php?position_id=8&c=PositionContent&a=index&title=
INFO: [ app_init ] --START--
INFO: Run Behavior\BuildLiteBehavior [ RunTime:0.000021s ]
INFO: [ app_init ] --END-- [ RunTime:0.000366s ]
INFO: [ app_begin ] --START--
INFO: Run Behavior\ReadHtmlCacheBehavior [ RunTime:0.000580s ]
INFO: [ app_begin ] --END-- [ RunTime:0.000730s ]
NOTIC: [2048] Declaration of Common\Model\PositionModel::find() should be compatible with Think\Model::find($options = Array) C:\wamp64\www\TGW\origin\Application\Common\Model\PositionModel.class.php 第 9 行.
SQL: SHOW COLUMNS FROM `position` [ RunTime:0.0006s ]
SQL: SELECT * FROM `position` WHERE `status` = 1 ORDER BY id  [ RunTime:0.0003s ]
NOTIC: [8] Undefined index: p C:\wamp64\www\TGW\origin\Application\Admin\Controller\PositionContentController.class.php 第 24 行.
NOTIC: [8] Undefined index: pageSize C:\wamp64\www\TGW\origin\Application\Admin\Controller\PositionContentController.class.php 第 25 行.
NOTIC: [2048] Declaration of Common\Model\PositionContentModel::find() should be compatible with Think\Model::find($options = Array) C:\wamp64\www\TGW\origin\Application\Common\Model\PositionContentModel.class.php 第 104 行.
SQL: SHOW COLUMNS FROM `position_content` [ RunTime:0.0008s ]
SQL: SELECT * FROM `position_content` WHERE `status` <> -1 AND `position_id` = 8 ORDER BY id desc LIMIT 0,2   [ RunTime:0.0004s ]
SQL: SELECT COUNT(*) AS tp_count FROM `position_content` WHERE `status` <> -1 AND `position_id` = 8 LIMIT 1   [ RunTime:0.0002s ]
NOTIC: [8] Undefined variable: pageRes C:\wamp64\www\TGW\origin\Application\Admin\Controller\PositionContentController.class.php 第 30 行.
NOTIC: [8] Undefined index: title C:\wamp64\www\TGW\origin\Application\Common\Model\PositionContentModel.class.php 第 29 行.
SQL: SELECT * FROM `position_content` WHERE `status` <> -1 AND `position_id` = 8 ORDER BY listorder desc,id desc  [ RunTime:0.0003s ]
INFO: [ view_parse ] --START--
INFO: [ template_filter ] --START--
INFO: Run Behavior\ContentReplaceBehavior [ RunTime:0.000080s ]
INFO: [ template_filter ] --END-- [ RunTime:0.000175s ]
NOTIC: [2048] Declaration of Common\Model\MenuModel::find() should be compatible with Think\Model::find($options = Array) C:\wamp64\www\TGW\origin\Application\Common\Model\MenuModel.class.php 第 87 行.
SQL: SHOW COLUMNS FROM `menu` [ RunTime:0.0007s ]
SQL: SELECT * FROM `menu` WHERE `status` = 1 AND `type` = 1 ORDER BY listorder desc , menu_id desc  [ RunTime:0.0004s ]
NOTIC: [8] Undefined index: adminUser C:\wamp64\www\TGW\origin\Application\Common\Common\function.php 第 66 行.
NOTIC: [8] Undefined index: adminUser C:\wamp64\www\TGW\origin\Application\Common\Common\function.php 第 66 行.
NOTIC: [8] Undefined index: a C:\wamp64\www\TGW\origin\Application\Common\Common\function.php 第 40 行.
NOTIC: [8] Undefined index: a C:\wamp64\www\TGW\origin\Application\Common\Common\function.php 第 40 行.
NOTIC: [8] Undefined index: a C:\wamp64\www\TGW\origin\Application\Common\Common\function.php 第 40 行.
NOTIC: [8] Undefined index: a C:\wamp64\www\TGW\origin\Application\Common\Common\function.php 第 40 行.
NOTIC: [8] Undefined index: a C:\wamp64\www\TGW\origin\Application\Common\Common\function.php 第 40 行.
NOTIC: [8] Undefined variable: title C:\wamp64\www\TGW\origin\Application\Runtime\Cache\Admin\b3c2094605e2b67e8edd0c0d4b77ce4a.php 第 123 行.
INFO: Run Behavior\ParseTemplateBehavior [ RunTime:0.074077s ]
INFO: [ view_parse ] --END-- [ RunTime:0.074176s ]
INFO: [ view_filter ] --START--
INFO: Run Behavior\WriteHtmlCacheBehavior [ RunTime:0.000390s ]
INFO: [ view_filter ] --END-- [ RunTime:0.000481s ]
INFO: [ app_end ] --START--
INFO: Run Behavior\ShowPageTraceBehavior [ RunTime:0.000581s ]
INFO: [ app_end ] --END-- [ RunTime:0.000723s ]

