[ 2017-04-30T00:06:24+08:00 ] ::1 /TGW/origin/index.php
INFO: [ app_init ] --START--
INFO: Run Behavior\BuildLiteBehavior [ RunTime:0.000026s ]
INFO: [ app_init ] --END-- [ RunTime:0.000459s ]
INFO: [ app_begin ] --START--
INFO: Run Behavior\ReadHtmlCacheBehavior [ RunTime:0.000859s ]
INFO: [ app_begin ] --END-- [ RunTime:0.001014s ]
NOTIC: [2048] Declaration of Home\Controller\IndexController::error() should be compatible with Think\Controller::error($message = '', $jumpUrl = '', $ajax = false) C:\wamp64\www\TGW\origin\Application\Home\Controller\IndexController.class.php 第 78 行.
NOTIC: [2048] Declaration of Common\Model\MenuModel::find() should be compatible with Think\Model::find($options = Array) C:\wamp64\www\TGW\origin\Application\Common\Model\MenuModel.class.php 第 5 行.
SQL: SHOW COLUMNS FROM `menu` [ RunTime:0.0006s ]
SQL: SELECT * FROM `menu` WHERE `status` = 1 AND `type` = 0 ORDER BY listorder desc , menu_id desc  [ RunTime:0.0003s ]
NOTIC: [2048] Declaration of Common\Model\PositionContentModel::find() should be compatible with Think\Model::find($options = Array) C:\wamp64\www\TGW\origin\Application\Common\Model\PositionContentModel.class.php 第 104 行.
SQL: SHOW COLUMNS FROM `position_content` [ RunTime:0.0056s ]
NOTIC: [8] Undefined index: title C:\wamp64\www\TGW\origin\Application\Common\Model\PositionContentModel.class.php 第 29 行.
SQL: SELECT * FROM `position_content` WHERE `status` = 1 AND `id` = 8 ORDER BY listorder desc,id desc LIMIT 3   [ RunTime:0.0004s ]

[ 2017-04-30T00:07:53+08:00 ] ::1 /TGW/origin/index.php
INFO: [ app_init ] --START--
INFO: Run Behavior\BuildLiteBehavior [ RunTime:0.000021s ]
INFO: [ app_init ] --END-- [ RunTime:0.000494s ]
INFO: [ app_begin ] --START--
INFO: Run Behavior\ReadHtmlCacheBehavior [ RunTime:0.000606s ]
INFO: [ app_begin ] --END-- [ RunTime:0.000723s ]
NOTIC: [2048] Declaration of Home\Controller\IndexController::error() should be compatible with Think\Controller::error($message = '', $jumpUrl = '', $ajax = false) C:\wamp64\www\TGW\origin\Application\Home\Controller\IndexController.class.php 第 78 行.
NOTIC: [2048] Declaration of Common\Model\MenuModel::find() should be compatible with Think\Model::find($options = Array) C:\wamp64\www\TGW\origin\Application\Common\Model\MenuModel.class.php 第 5 行.
SQL: SHOW COLUMNS FROM `menu` [ RunTime:0.0006s ]
SQL: SELECT * FROM `menu` WHERE `status` = 1 AND `type` = 0 ORDER BY listorder desc , menu_id desc  [ RunTime:0.0003s ]
NOTIC: [2048] Declaration of Common\Model\PositionContentModel::find() should be compatible with Think\Model::find($options = Array) C:\wamp64\www\TGW\origin\Application\Common\Model\PositionContentModel.class.php 第 104 行.
SQL: SHOW COLUMNS FROM `position_content` [ RunTime:0.0006s ]
NOTIC: [8] Undefined index: title C:\wamp64\www\TGW\origin\Application\Common\Model\PositionContentModel.class.php 第 29 行.
SQL: SELECT * FROM `position_content` WHERE `status` = 1 AND `id` = 8 ORDER BY listorder desc,id desc LIMIT 4   [ RunTime:0.0002s ]

[ 2017-04-30T00:07:54+08:00 ] ::1 /TGW/origin/index.php
INFO: [ app_init ] --START--
INFO: Run Behavior\BuildLiteBehavior [ RunTime:0.000021s ]
INFO: [ app_init ] --END-- [ RunTime:0.000458s ]
INFO: [ app_begin ] --START--
INFO: Run Behavior\ReadHtmlCacheBehavior [ RunTime:0.000770s ]
INFO: [ app_begin ] --END-- [ RunTime:0.000920s ]
NOTIC: [2048] Declaration of Home\Controller\IndexController::error() should be compatible with Think\Controller::error($message = '', $jumpUrl = '', $ajax = false) C:\wamp64\www\TGW\origin\Application\Home\Controller\IndexController.class.php 第 78 行.
NOTIC: [2048] Declaration of Common\Model\MenuModel::find() should be compatible with Think\Model::find($options = Array) C:\wamp64\www\TGW\origin\Application\Common\Model\MenuModel.class.php 第 5 行.
SQL: SHOW COLUMNS FROM `menu` [ RunTime:0.0007s ]
SQL: SELECT * FROM `menu` WHERE `status` = 1 AND `type` = 0 ORDER BY listorder desc , menu_id desc  [ RunTime:0.0003s ]
NOTIC: [2048] Declaration of Common\Model\PositionContentModel::find() should be compatible with Think\Model::find($options = Array) C:\wamp64\www\TGW\origin\Application\Common\Model\PositionContentModel.class.php 第 104 行.
SQL: SHOW COLUMNS FROM `position_content` [ RunTime:0.0007s ]
NOTIC: [8] Undefined index: title C:\wamp64\www\TGW\origin\Application\Common\Model\PositionContentModel.class.php 第 29 行.
SQL: SELECT * FROM `position_content` WHERE `status` = 1 AND `id` = 8 ORDER BY listorder desc,id desc LIMIT 4   [ RunTime:0.0003s ]

[ 2017-04-30T00:08:23+08:00 ] ::1 /TGW/origin/index.php
INFO: [ app_init ] --START--
INFO: Run Behavior\BuildLiteBehavior [ RunTime:0.000021s ]
INFO: [ app_init ] --END-- [ RunTime:0.000387s ]
INFO: [ app_begin ] --START--
INFO: Run Behavior\ReadHtmlCacheBehavior [ RunTime:0.000638s ]
INFO: [ app_begin ] --END-- [ RunTime:0.000747s ]
NOTIC: [2048] Declaration of Home\Controller\IndexController::error() should be compatible with Think\Controller::error($message = '', $jumpUrl = '', $ajax = false) C:\wamp64\www\TGW\origin\Application\Home\Controller\IndexController.class.php 第 78 行.
NOTIC: [2048] Declaration of Common\Model\MenuModel::find() should be compatible with Think\Model::find($options = Array) C:\wamp64\www\TGW\origin\Application\Common\Model\MenuModel.class.php 第 5 行.
SQL: SHOW COLUMNS FROM `menu` [ RunTime:0.0007s ]
SQL: SELECT * FROM `menu` WHERE `status` = 1 AND `type` = 0 ORDER BY listorder desc , menu_id desc  [ RunTime:0.0003s ]
NOTIC: [2048] Declaration of Common\Model\PositionContentModel::find() should be compatible with Think\Model::find($options = Array) C:\wamp64\www\TGW\origin\Application\Common\Model\PositionContentModel.class.php 第 104 行.
SQL: SHOW COLUMNS FROM `position_content` [ RunTime:0.0007s ]
NOTIC: [8] Undefined index: title C:\wamp64\www\TGW\origin\Application\Common\Model\PositionContentModel.class.php 第 29 行.
SQL: SELECT * FROM `position_content` WHERE `status` = 0 AND `id` = 8 ORDER BY listorder desc,id desc LIMIT 4   [ RunTime:0.0003s ]

[ 2017-04-30T00:08:28+08:00 ] ::1 /TGW/origin/index.php
INFO: [ app_init ] --START--
INFO: Run Behavior\BuildLiteBehavior [ RunTime:0.000037s ]
INFO: [ app_init ] --END-- [ RunTime:0.000400s ]
INFO: [ app_begin ] --START--
INFO: Run Behavior\ReadHtmlCacheBehavior [ RunTime:0.000620s ]
INFO: [ app_begin ] --END-- [ RunTime:0.000727s ]
NOTIC: [2048] Declaration of Home\Controller\IndexController::error() should be compatible with Think\Controller::error($message = '', $jumpUrl = '', $ajax = false) C:\wamp64\www\TGW\origin\Application\Home\Controller\IndexController.class.php 第 78 行.
NOTIC: [2048] Declaration of Common\Model\MenuModel::find() should be compatible with Think\Model::find($options = Array) C:\wamp64\www\TGW\origin\Application\Common\Model\MenuModel.class.php 第 5 行.
SQL: SHOW COLUMNS FROM `menu` [ RunTime:0.0005s ]
SQL: SELECT * FROM `menu` WHERE `status` = 1 AND `type` = 0 ORDER BY listorder desc , menu_id desc  [ RunTime:0.0004s ]
NOTIC: [2048] Declaration of Common\Model\PositionContentModel::find() should be compatible with Think\Model::find($options = Array) C:\wamp64\www\TGW\origin\Application\Common\Model\PositionContentModel.class.php 第 104 行.
SQL: SHOW COLUMNS FROM `position_content` [ RunTime:0.0008s ]
NOTIC: [8] Undefined index: title C:\wamp64\www\TGW\origin\Application\Common\Model\PositionContentModel.class.php 第 29 行.
SQL: SELECT * FROM `position_content` WHERE `status` = 1 AND `id` = 8 ORDER BY listorder desc,id desc LIMIT 4   [ RunTime:0.0003s ]

[ 2017-04-30T00:09:22+08:00 ] ::1 /TGW/origin/index.php
INFO: [ app_init ] --START--
INFO: Run Behavior\BuildLiteBehavior [ RunTime:0.000027s ]
INFO: [ app_init ] --END-- [ RunTime:0.000498s ]
INFO: [ app_begin ] --START--
INFO: Run Behavior\ReadHtmlCacheBehavior [ RunTime:0.000589s ]
INFO: [ app_begin ] --END-- [ RunTime:0.000713s ]
NOTIC: [2048] Declaration of Home\Controller\IndexController::error() should be compatible with Think\Controller::error($message = '', $jumpUrl = '', $ajax = false) C:\wamp64\www\TGW\origin\Application\Home\Controller\IndexController.class.php 第 78 行.
NOTIC: [2048] Declaration of Common\Model\MenuModel::find() should be compatible with Think\Model::find($options = Array) C:\wamp64\www\TGW\origin\Application\Common\Model\MenuModel.class.php 第 5 行.
SQL: SHOW COLUMNS FROM `menu` [ RunTime:0.0009s ]
SQL: SELECT * FROM `menu` WHERE `status` = 1 AND `type` = 0 ORDER BY listorder desc , menu_id desc  [ RunTime:0.0003s ]
NOTIC: [2048] Declaration of Common\Model\PositionContentModel::find() should be compatible with Think\Model::find($options = Array) C:\wamp64\www\TGW\origin\Application\Common\Model\PositionContentModel.class.php 第 104 行.
SQL: SHOW COLUMNS FROM `position_content` [ RunTime:0.0006s ]
NOTIC: [8] Undefined index: title C:\wamp64\www\TGW\origin\Application\Common\Model\PositionContentModel.class.php 第 29 行.
SQL: SELECT * FROM `position_content` WHERE `status` = 1 AND `position_id` = 8 ORDER BY listorder desc,id desc LIMIT 4   [ RunTime:0.0003s ]

[ 2017-04-30T00:11:49+08:00 ] ::1 /TGW/origin/index.php
INFO: [ app_init ] --START--
INFO: Run Behavior\BuildLiteBehavior [ RunTime:0.000021s ]
INFO: [ app_init ] --END-- [ RunTime:0.000422s ]
INFO: [ app_begin ] --START--
INFO: Run Behavior\ReadHtmlCacheBehavior [ RunTime:0.000598s ]
INFO: [ app_begin ] --END-- [ RunTime:0.000749s ]
NOTIC: [2048] Declaration of Home\Controller\IndexController::error() should be compatible with Think\Controller::error($message = '', $jumpUrl = '', $ajax = false) C:\wamp64\www\TGW\origin\Application\Home\Controller\IndexController.class.php 第 79 行.
NOTIC: [2048] Declaration of Common\Model\MenuModel::find() should be compatible with Think\Model::find($options = Array) C:\wamp64\www\TGW\origin\Application\Common\Model\MenuModel.class.php 第 5 行.
SQL: SHOW COLUMNS FROM `menu` [ RunTime:0.0007s ]
SQL: SELECT * FROM `menu` WHERE `status` = 1 AND `type` = 0 ORDER BY listorder desc , menu_id desc  [ RunTime:0.0004s ]
NOTIC: [2048] Declaration of Common\Model\PositionContentModel::find() should be compatible with Think\Model::find($options = Array) C:\wamp64\www\TGW\origin\Application\Common\Model\PositionContentModel.class.php 第 104 行.
SQL: SHOW COLUMNS FROM `position_content` [ RunTime:0.0006s ]
NOTIC: [8] Undefined index: title C:\wamp64\www\TGW\origin\Application\Common\Model\PositionContentModel.class.php 第 29 行.
SQL: SELECT * FROM `position_content` WHERE `status` = 1 AND `position_id` = 8 ORDER BY listorder desc,id desc LIMIT 4   [ RunTime:0.0005s ]
INFO: [ view_parse ] --START--
INFO: [ template_filter ] --START--
INFO: Run Behavior\ContentReplaceBehavior [ RunTime:0.000124s ]
INFO: [ template_filter ] --END-- [ RunTime:0.000225s ]
INFO: Run Behavior\ParseTemplateBehavior [ RunTime:0.045939s ]
INFO: [ view_parse ] --END-- [ RunTime:0.046087s ]
INFO: [ view_filter ] --START--
INFO: Run Behavior\WriteHtmlCacheBehavior [ RunTime:0.000361s ]
INFO: [ view_filter ] --END-- [ RunTime:0.000455s ]
INFO: [ app_end ] --START--
INFO: Run Behavior\ShowPageTraceBehavior [ RunTime:0.001254s ]
INFO: [ app_end ] --END-- [ RunTime:0.001415s ]

[ 2017-04-30T00:12:03+08:00 ] ::1 /TGW/origin/index.php
INFO: [ app_init ] --START--
INFO: Run Behavior\BuildLiteBehavior [ RunTime:0.000063s ]
INFO: [ app_init ] --END-- [ RunTime:0.000482s ]
INFO: [ app_begin ] --START--
INFO: Run Behavior\ReadHtmlCacheBehavior [ RunTime:0.000687s ]
INFO: [ app_begin ] --END-- [ RunTime:0.000825s ]
NOTIC: [2048] Declaration of Home\Controller\IndexController::error() should be compatible with Think\Controller::error($message = '', $jumpUrl = '', $ajax = false) C:\wamp64\www\TGW\origin\Application\Home\Controller\IndexController.class.php 第 79 行.
NOTIC: [2048] Declaration of Common\Model\MenuModel::find() should be compatible with Think\Model::find($options = Array) C:\wamp64\www\TGW\origin\Application\Common\Model\MenuModel.class.php 第 5 行.
SQL: SHOW COLUMNS FROM `menu` [ RunTime:0.0004s ]
SQL: SELECT * FROM `menu` WHERE `status` = 1 AND `type` = 0 ORDER BY listorder desc , menu_id desc  [ RunTime:0.0005s ]
NOTIC: [2048] Declaration of Common\Model\PositionContentModel::find() should be compatible with Think\Model::find($options = Array) C:\wamp64\www\TGW\origin\Application\Common\Model\PositionContentModel.class.php 第 104 行.
SQL: SHOW COLUMNS FROM `position_content` [ RunTime:0.0012s ]
NOTIC: [8] Undefined index: title C:\wamp64\www\TGW\origin\Application\Common\Model\PositionContentModel.class.php 第 29 行.
SQL: SELECT * FROM `position_content` WHERE `status` = 1 AND `position_id` = 8 ORDER BY listorder desc,id desc LIMIT 4   [ RunTime:0.0005s ]
INFO: [ view_parse ] --START--
INFO: [ template_filter ] --START--
INFO: Run Behavior\ContentReplaceBehavior [ RunTime:0.000115s ]
INFO: [ template_filter ] --END-- [ RunTime:0.000233s ]
INFO: Run Behavior\ParseTemplateBehavior [ RunTime:0.047824s ]
INFO: [ view_parse ] --END-- [ RunTime:0.047980s ]
INFO: [ view_filter ] --START--
INFO: Run Behavior\WriteHtmlCacheBehavior [ RunTime:0.000384s ]
INFO: [ view_filter ] --END-- [ RunTime:0.000477s ]
INFO: [ app_end ] --START--
INFO: Run Behavior\ShowPageTraceBehavior [ RunTime:0.000967s ]
INFO: [ app_end ] --END-- [ RunTime:0.001168s ]

[ 2017-04-30T00:13:20+08:00 ] ::1 /TGW/origin/index.php
INFO: [ app_init ] --START--
INFO: Run Behavior\BuildLiteBehavior [ RunTime:0.000021s ]
INFO: [ app_init ] --END-- [ RunTime:0.000468s ]
INFO: [ app_begin ] --START--
INFO: Run Behavior\ReadHtmlCacheBehavior [ RunTime:0.000561s ]
INFO: [ app_begin ] --END-- [ RunTime:0.000689s ]
NOTIC: [2048] Declaration of Home\Controller\IndexController::error() should be compatible with Think\Controller::error($message = '', $jumpUrl = '', $ajax = false) C:\wamp64\www\TGW\origin\Application\Home\Controller\IndexController.class.php 第 79 行.
NOTIC: [2048] Declaration of Common\Model\MenuModel::find() should be compatible with Think\Model::find($options = Array) C:\wamp64\www\TGW\origin\Application\Common\Model\MenuModel.class.php 第 5 行.
SQL: SHOW COLUMNS FROM `menu` [ RunTime:0.0006s ]
SQL: SELECT * FROM `menu` WHERE `status` = 1 AND `type` = 0 ORDER BY listorder desc , menu_id desc  [ RunTime:0.0003s ]
NOTIC: [2048] Declaration of Common\Model\PositionContentModel::find() should be compatible with Think\Model::find($options = Array) C:\wamp64\www\TGW\origin\Application\Common\Model\PositionContentModel.class.php 第 104 行.
SQL: SHOW COLUMNS FROM `position_content` [ RunTime:0.0009s ]
NOTIC: [8] Undefined index: title C:\wamp64\www\TGW\origin\Application\Common\Model\PositionContentModel.class.php 第 29 行.
SQL: SELECT * FROM `position_content` WHERE `status` = 1 AND `position_id` = 8 ORDER BY listorder desc,id desc LIMIT 4   [ RunTime:0.0005s ]
INFO: [ view_parse ] --START--
INFO: [ template_filter ] --START--
INFO: Run Behavior\ContentReplaceBehavior [ RunTime:0.000117s ]
INFO: [ template_filter ] --END-- [ RunTime:0.000220s ]
NOTIC: [8] Undefined index: title C:\wamp64\www\TGW\origin\Application\Runtime\Cache\Home\2a94b8bda04ff446dcedd42276fc99ee.php 第 169 行.
INFO: Run Behavior\ParseTemplateBehavior [ RunTime:0.041053s ]
INFO: [ view_parse ] --END-- [ RunTime:0.041171s ]
INFO: [ view_filter ] --START--
INFO: Run Behavior\WriteHtmlCacheBehavior [ RunTime:0.000407s ]
INFO: [ view_filter ] --END-- [ RunTime:0.000492s ]
INFO: [ app_end ] --START--
INFO: Run Behavior\ShowPageTraceBehavior [ RunTime:0.001361s ]
INFO: [ app_end ] --END-- [ RunTime:0.001571s ]

[ 2017-04-30T00:13:51+08:00 ] ::1 /TGW/origin/index.php
INFO: [ app_init ] --START--
INFO: Run Behavior\BuildLiteBehavior [ RunTime:0.000022s ]
INFO: [ app_init ] --END-- [ RunTime:0.000497s ]
INFO: [ app_begin ] --START--
INFO: Run Behavior\ReadHtmlCacheBehavior [ RunTime:0.000550s ]
INFO: [ app_begin ] --END-- [ RunTime:0.000665s ]
NOTIC: [2048] Declaration of Home\Controller\IndexController::error() should be compatible with Think\Controller::error($message = '', $jumpUrl = '', $ajax = false) C:\wamp64\www\TGW\origin\Application\Home\Controller\IndexController.class.php 第 79 行.
NOTIC: [2048] Declaration of Common\Model\MenuModel::find() should be compatible with Think\Model::find($options = Array) C:\wamp64\www\TGW\origin\Application\Common\Model\MenuModel.class.php 第 5 行.
SQL: SHOW COLUMNS FROM `menu` [ RunTime:0.0006s ]
SQL: SELECT * FROM `menu` WHERE `status` = 1 AND `type` = 0 ORDER BY listorder desc , menu_id desc  [ RunTime:0.0003s ]
NOTIC: [2048] Declaration of Common\Model\PositionContentModel::find() should be compatible with Think\Model::find($options = Array) C:\wamp64\www\TGW\origin\Application\Common\Model\PositionContentModel.class.php 第 104 行.
SQL: SHOW COLUMNS FROM `position_content` [ RunTime:0.0006s ]
NOTIC: [8] Undefined index: title C:\wamp64\www\TGW\origin\Application\Common\Model\PositionContentModel.class.php 第 29 行.
SQL: SELECT * FROM `position_content` WHERE `status` = 1 AND `position_id` = 8 ORDER BY listorder desc,id desc LIMIT 4   [ RunTime:0.0003s ]
INFO: [ view_parse ] --START--
INFO: [ template_filter ] --START--
INFO: Run Behavior\ContentReplaceBehavior [ RunTime:0.000117s ]
INFO: [ template_filter ] --END-- [ RunTime:0.000221s ]
NOTIC: [8] Undefined index: title C:\wamp64\www\TGW\origin\Application\Runtime\Cache\Home\2a94b8bda04ff446dcedd42276fc99ee.php 第 169 行.
INFO: Run Behavior\ParseTemplateBehavior [ RunTime:0.039445s ]
INFO: [ view_parse ] --END-- [ RunTime:0.039549s ]
INFO: [ view_filter ] --START--
INFO: Run Behavior\WriteHtmlCacheBehavior [ RunTime:0.000412s ]
INFO: [ view_filter ] --END-- [ RunTime:0.000521s ]
INFO: [ app_end ] --START--
INFO: Run Behavior\ShowPageTraceBehavior [ RunTime:0.000679s ]
INFO: [ app_end ] --END-- [ RunTime:0.000800s ]

[ 2017-04-30T00:17:55+08:00 ] ::1 /TGW/origin/index.php
INFO: [ app_init ] --START--
INFO: Run Behavior\BuildLiteBehavior [ RunTime:0.000020s ]
INFO: [ app_init ] --END-- [ RunTime:0.000368s ]
INFO: [ app_begin ] --START--
INFO: Run Behavior\ReadHtmlCacheBehavior [ RunTime:0.000602s ]
INFO: [ app_begin ] --END-- [ RunTime:0.000709s ]
NOTIC: [2048] Declaration of Home\Controller\IndexController::error() should be compatible with Think\Controller::error($message = '', $jumpUrl = '', $ajax = false) C:\wamp64\www\TGW\origin\Application\Home\Controller\IndexController.class.php 第 79 行.
NOTIC: [2048] Declaration of Common\Model\MenuModel::find() should be compatible with Think\Model::find($options = Array) C:\wamp64\www\TGW\origin\Application\Common\Model\MenuModel.class.php 第 5 行.
SQL: SHOW COLUMNS FROM `menu` [ RunTime:0.0007s ]
SQL: SELECT * FROM `menu` WHERE `status` = 1 AND `type` = 0 ORDER BY listorder desc , menu_id desc  [ RunTime:0.0004s ]
NOTIC: [2048] Declaration of Common\Model\PositionContentModel::find() should be compatible with Think\Model::find($options = Array) C:\wamp64\www\TGW\origin\Application\Common\Model\PositionContentModel.class.php 第 104 行.
SQL: SHOW COLUMNS FROM `position_content` [ RunTime:0.0007s ]
NOTIC: [8] Undefined index: title C:\wamp64\www\TGW\origin\Application\Common\Model\PositionContentModel.class.php 第 29 行.
SQL: SELECT * FROM `position_content` WHERE `status` = 1 AND `position_id` = 8 ORDER BY listorder desc,id desc LIMIT 4   [ RunTime:0.0004s ]
NOTIC: [8] Undefined variable: Carousel C:\wamp64\www\TGW\origin\Application\Home\Controller\IndexController.class.php 第 12 行.

[ 2017-04-30T00:17:56+08:00 ] ::1 /TGW/origin/index.php
INFO: [ app_init ] --START--
INFO: Run Behavior\BuildLiteBehavior [ RunTime:0.000019s ]
INFO: [ app_init ] --END-- [ RunTime:0.000356s ]
INFO: [ app_begin ] --START--
INFO: Run Behavior\ReadHtmlCacheBehavior [ RunTime:0.000528s ]
INFO: [ app_begin ] --END-- [ RunTime:0.000643s ]
NOTIC: [2048] Declaration of Home\Controller\IndexController::error() should be compatible with Think\Controller::error($message = '', $jumpUrl = '', $ajax = false) C:\wamp64\www\TGW\origin\Application\Home\Controller\IndexController.class.php 第 79 行.
NOTIC: [2048] Declaration of Common\Model\MenuModel::find() should be compatible with Think\Model::find($options = Array) C:\wamp64\www\TGW\origin\Application\Common\Model\MenuModel.class.php 第 5 行.
SQL: SHOW COLUMNS FROM `menu` [ RunTime:0.0007s ]
SQL: SELECT * FROM `menu` WHERE `status` = 1 AND `type` = 0 ORDER BY listorder desc , menu_id desc  [ RunTime:0.0003s ]
NOTIC: [2048] Declaration of Common\Model\PositionContentModel::find() should be compatible with Think\Model::find($options = Array) C:\wamp64\www\TGW\origin\Application\Common\Model\PositionContentModel.class.php 第 104 行.
SQL: SHOW COLUMNS FROM `position_content` [ RunTime:0.0005s ]
NOTIC: [8] Undefined index: title C:\wamp64\www\TGW\origin\Application\Common\Model\PositionContentModel.class.php 第 29 行.
SQL: SELECT * FROM `position_content` WHERE `status` = 1 AND `position_id` = 8 ORDER BY listorder desc,id desc LIMIT 4   [ RunTime:0.0003s ]
NOTIC: [8] Undefined variable: Carousel C:\wamp64\www\TGW\origin\Application\Home\Controller\IndexController.class.php 第 12 行.

[ 2017-04-30T00:18:06+08:00 ] ::1 /TGW/origin/index.php
INFO: [ app_init ] --START--
INFO: Run Behavior\BuildLiteBehavior [ RunTime:0.000022s ]
INFO: [ app_init ] --END-- [ RunTime:0.000441s ]
INFO: [ app_begin ] --START--
INFO: Run Behavior\ReadHtmlCacheBehavior [ RunTime:0.000682s ]
INFO: [ app_begin ] --END-- [ RunTime:0.000820s ]
NOTIC: [2048] Declaration of Home\Controller\IndexController::error() should be compatible with Think\Controller::error($message = '', $jumpUrl = '', $ajax = false) C:\wamp64\www\TGW\origin\Application\Home\Controller\IndexController.class.php 第 79 行.
NOTIC: [2048] Declaration of Common\Model\MenuModel::find() should be compatible with Think\Model::find($options = Array) C:\wamp64\www\TGW\origin\Application\Common\Model\MenuModel.class.php 第 5 行.
SQL: SHOW COLUMNS FROM `menu` [ RunTime:0.0006s ]
SQL: SELECT * FROM `menu` WHERE `status` = 1 AND `type` = 0 ORDER BY listorder desc , menu_id desc  [ RunTime:0.0004s ]
NOTIC: [2048] Declaration of Common\Model\PositionContentModel::find() should be compatible with Think\Model::find($options = Array) C:\wamp64\www\TGW\origin\Application\Common\Model\PositionContentModel.class.php 第 104 行.
SQL: SHOW COLUMNS FROM `position_content` [ RunTime:0.0004s ]
NOTIC: [8] Undefined index: title C:\wamp64\www\TGW\origin\Application\Common\Model\PositionContentModel.class.php 第 29 行.
SQL: SELECT * FROM `position_content` WHERE `status` = 1 AND `position_id` = 8 ORDER BY listorder desc,id desc LIMIT 4   [ RunTime:0.0003s ]

[ 2017-04-30T00:20:09+08:00 ] ::1 /TGW/origin/index.php
INFO: [ app_init ] --START--
INFO: Run Behavior\BuildLiteBehavior [ RunTime:0.000060s ]
INFO: [ app_init ] --END-- [ RunTime:0.000500s ]
INFO: [ app_begin ] --START--
INFO: Run Behavior\ReadHtmlCacheBehavior [ RunTime:0.000633s ]
INFO: [ app_begin ] --END-- [ RunTime:0.000762s ]
NOTIC: [2048] Declaration of Home\Controller\IndexController::error() should be compatible with Think\Controller::error($message = '', $jumpUrl = '', $ajax = false) C:\wamp64\www\TGW\origin\Application\Home\Controller\IndexController.class.php 第 79 行.
NOTIC: [2048] Declaration of Common\Model\MenuModel::find() should be compatible with Think\Model::find($options = Array) C:\wamp64\www\TGW\origin\Application\Common\Model\MenuModel.class.php 第 5 行.
SQL: SHOW COLUMNS FROM `menu` [ RunTime:0.0006s ]
SQL: SELECT * FROM `menu` WHERE `status` = 1 AND `type` = 0 ORDER BY listorder desc , menu_id desc  [ RunTime:0.0004s ]
NOTIC: [2048] Declaration of Common\Model\PositionContentModel::find() should be compatible with Think\Model::find($options = Array) C:\wamp64\www\TGW\origin\Application\Common\Model\PositionContentModel.class.php 第 104 行.
SQL: SHOW COLUMNS FROM `position_content` [ RunTime:0.0007s ]
NOTIC: [8] Undefined index: title C:\wamp64\www\TGW\origin\Application\Common\Model\PositionContentModel.class.php 第 29 行.
SQL: SELECT * FROM `position_content` WHERE `status` = 1 AND `position_id` = 8 ORDER BY listorder desc,id desc LIMIT 4   [ RunTime:0.0005s ]
NOTIC: [8] Use of undefined constant key - assumed 'key' C:\wamp64\www\TGW\origin\Application\Home\Controller\IndexController.class.php 第 12 行.
NOTIC: [8] Undefined index: key C:\wamp64\www\TGW\origin\Application\Home\Controller\IndexController.class.php 第 12 行.

[ 2017-04-30T00:20:17+08:00 ] ::1 /TGW/origin/index.php
INFO: [ app_init ] --START--
INFO: Run Behavior\BuildLiteBehavior [ RunTime:0.000021s ]
INFO: [ app_init ] --END-- [ RunTime:0.000387s ]
INFO: [ app_begin ] --START--
INFO: Run Behavior\ReadHtmlCacheBehavior [ RunTime:0.000566s ]
INFO: [ app_begin ] --END-- [ RunTime:0.000673s ]
NOTIC: [2048] Declaration of Home\Controller\IndexController::error() should be compatible with Think\Controller::error($message = '', $jumpUrl = '', $ajax = false) C:\wamp64\www\TGW\origin\Application\Home\Controller\IndexController.class.php 第 79 行.
NOTIC: [2048] Declaration of Common\Model\MenuModel::find() should be compatible with Think\Model::find($options = Array) C:\wamp64\www\TGW\origin\Application\Common\Model\MenuModel.class.php 第 5 行.
SQL: SHOW COLUMNS FROM `menu` [ RunTime:0.0008s ]
SQL: SELECT * FROM `menu` WHERE `status` = 1 AND `type` = 0 ORDER BY listorder desc , menu_id desc  [ RunTime:0.0003s ]
NOTIC: [2048] Declaration of Common\Model\PositionContentModel::find() should be compatible with Think\Model::find($options = Array) C:\wamp64\www\TGW\origin\Application\Common\Model\PositionContentModel.class.php 第 104 行.
SQL: SHOW COLUMNS FROM `position_content` [ RunTime:0.0004s ]
NOTIC: [8] Undefined index: title C:\wamp64\www\TGW\origin\Application\Common\Model\PositionContentModel.class.php 第 29 行.
SQL: SELECT * FROM `position_content` WHERE `status` = 1 AND `position_id` = 8 ORDER BY listorder desc,id desc LIMIT 4   [ RunTime:0.0003s ]
NOTIC: [8] Undefined variable: key C:\wamp64\www\TGW\origin\Application\Home\Controller\IndexController.class.php 第 12 行.
NOTIC: [8] Undefined index:  C:\wamp64\www\TGW\origin\Application\Home\Controller\IndexController.class.php 第 12 行.

[ 2017-04-30T00:20:17+08:00 ] ::1 /TGW/origin/index.php
INFO: [ app_init ] --START--
INFO: Run Behavior\BuildLiteBehavior [ RunTime:0.000021s ]
INFO: [ app_init ] --END-- [ RunTime:0.000388s ]
INFO: [ app_begin ] --START--
INFO: Run Behavior\ReadHtmlCacheBehavior [ RunTime:0.000593s ]
INFO: [ app_begin ] --END-- [ RunTime:0.000706s ]
NOTIC: [2048] Declaration of Home\Controller\IndexController::error() should be compatible with Think\Controller::error($message = '', $jumpUrl = '', $ajax = false) C:\wamp64\www\TGW\origin\Application\Home\Controller\IndexController.class.php 第 79 行.
NOTIC: [2048] Declaration of Common\Model\MenuModel::find() should be compatible with Think\Model::find($options = Array) C:\wamp64\www\TGW\origin\Application\Common\Model\MenuModel.class.php 第 5 行.
SQL: SHOW COLUMNS FROM `menu` [ RunTime:0.0007s ]
SQL: SELECT * FROM `menu` WHERE `status` = 1 AND `type` = 0 ORDER BY listorder desc , menu_id desc  [ RunTime:0.0003s ]
NOTIC: [2048] Declaration of Common\Model\PositionContentModel::find() should be compatible with Think\Model::find($options = Array) C:\wamp64\www\TGW\origin\Application\Common\Model\PositionContentModel.class.php 第 104 行.
SQL: SHOW COLUMNS FROM `position_content` [ RunTime:0.0004s ]
NOTIC: [8] Undefined index: title C:\wamp64\www\TGW\origin\Application\Common\Model\PositionContentModel.class.php 第 29 行.
SQL: SELECT * FROM `position_content` WHERE `status` = 1 AND `position_id` = 8 ORDER BY listorder desc,id desc LIMIT 4   [ RunTime:0.0003s ]
NOTIC: [8] Undefined variable: key C:\wamp64\www\TGW\origin\Application\Home\Controller\IndexController.class.php 第 12 行.
NOTIC: [8] Undefined index:  C:\wamp64\www\TGW\origin\Application\Home\Controller\IndexController.class.php 第 12 行.

[ 2017-04-30T00:22:11+08:00 ] ::1 /TGW/origin/index.php
INFO: [ app_init ] --START--
INFO: Run Behavior\BuildLiteBehavior [ RunTime:0.000021s ]
INFO: [ app_init ] --END-- [ RunTime:0.000387s ]
INFO: [ app_begin ] --START--
INFO: Run Behavior\ReadHtmlCacheBehavior [ RunTime:0.000596s ]
INFO: [ app_begin ] --END-- [ RunTime:0.000702s ]
NOTIC: [2048] Declaration of Home\Controller\IndexController::error() should be compatible with Think\Controller::error($message = '', $jumpUrl = '', $ajax = false) C:\wamp64\www\TGW\origin\Application\Home\Controller\IndexController.class.php 第 81 行.
NOTIC: [2048] Declaration of Common\Model\MenuModel::find() should be compatible with Think\Model::find($options = Array) C:\wamp64\www\TGW\origin\Application\Common\Model\MenuModel.class.php 第 5 行.
SQL: SHOW COLUMNS FROM `menu` [ RunTime:0.0006s ]
SQL: SELECT * FROM `menu` WHERE `status` = 1 AND `type` = 0 ORDER BY listorder desc , menu_id desc  [ RunTime:0.0003s ]
NOTIC: [2048] Declaration of Common\Model\PositionContentModel::find() should be compatible with Think\Model::find($options = Array) C:\wamp64\www\TGW\origin\Application\Common\Model\PositionContentModel.class.php 第 104 行.
SQL: SHOW COLUMNS FROM `position_content` [ RunTime:0.0004s ]
NOTIC: [8] Undefined index: title C:\wamp64\www\TGW\origin\Application\Common\Model\PositionContentModel.class.php 第 29 行.
SQL: SELECT * FROM `position_content` WHERE `status` = 1 AND `position_id` = 8 ORDER BY listorder desc,id desc LIMIT 4   [ RunTime:0.0003s ]

[ 2017-04-30T00:22:48+08:00 ] ::1 /TGW/origin/index.php
INFO: [ app_init ] --START--
INFO: Run Behavior\BuildLiteBehavior [ RunTime:0.000024s ]
INFO: [ app_init ] --END-- [ RunTime:0.000445s ]
INFO: [ app_begin ] --START--
INFO: Run Behavior\ReadHtmlCacheBehavior [ RunTime:0.000745s ]
INFO: [ app_begin ] --END-- [ RunTime:0.000884s ]
NOTIC: [2048] Declaration of Home\Controller\IndexController::error() should be compatible with Think\Controller::error($message = '', $jumpUrl = '', $ajax = false) C:\wamp64\www\TGW\origin\Application\Home\Controller\IndexController.class.php 第 81 行.
NOTIC: [2048] Declaration of Common\Model\MenuModel::find() should be compatible with Think\Model::find($options = Array) C:\wamp64\www\TGW\origin\Application\Common\Model\MenuModel.class.php 第 5 行.
SQL: SHOW COLUMNS FROM `menu` [ RunTime:0.0008s ]
SQL: SELECT * FROM `menu` WHERE `status` = 1 AND `type` = 0 ORDER BY listorder desc , menu_id desc  [ RunTime:0.0003s ]
NOTIC: [2048] Declaration of Common\Model\PositionContentModel::find() should be compatible with Think\Model::find($options = Array) C:\wamp64\www\TGW\origin\Application\Common\Model\PositionContentModel.class.php 第 104 行.
SQL: SHOW COLUMNS FROM `position_content` [ RunTime:0.0004s ]
NOTIC: [8] Undefined index: title C:\wamp64\www\TGW\origin\Application\Common\Model\PositionContentModel.class.php 第 29 行.
SQL: SELECT * FROM `position_content` WHERE `status` = 1 AND `position_id` = 8 ORDER BY listorder desc,id desc LIMIT 4   [ RunTime:0.0003s ]

[ 2017-04-30T00:25:49+08:00 ] ::1 /TGW/origin/index.php
INFO: [ app_init ] --START--
INFO: Run Behavior\BuildLiteBehavior [ RunTime:0.000021s ]
INFO: [ app_init ] --END-- [ RunTime:0.000559s ]
INFO: [ app_begin ] --START--
INFO: Run Behavior\ReadHtmlCacheBehavior [ RunTime:0.000564s ]
INFO: [ app_begin ] --END-- [ RunTime:0.000726s ]
NOTIC: [2048] Declaration of Home\Controller\IndexController::error() should be compatible with Think\Controller::error($message = '', $jumpUrl = '', $ajax = false) C:\wamp64\www\TGW\origin\Application\Home\Controller\IndexController.class.php 第 82 行.
NOTIC: [2048] Declaration of Common\Model\MenuModel::find() should be compatible with Think\Model::find($options = Array) C:\wamp64\www\TGW\origin\Application\Common\Model\MenuModel.class.php 第 5 行.
SQL: SHOW COLUMNS FROM `menu` [ RunTime:0.0008s ]
SQL: SELECT * FROM `menu` WHERE `status` = 1 AND `type` = 0 ORDER BY listorder desc , menu_id desc  [ RunTime:0.0006s ]
NOTIC: [2048] Declaration of Common\Model\PositionContentModel::find() should be compatible with Think\Model::find($options = Array) C:\wamp64\www\TGW\origin\Application\Common\Model\PositionContentModel.class.php 第 104 行.
SQL: SHOW COLUMNS FROM `position_content` [ RunTime:0.0009s ]
NOTIC: [8] Undefined index: title C:\wamp64\www\TGW\origin\Application\Common\Model\PositionContentModel.class.php 第 29 行.
SQL: SELECT * FROM `position_content` WHERE `status` = 1 AND `position_id` = 8 ORDER BY listorder desc,id desc LIMIT 4   [ RunTime:0.0005s ]
INFO: [ view_parse ] --START--
INFO: [ template_filter ] --START--
INFO: Run Behavior\ContentReplaceBehavior [ RunTime:0.000122s ]
INFO: [ template_filter ] --END-- [ RunTime:0.000227s ]
NOTIC: [8] Undefined index: title C:\wamp64\www\TGW\origin\Application\Runtime\Cache\Home\2a94b8bda04ff446dcedd42276fc99ee.php 第 171 行.
INFO: Run Behavior\ParseTemplateBehavior [ RunTime:0.042349s ]
INFO: [ view_parse ] --END-- [ RunTime:0.042466s ]
INFO: [ view_filter ] --START--
INFO: Run Behavior\WriteHtmlCacheBehavior [ RunTime:0.000380s ]
INFO: [ view_filter ] --END-- [ RunTime:0.000466s ]
INFO: [ app_end ] --START--
INFO: Run Behavior\ShowPageTraceBehavior [ RunTime:0.000849s ]
INFO: [ app_end ] --END-- [ RunTime:0.001010s ]

